Change Component Designator: Old Designator=C1_pwr New Designator=C15
Change Component Designator: Old Designator=C2_pwr New Designator=C16
Change Component Designator: Old Designator=C3_pwr New Designator=C17
Change Component Designator: Old Designator=C4_pwr New Designator=C18
Change Component Designator: Old Designator=C5_pwr New Designator=C19
Change Component Designator: Old Designator=C6_pwr New Designator=C20
Change Component Designator: Old Designator=C7_pwr New Designator=C21
Change Component Designator: Old Designator=C8_pwr New Designator=C22
Change Component Designator: Old Designator=C9_pwr New Designator=C23
Change Component Designator: Old Designator=C10_pwr New Designator=C24
Change Component Designator: Old Designator=D1_pwr New Designator=D2
Change Component Designator: Old Designator=D2_pwr New Designator=D3
Change Component Designator: Old Designator=J1_pwr New Designator=J20
Change Component Designator: Old Designator=J2_pwr New Designator=J21
Change Component Designator: Old Designator=J3_pwr New Designator=J22
Change Component Designator: Old Designator=J4_pwr New Designator=J23
Change Component Designator: Old Designator=J5_pwr New Designator=J24
Change Component Designator: Old Designator=J6_pwr New Designator=J25
Change Component Designator: Old Designator=L1_pwr New Designator=L1
Change Component Designator: Old Designator=L2_pwr New Designator=L2
Change Component Designator: Old Designator=R1_pwr New Designator=R33
Change Component Designator: Old Designator=R2_pwr New Designator=R34
Change Component Designator: Old Designator=R3_pwr New Designator=R35
Change Component Designator: Old Designator=R4_pwr New Designator=R36
Change Component Designator: Old Designator=R5_pwr New Designator=R37
Change Component Designator: Old Designator=R6_pwr New Designator=R38
Change Component Designator: Old Designator=R7_pwr New Designator=R39
Change Component Designator: Old Designator=R8_pwr New Designator=R40
Change Component Designator: Old Designator=R9_pwr New Designator=R41
Change Component Designator: Old Designator=R10_pwr New Designator=R42
Change Component Designator: Old Designator=R11_pwr New Designator=R43
Change Component Designator: Old Designator=R12_pwr New Designator=R44
Change Component Designator: Old Designator=U1_pwr New Designator=U3
Change Component Designator: Old Designator=U1_pwr New Designator=U3
Change Component Designator: Old Designator=U2_pwr New Designator=U4
Change Component Designator: Old Designator=U3_pwr New Designator=U5
