Change Component Designator: Old Designator=C11_pwr New Designator=C25
Change Component Designator: Old Designator=C12_pwr New Designator=C26
Change Component Designator: Old Designator=C13_pwr New Designator=C27
Change Component Designator: Old Designator=C14_pwr New Designator=C28
Change Component Designator: Old Designator=C15_pwr New Designator=C29
Change Component Designator: Old Designator=C16_pwr New Designator=C30
Change Component Designator: Old Designator=C17_pwr New Designator=C31
Change Component Designator: Old Designator=C18_pwr New Designator=C32
Change Component Designator: Old Designator=C19_pwr New Designator=C33
Change Component Designator: Old Designator=C20_pwr New Designator=C34
Change Component Designator: Old Designator=F1_pwr New Designator=F1
Change Component Designator: Old Designator=F2_pwr New Designator=F2
Change Component Designator: Old Designator=J7_pwr New Designator=J26
Change Component Designator: Old Designator=J8_pwr New Designator=J27
Change Component Designator: Old Designator=J9_pwr New Designator=J28
Change Component Designator: Old Designator=J10_pwr New Designator=J29
Change Component Designator: Old Designator=L3_pwr New Designator=L3
Change Component Designator: Old Designator=L4_pwr New Designator=L4
Change Component Designator: Old Designator=Q1_pwr New Designator=Q3
Change Component Designator: Old Designator=Q2_pwr New Designator=Q4
Change Component Designator: Old Designator=U1_pwr New Designator=U3
Change Component Designator: Old Designator=Z1_pwr New Designator=Z1
Change Component Designator: Old Designator=Z2_pwr New Designator=Z2
