Change Component Designator: Old Designator=C1_src New Designator=C1
Change Component Designator: Old Designator=C2_src New Designator=C2
Change Component Designator: Old Designator=C3_src New Designator=C3
Change Component Designator: Old Designator=C4_src New Designator=C4
Change Component Designator: Old Designator=C5_src New Designator=C5
Change Component Designator: Old Designator=C6_src New Designator=C6
Change Component Designator: Old Designator=C7_src New Designator=C7
Change Component Designator: Old Designator=C8_src New Designator=C8
Change Component Designator: Old Designator=C9_src New Designator=C9
Change Component Designator: Old Designator=C10_src New Designator=C10
Change Component Designator: Old Designator=C11_src New Designator=C11
Change Component Designator: Old Designator=D1_src New Designator=D1
Change Component Designator: Old Designator=IC1_src New Designator=IC1
Change Component Designator: Old Designator=IC2_src New Designator=IC2
Change Component Designator: Old Designator=J1_src New Designator=J1
Change Component Designator: Old Designator=J2_src New Designator=J2
Change Component Designator: Old Designator=J3_src New Designator=J3
Change Component Designator: Old Designator=R1_src New Designator=R1
Change Component Designator: Old Designator=R2_src New Designator=R2
Change Component Designator: Old Designator=R3_src New Designator=R3
Change Component Designator: Old Designator=R4_src New Designator=R4
Change Component Designator: Old Designator=R5_src New Designator=R5
Change Component Designator: Old Designator=R6_src New Designator=R6
Change Component Designator: Old Designator=R7_src New Designator=R7
Change Component Designator: Old Designator=R8_src New Designator=R8
Change Component Designator: Old Designator=R9_src New Designator=R9
Change Component Designator: Old Designator=R10_src New Designator=R10
Change Component Designator: Old Designator=R11_src New Designator=R11
Change Component Designator: Old Designator=R12_src New Designator=R12
Change Component Designator: Old Designator=R13_src New Designator=R13
Change Component Designator: Old Designator=U1_src New Designator=U1
Change Component Designator: Old Designator=U2_src New Designator=U2
