Change Component Designator: Old Designator=C4 New Designator=C1_src
Change Component Designator: Old Designator=C5 New Designator=C2_src
Change Component Designator: Old Designator=C6 New Designator=C3_src
Change Component Designator: Old Designator=C7 New Designator=C4_src
Change Component Designator: Old Designator=C8 New Designator=C5_src
Change Component Designator: Old Designator=C9 New Designator=C6_src
Change Component Designator: Old Designator=C10 New Designator=C7_src
Change Component Designator: Old Designator=C11 New Designator=C8_src
Change Component Designator: Old Designator=C12 New Designator=C9_src
Change Component Designator: Old Designator=C13 New Designator=C10_src
Change Component Designator: Old Designator=C14 New Designator=C11_src
Change Component Designator: Old Designator=D1 New Designator=D1_src
Change Component Designator: Old Designator=IC1 New Designator=IC1_src
Change Component Designator: Old Designator=IC2 New Designator=IC2_src
Change Component Designator: Old Designator=J16 New Designator=J2_src
Change Component Designator: Old Designator=J17 New Designator=J3_src
Change Component Designator: Old Designator=J19 New Designator=J1_src
Change Component Designator: Old Designator=R20 New Designator=R1_src
Change Component Designator: Old Designator=R21 New Designator=R2_src
Change Component Designator: Old Designator=R22 New Designator=R3_src
Change Component Designator: Old Designator=R23 New Designator=R4_src
Change Component Designator: Old Designator=R24 New Designator=R5_src
Change Component Designator: Old Designator=R25 New Designator=R6_src
Change Component Designator: Old Designator=R26 New Designator=R7_src
Change Component Designator: Old Designator=R27 New Designator=R8_src
Change Component Designator: Old Designator=R28 New Designator=R9_src
Change Component Designator: Old Designator=R29 New Designator=R10_src
Change Component Designator: Old Designator=R30 New Designator=R11_src
Change Component Designator: Old Designator=R31 New Designator=R12_src
Change Component Designator: Old Designator=R32 New Designator=R13_src
Change Component Designator: Old Designator=U1 New Designator=U1_src
Change Component Designator: Old Designator=U2 New Designator=U2_src
