Removed Pin From Net: NetName=NetC1_2 Pin=Q3-1
Removed Pin From Net: NetName=NetJ2_1 Pin=Q3-2
Removed Pin From Net: NetName=NetJ3_1 Pin=Q3-7_8
Change Component Designator: OldDesignator=C1 NewDesignator=C12
Change Component Designator: OldDesignator=C1_pwr NewDesignator=C25
Change Component Designator: OldDesignator=C2 NewDesignator=C13
Change Component Designator: OldDesignator=C2_pwr NewDesignator=C26
Change Component Designator: OldDesignator=C3 NewDesignator=C14
Change Component Designator: OldDesignator=C3_pwr NewDesignator=C27
Change Component Designator: OldDesignator=C4 NewDesignator=C1
Change Component Designator: OldDesignator=C4_pwr NewDesignator=C28
Change Component Designator: OldDesignator=C5 NewDesignator=C2
Change Component Designator: OldDesignator=C5_pwr NewDesignator=C29
Change Component Designator: OldDesignator=C6 NewDesignator=C3
Change Component Designator: OldDesignator=C6_pwr NewDesignator=C30
Change Component Designator: OldDesignator=C7 NewDesignator=C4
Change Component Designator: OldDesignator=C7_pwr NewDesignator=C31
Change Component Designator: OldDesignator=C8 NewDesignator=C5
Change Component Designator: OldDesignator=C8_pwr NewDesignator=C32
Change Component Designator: OldDesignator=C9 NewDesignator=C6
Change Component Designator: OldDesignator=C9_pwr NewDesignator=C33
Change Component Designator: OldDesignator=C10 NewDesignator=C7
Change Component Designator: OldDesignator=C10_pwr NewDesignator=C34
Change Component Designator: OldDesignator=C11 NewDesignator=C8
Change Component Designator: OldDesignator=C11_pwr NewDesignator=C15
Change Component Designator: OldDesignator=C12 NewDesignator=C9
Change Component Designator: OldDesignator=C12_pwr NewDesignator=C16
Change Component Designator: OldDesignator=C13 NewDesignator=C10
Change Component Designator: OldDesignator=C13_pwr NewDesignator=C17
Change Component Designator: OldDesignator=C14 NewDesignator=C11
Change Component Designator: OldDesignator=C14_pwr NewDesignator=C18
Change Component Designator: OldDesignator=C15_pwr NewDesignator=C19
Change Component Designator: OldDesignator=C16_pwr NewDesignator=C20
Change Component Designator: OldDesignator=C17_pwr NewDesignator=C21
Change Component Designator: OldDesignator=C18_pwr NewDesignator=C22
Change Component Designator: OldDesignator=C19_pwr NewDesignator=C23
Change Component Designator: OldDesignator=C20_pwr NewDesignator=C24
Change Component Designator: OldDesignator=D1_pwr NewDesignator=D2
Change Component Designator: OldDesignator=D2_pwr NewDesignator=D3
Change Component Designator: OldDesignator=F1_pwr NewDesignator=F1
Change Component Designator: OldDesignator=F2_pwr NewDesignator=F2
Change Component Designator: OldDesignator=J1 NewDesignator=J5
Change Component Designator: OldDesignator=J1_pwr NewDesignator=J23
Change Component Designator: OldDesignator=J2 NewDesignator=J6
Change Component Designator: OldDesignator=J2_pwr NewDesignator=J24
Change Component Designator: OldDesignator=J3 NewDesignator=J7
Change Component Designator: OldDesignator=J3_pwr NewDesignator=J25
Change Component Designator: OldDesignator=J4 NewDesignator=J8
Change Component Designator: OldDesignator=J4_pwr NewDesignator=J26
Change Component Designator: OldDesignator=J5 NewDesignator=J9
Change Component Designator: OldDesignator=J5_pwr NewDesignator=J27
Change Component Designator: OldDesignator=J6 NewDesignator=J10
Change Component Designator: OldDesignator=J6_pwr NewDesignator=J28
Change Component Designator: OldDesignator=J7 NewDesignator=J11
Change Component Designator: OldDesignator=J7_pwr NewDesignator=J19
Change Component Designator: OldDesignator=J8 NewDesignator=J12
Change Component Designator: OldDesignator=J8_pwr NewDesignator=J20
Change Component Designator: OldDesignator=J9 NewDesignator=J13
Change Component Designator: OldDesignator=J9_pwr NewDesignator=J21
Change Component Designator: OldDesignator=J10_pwr NewDesignator=J22
Change Component Designator: OldDesignator=J11 NewDesignator=J14
Change Component Designator: OldDesignator=J12 NewDesignator=J15
Change Component Designator: OldDesignator=J13 NewDesignator=J16
Change Component Designator: OldDesignator=J14 NewDesignator=J17
Change Component Designator: OldDesignator=J15 NewDesignator=J18
Change Component Designator: OldDesignator=J16 NewDesignator=J1
Change Component Designator: OldDesignator=J17 NewDesignator=J2
Change Component Designator: OldDesignator=J18 NewDesignator=J4
Change Component Designator: OldDesignator=J19 NewDesignator=J3
Change Component Designator: OldDesignator=L1_pwr NewDesignator=L3
Change Component Designator: OldDesignator=L2_pwr NewDesignator=L4
Change Component Designator: OldDesignator=L3_pwr NewDesignator=L1
Change Component Designator: OldDesignator=L4_pwr NewDesignator=L2
Change Component Designator: OldDesignator=Q1_pwr NewDesignator=Q6
Change Component Designator: OldDesignator=Q2_pwr NewDesignator=Q7
Change Component Designator: OldDesignator=Q3 NewDesignator=Q4
Change Component Designator: OldDesignator=Q4 NewDesignator=Q5
Change Component Designator: OldDesignator=R1 NewDesignator=R14
Change Component Designator: OldDesignator=R1_pwr NewDesignator=R33
Change Component Designator: OldDesignator=R2 NewDesignator=R15
Change Component Designator: OldDesignator=R2_pwr NewDesignator=R34
Change Component Designator: OldDesignator=R3 NewDesignator=R16
Change Component Designator: OldDesignator=R3_pwr NewDesignator=R35
Change Component Designator: OldDesignator=R4 NewDesignator=R17
Change Component Designator: OldDesignator=R4_pwr NewDesignator=R36
Change Component Designator: OldDesignator=R5 NewDesignator=R18
Change Component Designator: OldDesignator=R5_pwr NewDesignator=R37
Change Component Designator: OldDesignator=R6 NewDesignator=R19
Change Component Designator: OldDesignator=R6_pwr NewDesignator=R38
Change Component Designator: OldDesignator=R7 NewDesignator=R20
Change Component Designator: OldDesignator=R7_pwr NewDesignator=R39
Change Component Designator: OldDesignator=R8 NewDesignator=R21
Change Component Designator: OldDesignator=R8_pwr NewDesignator=R40
Change Component Designator: OldDesignator=R9 NewDesignator=R22
Change Component Designator: OldDesignator=R9_pwr NewDesignator=R41
Change Component Designator: OldDesignator=R10 NewDesignator=R23
Change Component Designator: OldDesignator=R10_pwr NewDesignator=R42
Change Component Designator: OldDesignator=R11 NewDesignator=R24
Change Component Designator: OldDesignator=R11_pwr NewDesignator=R43
Change Component Designator: OldDesignator=R12 NewDesignator=R25
Change Component Designator: OldDesignator=R12_pwr NewDesignator=R44
Change Component Designator: OldDesignator=R13 NewDesignator=R26
Change Component Designator: OldDesignator=R14 NewDesignator=R27
Change Component Designator: OldDesignator=R15 NewDesignator=R28
Change Component Designator: OldDesignator=R16 NewDesignator=R29
Change Component Designator: OldDesignator=R17 NewDesignator=R30
Change Component Designator: OldDesignator=R18 NewDesignator=R31
Change Component Designator: OldDesignator=R19 NewDesignator=R32
Change Component Designator: OldDesignator=R20 NewDesignator=R1
Change Component Designator: OldDesignator=R21 NewDesignator=R2
Change Component Designator: OldDesignator=R22 NewDesignator=R3
Change Component Designator: OldDesignator=R23 NewDesignator=R4
Change Component Designator: OldDesignator=R24 NewDesignator=R5
Change Component Designator: OldDesignator=R25 NewDesignator=R6
Change Component Designator: OldDesignator=R26 NewDesignator=R7
Change Component Designator: OldDesignator=R27 NewDesignator=R8
Change Component Designator: OldDesignator=R28 NewDesignator=R9
Change Component Designator: OldDesignator=R29 NewDesignator=R10
Change Component Designator: OldDesignator=R30 NewDesignator=R11
Change Component Designator: OldDesignator=R31 NewDesignator=R12
Change Component Designator: OldDesignator=R32 NewDesignator=R13
Change Component Designator: OldDesignator=U1_pwr NewDesignator=U3
Change Component Designator: OldDesignator=U2_pwr NewDesignator=U4
Change Component Designator: OldDesignator=U3_pwr NewDesignator=U5
Change Component Designator: OldDesignator=Z1_pwr NewDesignator=Z1
Change Component Designator: OldDesignator=Z2_pwr NewDesignator=Z2
Added Component: Designator=Q3(TRANS_BUK9K18-40E,115)
Add component (AddParameter): Name = "ComponentLink1Description"; Value = "Datasheet"; VariantName = "[No Variations]"
Add component (AddParameter): Name = "ComponentLink1URL"; Value = "https://assets.nexperia.com/documents/data-sheet/PHPT610030NPK.pdf"; VariantName = "[No Variations]"
Add component (AddParameter): Name = "ComponentLink2Description"; Value = "Supplier"; VariantName = "[No Variations]"
Add component (AddParameter): Name = "ComponentLink2URL"; Value = "https://hr.mouser.com/ProductDetail/Nexperia/PHPT610030NPKX?qs=%252BRKXB2WKlSeoXKhT5DAScw%3D%3D"; VariantName = "[No Variations]"
Added Pin To Net: NetName=NetC1_2 Pin=Q3-1
Added Pin To Net: NetName=NetJ2_1 Pin=Q3-2
Added Pin To Net: NetName=NetJ3_1 Pin=Q3-7_8
Change Net Name : Old Net Name=NetC1_1 New Net Name=NetC12_1
Change Net Name : Old Net Name=NetC1_2 New Net Name=NetC12_2
Change Net Name : Old Net Name=NetC2_1 New Net Name=NetC13_1
Change Net Name : Old Net Name=NetC2_pwr_1 New Net Name=NetC26_1
Change Net Name : Old Net Name=NetC2_pwr_2 New Net Name=NetC26_2
Change Net Name : Old Net Name=NetC3_1 New Net Name=NetC14_1
Change Net Name : Old Net Name=NetC3_2 New Net Name=NetC14_2
Change Net Name : Old Net Name=NetC9_pwr_1 New Net Name=NetC33_1
Change Net Name : Old Net Name=NetC9_pwr_2 New Net Name=NetC33_2
Change Net Name : Old Net Name=NetC14_1 New Net Name=NetC11_1
Change Net Name : Old Net Name=NetD1_pwr_2 New Net Name=NetD2_2
Change Net Name : Old Net Name=NetD2_pwr_1 New Net Name=NetD3_1
Change Net Name : Old Net Name=NetF1_pwr_1 New Net Name=NetF1_1
Change Net Name : Old Net Name=NetF1_pwr_2 New Net Name=NetF1_2
Change Net Name : Old Net Name=NetF2_pwr_1 New Net Name=NetF2_1
Change Net Name : Old Net Name=NetF2_pwr_2 New Net Name=NetF2_2
Change Net Name : Old Net Name=NetJ2_1 New Net Name=NetJ6_1
Change Net Name : Old Net Name=NetJ3_1 New Net Name=NetJ7_1
Change Net Name : Old Net Name=NetJ4_1 New Net Name=NetJ8_1
Change Net Name : Old Net Name=NetJ7_1 New Net Name=NetJ11_1
Change Net Name : Old Net Name=NetJ8_1 New Net Name=NetJ4_4
Change Net Name : Old Net Name=NetJ12_1 New Net Name=NetJ15_1
Change Net Name : Old Net Name=NetJ13_1 New Net Name=NetJ16_1
Change Net Name : Old Net Name=NetJ15_1 New Net Name=NetJ18_1
Change Net Name : Old Net Name=NetJ16_1 New Net Name=NetJ1_1
Change Net Name : Old Net Name=NetJ16_3 New Net Name=NetJ1_3
Change Net Name : Old Net Name=NetJ16_5 New Net Name=NetJ1_5
Change Net Name : Old Net Name=NetJ16_9 New Net Name=NetJ1_9
Change Net Name : Old Net Name=NetJ16_11 New Net Name=NetJ1_11
Change Net Name : Old Net Name=NetJ16_13 New Net Name=NetJ1_13
Change Net Name : Old Net Name=NetJ18_2 New Net Name=NetJ4_2
Change Net Name : Old Net Name=NetL3_pwr_1 New Net Name=NetL1_1
Change Net Name : Old Net Name=NetL4_pwr_2 New Net Name=NetL2_2
Change Net Name : Old Net Name=NetR1_1 New Net Name=NetR14_1
Change Net Name : Old Net Name=NetR1_pwr_1 New Net Name=NetR33_1
Change Net Name : Old Net Name=NetR6_pwr_2 New Net Name=NetR38_2
Change Net Name : Old Net Name=NetR7_pwr_1 New Net Name=NetR39_1
Change Net Name : Old Net Name=NetR11_2 New Net Name=NetR24_2
Change Net Name : Old Net Name=NetR11_pwr_1 New Net Name=NetR43_1
Change Net Name : Old Net Name=NetR12_2 New Net Name=NetR25_2
Change Net Name : Old Net Name=NetR17_1 New Net Name=NetR30_1
Added Member To Class: ClassName=source Member=Component Q5 TIP31C
