Change Component Designator: Old Designator=C11_pwr New Designator=C15
Change Component Designator: Old Designator=C12_pwr New Designator=C16
Change Component Designator: Old Designator=C13_pwr New Designator=C17
Change Component Designator: Old Designator=C14_pwr New Designator=C18
Change Component Designator: Old Designator=C15_pwr New Designator=C19
Change Component Designator: Old Designator=C16_pwr New Designator=C20
Change Component Designator: Old Designator=C17_pwr New Designator=C21
Change Component Designator: Old Designator=C18_pwr New Designator=C22
Change Component Designator: Old Designator=C19_pwr New Designator=C23
Change Component Designator: Old Designator=C20_pwr New Designator=C24
Change Component Designator: Old Designator=F1_pwr New Designator=F1
Change Component Designator: Old Designator=F2_pwr New Designator=F2
Change Component Designator: Old Designator=J7_pwr New Designator=J19
Change Component Designator: Old Designator=J8_pwr New Designator=J20
Change Component Designator: Old Designator=J9_pwr New Designator=J21
Change Component Designator: Old Designator=J10_pwr New Designator=J22
Change Component Designator: Old Designator=L3_pwr New Designator=L1
Change Component Designator: Old Designator=L4_pwr New Designator=L2
Change Component Designator: Old Designator=Q1_pwr New Designator=Q6
Change Component Designator: Old Designator=Q2_pwr New Designator=Q7
Change Component Designator: Old Designator=U1_pwr New Designator=U3
Change Component Designator: Old Designator=Z1_pwr New Designator=Z1
Change Component Designator: Old Designator=Z2_pwr New Designator=Z2
