Change Component Designator: OldDesignator=C1_pwr NewDesignator=C15
Change Component Designator: OldDesignator=C1_src NewDesignator=C1
Change Component Designator: OldDesignator=C2_pwr NewDesignator=C16
Change Component Designator: OldDesignator=C2_src NewDesignator=C2
Change Component Designator: OldDesignator=C3_pwr NewDesignator=C17
Change Component Designator: OldDesignator=C3_src NewDesignator=C3
Change Component Designator: OldDesignator=C4_pwr NewDesignator=C18
Change Component Designator: OldDesignator=C4_src NewDesignator=C4
Change Component Designator: OldDesignator=C5_pwr NewDesignator=C19
Change Component Designator: OldDesignator=C5_src NewDesignator=C5
Change Component Designator: OldDesignator=C6_pwr NewDesignator=C20
Change Component Designator: OldDesignator=C6_src NewDesignator=C6
Change Component Designator: OldDesignator=C7_pwr NewDesignator=C21
Change Component Designator: OldDesignator=C7_src NewDesignator=C7
Change Component Designator: OldDesignator=C8_pwr NewDesignator=C22
Change Component Designator: OldDesignator=C8_src NewDesignator=C8
Change Component Designator: OldDesignator=C9_pwr NewDesignator=C23
Change Component Designator: OldDesignator=C9_src NewDesignator=C9
Change Component Designator: OldDesignator=C10_pwr NewDesignator=C24
Change Component Designator: OldDesignator=C10_src NewDesignator=C10
Change Component Designator: OldDesignator=C11_pwr NewDesignator=C25
Change Component Designator: OldDesignator=C11_src NewDesignator=C11
Change Component Designator: OldDesignator=C12_pwr NewDesignator=C26
Change Component Designator: OldDesignator=C12_src NewDesignator=C12
Change Component Designator: OldDesignator=C13_pwr NewDesignator=C27
Change Component Designator: OldDesignator=C13_src NewDesignator=C13
Change Component Designator: OldDesignator=C14_pwr NewDesignator=C28
Change Component Designator: OldDesignator=C14_src NewDesignator=C14
Change Component Designator: OldDesignator=C15_pwr NewDesignator=C29
Change Component Designator: OldDesignator=C16_pwr NewDesignator=C30
Change Component Designator: OldDesignator=C17_pwr NewDesignator=C31
Change Component Designator: OldDesignator=C18_pwr NewDesignator=C32
Change Component Designator: OldDesignator=C19_pwr NewDesignator=C33
Change Component Designator: OldDesignator=C20_pwr NewDesignator=C34
Change Component Designator: OldDesignator=D1_pwr NewDesignator=D2
Change Component Designator: OldDesignator=D1_src NewDesignator=D1
Change Component Designator: OldDesignator=D2_pwr NewDesignator=D3
Change Component Designator: OldDesignator=F1_pwr NewDesignator=F1
Change Component Designator: OldDesignator=F2_pwr NewDesignator=F2
Change Component Designator: OldDesignator=IC1_src NewDesignator=IC1
Change Component Designator: OldDesignator=IC2_src NewDesignator=IC2
Change Component Designator: OldDesignator=J1_pwr NewDesignator=J20
Change Component Designator: OldDesignator=J1_src NewDesignator=J1
Change Component Designator: OldDesignator=J2_pwr NewDesignator=J21
Change Component Designator: OldDesignator=J2_src NewDesignator=J2
Change Component Designator: OldDesignator=J3_pwr NewDesignator=J22
Change Component Designator: OldDesignator=J3_src NewDesignator=J3
Change Component Designator: OldDesignator=J4_pwr NewDesignator=J23
Change Component Designator: OldDesignator=J4_src NewDesignator=J4
Change Component Designator: OldDesignator=J5_pwr NewDesignator=J24
Change Component Designator: OldDesignator=J5_src NewDesignator=J5
Change Component Designator: OldDesignator=J6_pwr NewDesignator=J25
Change Component Designator: OldDesignator=J6_src NewDesignator=J6
Change Component Designator: OldDesignator=J7_pwr NewDesignator=J26
Change Component Designator: OldDesignator=J7_src NewDesignator=J7
Change Component Designator: OldDesignator=J8_pwr NewDesignator=J27
Change Component Designator: OldDesignator=J8_src NewDesignator=J8
Change Component Designator: OldDesignator=J9_pwr NewDesignator=J28
Change Component Designator: OldDesignator=J9_src NewDesignator=J9
Change Component Designator: OldDesignator=J10_pwr NewDesignator=J29
Change Component Designator: OldDesignator=J10_src NewDesignator=J10
Change Component Designator: OldDesignator=J11_src NewDesignator=J11
Change Component Designator: OldDesignator=J12_src NewDesignator=J12
Change Component Designator: OldDesignator=J13_src NewDesignator=J13
Change Component Designator: OldDesignator=J15_src NewDesignator=J15
Change Component Designator: OldDesignator=J16_src NewDesignator=J16
Change Component Designator: OldDesignator=J17_src NewDesignator=J17
Change Component Designator: OldDesignator=J18_src NewDesignator=J18
Change Component Designator: OldDesignator=J19_src NewDesignator=J19
Change Component Designator: OldDesignator=L1_pwr NewDesignator=L1
Change Component Designator: OldDesignator=L2_pwr NewDesignator=L2
Change Component Designator: OldDesignator=L3_pwr NewDesignator=L3
Change Component Designator: OldDesignator=L4_pwr NewDesignator=L4
Change Component Designator: OldDesignator=Q1_pwr NewDesignator=Q3
Change Component Designator: OldDesignator=Q1_src NewDesignator=Q1
Change Component Designator: OldDesignator=Q2_pwr NewDesignator=Q4
Change Component Designator: OldDesignator=Q2_src NewDesignator=Q2
Change Component Designator: OldDesignator=Q3_src NewDesignator=Q3
Change Component Designator: OldDesignator=Q4_src NewDesignator=Q2
Change Component Designator: OldDesignator=R1_pwr NewDesignator=R33
Change Component Designator: OldDesignator=R1_src NewDesignator=R1
Change Component Designator: OldDesignator=R2_pwr NewDesignator=R34
Change Component Designator: OldDesignator=R2_src NewDesignator=R2
Change Component Designator: OldDesignator=R3_pwr NewDesignator=R35
Change Component Designator: OldDesignator=R3_src NewDesignator=R3
Change Component Designator: OldDesignator=R4_pwr NewDesignator=R36
Change Component Designator: OldDesignator=R4_src NewDesignator=R4
Change Component Designator: OldDesignator=R5_pwr NewDesignator=R37
Change Component Designator: OldDesignator=R5_src NewDesignator=R5
Change Component Designator: OldDesignator=R6_pwr NewDesignator=R38
Change Component Designator: OldDesignator=R6_src NewDesignator=R6
Change Component Designator: OldDesignator=R7_pwr NewDesignator=R39
Change Component Designator: OldDesignator=R7_src NewDesignator=R7
Change Component Designator: OldDesignator=R8_pwr NewDesignator=R40
Change Component Designator: OldDesignator=R8_src NewDesignator=R8
Change Component Designator: OldDesignator=R9_pwr NewDesignator=R41
Change Component Designator: OldDesignator=R9_src NewDesignator=R9
Change Component Designator: OldDesignator=R10_pwr NewDesignator=R42
Change Component Designator: OldDesignator=R10_src NewDesignator=R10
Change Component Designator: OldDesignator=R11_pwr NewDesignator=R43
Change Component Designator: OldDesignator=R11_src NewDesignator=R11
Change Component Designator: OldDesignator=R12_pwr NewDesignator=R44
Change Component Designator: OldDesignator=R12_src NewDesignator=R12
Change Component Designator: OldDesignator=R13_src NewDesignator=R13
Change Component Designator: OldDesignator=R14_src NewDesignator=R14
Change Component Designator: OldDesignator=R15_src NewDesignator=R15
Change Component Designator: OldDesignator=R16_src NewDesignator=R16
Change Component Designator: OldDesignator=R17_src NewDesignator=R17
Change Component Designator: OldDesignator=R18_src NewDesignator=R18
Change Component Designator: OldDesignator=R19_src NewDesignator=R19
Change Component Designator: OldDesignator=R20_src NewDesignator=R20
Change Component Designator: OldDesignator=R21_src NewDesignator=R21
Change Component Designator: OldDesignator=R22_src NewDesignator=R22
Change Component Designator: OldDesignator=R23_src NewDesignator=R23
Change Component Designator: OldDesignator=R24_src NewDesignator=R24
Change Component Designator: OldDesignator=R25_src NewDesignator=R25
Change Component Designator: OldDesignator=R26_src NewDesignator=R26
Change Component Designator: OldDesignator=R27_src NewDesignator=R27
Change Component Designator: OldDesignator=R28_src NewDesignator=R28
Change Component Designator: OldDesignator=R29_src NewDesignator=R29
Change Component Designator: OldDesignator=R30_src NewDesignator=R30
Change Component Designator: OldDesignator=R31_src NewDesignator=R31
Change Component Designator: OldDesignator=R32_src NewDesignator=R32
Change Component Designator: OldDesignator=U1_pwr NewDesignator=U3
Change Component Designator: OldDesignator=U1_src NewDesignator=U1
Change Component Designator: OldDesignator=U2_pwr NewDesignator=U4
Change Component Designator: OldDesignator=U2_src NewDesignator=U2
Change Component Designator: OldDesignator=U3_pwr NewDesignator=U5
Change Component Designator: OldDesignator=Z1_pwr NewDesignator=Z1
Change Component Designator: OldDesignator=Z2_pwr NewDesignator=Z2
Added Component: Designator=J14(FP-5001-MFG)
Add component (AddParameter): Name = "Body Material"; Value = "Bronze"; VariantName = "[No Variations]"
Add component (AddParameter): Name = "Color"; Value = "Black"; VariantName = "[No Variations]"
Add component (AddParameter): Name = "Contact Material"; Value = "Bronze"; VariantName = "[No Variations]"
Add component (AddParameter): Name = "Contact Plating"; Value = "Silver"; VariantName = "[No Variations]"
Add component (AddParameter): Name = "Diameter"; Value = "2.54mm"; VariantName = "[No Variations]"
Add component (AddParameter): Name = "Flammability Rating"; Value = "UL94 V-0"; VariantName = "[No Variations]"
Add component (AddParameter): Name = "Height"; Value = "0.3inch"; VariantName = "[No Variations]"
Add component (AddParameter): Name = "Hole Diameter"; Value = "1.6mm"; VariantName = "[No Variations]"
Add component (AddParameter): Name = "Housing Color"; Value = "Black"; VariantName = "[No Variations]"
Add component (AddParameter): Name = "Inside Diameter"; Value = "1.27mm"; VariantName = "[No Variations]"
Add component (AddParameter): Name = "Insulation"; Value = "Insulated"; VariantName = "[No Variations]"
Add component (AddParameter): Name = "Insulation Material"; Value = "Nylon"; VariantName = "[No Variations]"
Add component (AddParameter): Name = "Lead Free"; Value = "Lead Free"; VariantName = "[No Variations]"
Add component (AddParameter): Name = "Length"; Value = "7.62mm"; VariantName = "[No Variations]"
Add component (AddParameter): Name = "Material"; Value = "Nylon"; VariantName = "[No Variations]"
Add component (AddParameter): Name = "Mount"; Value = "Through Hole"; VariantName = "[No Variations]"
Add component (AddParameter): Name = "Number of Contacts"; Value = "1"; VariantName = "[No Variations]"
Add component (AddParameter): Name = "Number of Ports"; Value = "1"; VariantName = "[No Variations]"
Add component (AddParameter): Name = "Orientation"; Value = "Straight"; VariantName = "[No Variations]"
Add component (AddParameter): Name = "Outside Diameter"; Value = "2.54mm"; VariantName = "[No Variations]"
Add component (AddParameter): Name = "Package Quantity"; Value = "100"; VariantName = "[No Variations]"
Add component (AddParameter): Name = "Packaging"; Value = "Bulk"; VariantName = "[No Variations]"
Add component (AddParameter): Name = "Plating"; Value = "Silver"; VariantName = "[No Variations]"
Add component (AddParameter): Name = "REACH SVHC"; Value = "No SVHC"; VariantName = "[No Variations]"
Add component (AddParameter): Name = "RoHS Compliant"; Value = "Yes"; VariantName = "[No Variations]"
Add component (AddParameter): Name = "Series"; Value = "THM"; VariantName = "[No Variations]"
Add component (AddParameter): Name = "Termination"; Value = "Through Hole"; VariantName = "[No Variations]"
Added Pin To Net: NetName=GND Pin=J14-1
Change Net Name : Old Net Name=NetC2_pwr_1 New Net Name=NetC16_1
Change Net Name : Old Net Name=NetC2_pwr_2 New Net Name=NetC16_2
Change Net Name : Old Net Name=NetC9_pwr_1 New Net Name=NetC23_1
Change Net Name : Old Net Name=NetC9_pwr_2 New Net Name=NetC23_2
Change Net Name : Old Net Name=NetC11_src_1 New Net Name=NetC11_1
Change Net Name : Old Net Name=NetC12_src_1 New Net Name=NetC12_1
Change Net Name : Old Net Name=NetC12_src_2 New Net Name=NetC12_2
Change Net Name : Old Net Name=NetC13_src_1 New Net Name=NetC13_1
Change Net Name : Old Net Name=NetC14_src_1 New Net Name=NetC14_1
Change Net Name : Old Net Name=NetC14_src_2 New Net Name=NetC14_2
Change Net Name : Old Net Name=NetD1_pwr_2 New Net Name=NetD2_2
Change Net Name : Old Net Name=NetD1_src_2 New Net Name=NetD1_2
Change Net Name : Old Net Name=NetD2_pwr_1 New Net Name=NetD3_1
Change Net Name : Old Net Name=NetF1_pwr_1 New Net Name=NetF1_1
Change Net Name : Old Net Name=NetF1_pwr_2 New Net Name=NetF1_2
Change Net Name : Old Net Name=NetF2_pwr_1 New Net Name=NetF2_1
Change Net Name : Old Net Name=NetF2_pwr_2 New Net Name=NetF2_2
Change Net Name : Old Net Name=NetIC1_src_3 New Net Name=NetIC1_3
Change Net Name : Old Net Name=NetIC2_src_3 New Net Name=NetIC2_3
Change Net Name : Old Net Name=NetJ2_src_1 New Net Name=NetJ2_1
Change Net Name : Old Net Name=NetJ2_src_3 New Net Name=NetJ2_3
Change Net Name : Old Net Name=NetJ2_src_5 New Net Name=NetJ2_5
Change Net Name : Old Net Name=NetJ2_src_9 New Net Name=NetJ2_9
Change Net Name : Old Net Name=NetJ2_src_11 New Net Name=NetJ2_11
Change Net Name : Old Net Name=NetJ2_src_13 New Net Name=NetJ2_13
Change Net Name : Old Net Name=NetJ4_src_2 New Net Name=NetJ4_2
Change Net Name : Old Net Name=NetJ4_src_4 New Net Name=NetJ4_4
Change Net Name : Old Net Name=NetJ6_src_1 New Net Name=NetJ6_1
Change Net Name : Old Net Name=NetJ7_src_1 New Net Name=NetJ7_1
Change Net Name : Old Net Name=NetJ8_src_1 New Net Name=NetJ8_1
Change Net Name : Old Net Name=NetJ11_src_1 New Net Name=NetJ11_1
Change Net Name : Old Net Name=NetJ16_src_1 New Net Name=NetJ16_1
Change Net Name : Old Net Name=NetJ17_src_1 New Net Name=NetJ17_1
Change Net Name : Old Net Name=NetJ19_src_1 New Net Name=NetJ19_1
Change Net Name : Old Net Name=NetL3_pwr_1 New Net Name=NetL3_1
Change Net Name : Old Net Name=NetL4_pwr_2 New Net Name=NetL4_2
Change Net Name : Old Net Name=NetQ2_src_1 New Net Name=NetQ2_1
Change Net Name : Old Net Name=NetQ2_src_3 New Net Name=NetQ2_3
Change Net Name : Old Net Name=NetR1_pwr_1 New Net Name=NetR33_1
Change Net Name : Old Net Name=NetR6_pwr_2 New Net Name=NetR38_2
Change Net Name : Old Net Name=NetR7_pwr_1 New Net Name=NetR39_1
Change Net Name : Old Net Name=NetR11_pwr_1 New Net Name=NetR43_1
Change Net Name : Old Net Name=NetR14_src_1 New Net Name=NetR14_1
Change Net Name : Old Net Name=NetR24_src_2 New Net Name=NetR24_2
Change Net Name : Old Net Name=NetR25_src_2 New Net Name=NetR25_2
Change Net Name : Old Net Name=NetR30_src_1 New Net Name=NetR30_1
Added Member To Class: ClassName=source Member=Component J14 5001
