Change Component Designator: Old Designator=C12_src New Designator=C12
Change Component Designator: Old Designator=C13_src New Designator=C13
Change Component Designator: Old Designator=C14_src New Designator=C14
Change Component Designator: Old Designator=J4_src New Designator=J4
Change Component Designator: Old Designator=J5_src New Designator=J5
Change Component Designator: Old Designator=J6_src New Designator=J6
Change Component Designator: Old Designator=J7_src New Designator=J7
Change Component Designator: Old Designator=J8_src New Designator=J8
Change Component Designator: Old Designator=J9_src New Designator=J9
Change Component Designator: Old Designator=J10_src New Designator=J10
Change Component Designator: Old Designator=J11_src New Designator=J11
Change Component Designator: Old Designator=J12_src New Designator=J12
Change Component Designator: Old Designator=J13_src New Designator=J13
Change Component Designator: Old Designator=J14_src New Designator=J14
Change Component Designator: Old Designator=J15_src New Designator=J15
Change Component Designator: Old Designator=J16_src New Designator=J16
Change Component Designator: Old Designator=J17_src New Designator=J17
Change Component Designator: Old Designator=J18_src New Designator=J18
Change Component Designator: Old Designator=J19_src New Designator=J19
Change Component Designator: Old Designator=Q1_src New Designator=Q1
Change Component Designator: Old Designator=Q4_src New Designator=Q2
Change Component Designator: Old Designator=R14_src New Designator=R14
Change Component Designator: Old Designator=R15_src New Designator=R15
Change Component Designator: Old Designator=R16_src New Designator=R16
Change Component Designator: Old Designator=R17_src New Designator=R17
Change Component Designator: Old Designator=R18_src New Designator=R18
Change Component Designator: Old Designator=R19_src New Designator=R19
Change Component Designator: Old Designator=R20_src New Designator=R20
Change Component Designator: Old Designator=R21_src New Designator=R21
Change Component Designator: Old Designator=R22_src New Designator=R22
Change Component Designator: Old Designator=R23_src New Designator=R23
Change Component Designator: Old Designator=R24_src New Designator=R24
Change Component Designator: Old Designator=R25_src New Designator=R25
Change Component Designator: Old Designator=R26_src New Designator=R26
Change Component Designator: Old Designator=R27_src New Designator=R27
Change Component Designator: Old Designator=R28_src New Designator=R28
Change Component Designator: Old Designator=R29_src New Designator=R29
Change Component Designator: Old Designator=R30_src New Designator=R30
Change Component Designator: Old Designator=R31_src New Designator=R31
Change Component Designator: Old Designator=R32_src New Designator=R32
Change Component Designator: Old Designator=U1_src New Designator=U1
Change Component Designator: Old Designator=U1_src New Designator=U1
Change Component Designator: Old Designator=U2_src New Designator=U2
Change Component Designator: Old Designator=U2_src New Designator=U2
