Change Component Designator: Old Designator=C1 New Designator=C12_src
Change Component Designator: Old Designator=C2 New Designator=C13_src
Change Component Designator: Old Designator=C3 New Designator=C14_src
Change Component Designator: Old Designator=J1 New Designator=J5_src
Change Component Designator: Old Designator=J2 New Designator=J6_src
Change Component Designator: Old Designator=J3 New Designator=J7_src
Change Component Designator: Old Designator=J4 New Designator=J8_src
Change Component Designator: Old Designator=J5 New Designator=J9_src
Change Component Designator: Old Designator=J6 New Designator=J10_src
Change Component Designator: Old Designator=J7 New Designator=J11_src
Change Component Designator: Old Designator=J8 New Designator=J12_src
Change Component Designator: Old Designator=J9 New Designator=J13_src
Change Component Designator: Old Designator=J10 New Designator=J14_src
Change Component Designator: Old Designator=J11 New Designator=J15_src
Change Component Designator: Old Designator=J12 New Designator=J16_src
Change Component Designator: Old Designator=J13 New Designator=J17_src
Change Component Designator: Old Designator=J14 New Designator=J18_src
Change Component Designator: Old Designator=J15 New Designator=J19_src
Change Component Designator: Old Designator=J18 New Designator=J4_src
Change Component Designator: Old Designator=Q1 New Designator=Q1_src
Change Component Designator: Old Designator=Q3 New Designator=Q2_src
Change Component Designator: Old Designator=Q4 New Designator=Q3_src
Change Component Designator: Old Designator=R1 New Designator=R14_src
Change Component Designator: Old Designator=R2 New Designator=R15_src
Change Component Designator: Old Designator=R3 New Designator=R16_src
Change Component Designator: Old Designator=R4 New Designator=R17_src
Change Component Designator: Old Designator=R5 New Designator=R18_src
Change Component Designator: Old Designator=R6 New Designator=R19_src
Change Component Designator: Old Designator=R7 New Designator=R20_src
Change Component Designator: Old Designator=R8 New Designator=R21_src
Change Component Designator: Old Designator=R9 New Designator=R22_src
Change Component Designator: Old Designator=R10 New Designator=R23_src
Change Component Designator: Old Designator=R11 New Designator=R24_src
Change Component Designator: Old Designator=R12 New Designator=R25_src
Change Component Designator: Old Designator=R13 New Designator=R26_src
Change Component Designator: Old Designator=R14 New Designator=R27_src
Change Component Designator: Old Designator=R15 New Designator=R28_src
Change Component Designator: Old Designator=R16 New Designator=R29_src
Change Component Designator: Old Designator=R17 New Designator=R30_src
Change Component Designator: Old Designator=R18 New Designator=R31_src
Change Component Designator: Old Designator=R19 New Designator=R32_src
Change Component Designator: Old Designator=U1 New Designator=U1_src
Change Component Designator: Old Designator=U1 New Designator=U1_src
Change Component Designator: Old Designator=U2 New Designator=U2_src
Change Component Designator: Old Designator=U2 New Designator=U2_src
