Add Component: Footprint Not Found SOD2613X100N
Add Component: Footprint Not Found SOD2613X100N
Add Component: Footprint Not Found FUSC3216X90N
Add Component: Footprint Not Found FUSC3216X90N
Add Component: Footprint Not Found FP-5001-MFG
Add Component: Footprint Not Found FP-5001-MFG
Add Component: Footprint Not Found FP-5001-MFG
Add Component: Footprint Not Found FP-5001-MFG
Add Component: Footprint Not Found FP-PCB_SMAFRA_HT-MFG
Add Component: Footprint Not Found FP-PCB_SMAFRA_HT-MFG
Add Component: Footprint Not Found FP-5001-MFG
Add Component: Footprint Not Found FP-5001-MFG
Add Component: Footprint Not Found FP-5001-MFG
Add Component: Footprint Not Found RESC6332X65N
Add Component: Footprint Not Found RESC6332X65N
Added Pin To Net: NetName=GND Pin=C1_pwr-1
Added Pin To Net: NetName=GND Pin=C3_pwr-1
Added Pin To Net: NetName=VCC Pin=C3_pwr-2
Added Pin To Net: NetName=GND Pin=C4_pwr-1
Added Pin To Net: NetName=VCC_LDO_OUT Pin=C4_pwr-2
Added Pin To Net: NetName=GND Pin=C5_pwr-1
Added Pin To Net: NetName=VCC_LDO_OUT Pin=C5_pwr-2
Added Pin To Net: NetName=GND Pin=C6_pwr-1
Added Pin To Net: NetName=VDD Pin=C6_pwr-2
Added Pin To Net: NetName=GND Pin=C7_pwr-1
Added Pin To Net: NetName=VDD_LDO_OUT Pin=C7_pwr-2
Added Pin To Net: NetName=GND Pin=C8_pwr-1
Added Pin To Net: NetName=VDD_LDO_OUT Pin=C8_pwr-2
Added Pin To Net: NetName=GND Pin=C10_pwr-1
Added Pin To Net: NetName=GND Pin=C11_pwr-2
Added Pin To Net: NetName=VCC Pin=C12_pwr-1
Added Pin To Net: NetName=GND Pin=C12_pwr-2
Added Pin To Net: NetName=VCC Pin=C13_pwr-1
Added Pin To Net: NetName=GND Pin=C13_pwr-2
Added Pin To Net: NetName=GND Pin=C14_pwr-1
Added Pin To Net: NetName=VCC Pin=C14_pwr-2
Added Pin To Net: NetName=GND Pin=C15_pwr-1
Added Pin To Net: NetName=VCC Pin=C15_pwr-2
Added Pin To Net: NetName=GND Pin=C16_pwr-1
Added Pin To Net: NetName=VDD Pin=C16_pwr-2
Added Pin To Net: NetName=GND Pin=C17_pwr-1
Added Pin To Net: NetName=VDD Pin=C17_pwr-2
Added Pin To Net: NetName=VDD Pin=C18_pwr-1
Added Pin To Net: NetName=GND Pin=C18_pwr-2
Added Pin To Net: NetName=VDD Pin=C19_pwr-1
Added Pin To Net: NetName=GND Pin=C19_pwr-2
Added Pin To Net: NetName=GND Pin=C20_pwr-1
Add Pin To Net: Unknown Pin: Pin D1_conn-2
Added Pin To Net: NetName=GND Pin=D1_pwr-1
Add Pin To Net: Unknown Pin: Pin D2_conn-2
Added Pin To Net: NetName=GND Pin=D2_pwr-2
Added Pin To Net: NetName=VCC_LDO_OUT Pin=J2_pwr-1
Added Pin To Net: NetName=VCC_LDO_OUT Pin=J3_pwr-2
Added Pin To Net: NetName=VCC Pin=J3_pwr-3
Added Pin To Net: NetName=VDD Pin=J4_pwr-1
Added Pin To Net: NetName=VDD_LDO_OUT Pin=J4_pwr-2
Add Pin To Net: Unknown Pin: Pin J5_conn-2
Add Pin To Net: Unknown Pin: Pin J5_conn-3
Add Pin To Net: Unknown Pin: Pin J5_conn-4
Add Pin To Net: Unknown Pin: Pin J5_conn-5
Added Pin To Net: NetName=VDD_LDO_OUT Pin=J5_pwr-1
Add Pin To Net: Unknown Pin: Pin J6_conn-2
Add Pin To Net: Unknown Pin: Pin J6_conn-3
Add Pin To Net: Unknown Pin: Pin J6_conn-4
Add Pin To Net: Unknown Pin: Pin J6_conn-5
Add Pin To Net: Unknown Pin: Pin J7_conn-1
Added Pin To Net: NetName=VCC Pin=J7_pwr-1
Add Pin To Net: Unknown Pin: Pin J8_conn-1
Added Pin To Net: NetName=GND Pin=J8_pwr-1
Added Pin To Net: NetName=GND Pin=J9_pwr-2
Added Pin To Net: NetName=VDD Pin=J10_pwr-1
Add Pin To Net: Unknown Pin: Pin J14_src-1
Added Pin To Net: NetName=VCC Pin=L1_pwr-1
Added Pin To Net: NetName=VDD Pin=L2_pwr-1
Added Pin To Net: NetName=VCC Pin=L3_pwr-2
Added Pin To Net: NetName=VDD Pin=L4_pwr-1
Added Pin To Net: NetName=GND Pin=Q1_pwr-1
Added Pin To Net: NetName=GND Pin=Q2_pwr-1
Add Pin To Net: Unknown Pin: Pin R1_conn-1
Add Pin To Net: Unknown Pin: Pin R2_conn-1
Added Pin To Net: NetName=VCC_LDO_OUT Pin=R2_pwr-1
Added Pin To Net: NetName=VDD_LDO_OUT Pin=R12_pwr-1
Added Pin To Net: NetName=VCC_LDO_OUT Pin=U2_pwr-1
Added Pin To Net: NetName=GND Pin=U2_pwr-2
Added Pin To Net: NetName=VCC Pin=U2_pwr-3
Added Pin To Net: NetName=VCC Pin=U2_pwr-5
Added Pin To Net: NetName=GND Pin=U3_pwr-1
Added Pin To Net: NetName=VDD Pin=U3_pwr-2
Added Pin To Net: NetName=VDD Pin=U3_pwr-3
Added Pin To Net: NetName=VDD_LDO_OUT Pin=U3_pwr-5
Added Pin To Net: NetName=VCC Pin=Z1_pwr-1
Added Pin To Net: NetName=GND Pin=Z1_pwr-2
Added Pin To Net: NetName=GND Pin=Z2_pwr-1
Added Pin To Net: NetName=VDD Pin=Z2_pwr-2
Added Pin To Net: NetName=NetC2_pwr_1 Pin=C2_pwr-1
Added Pin To Net: NetName=NetC2_pwr_1 Pin=R4_pwr-1
Added Pin To Net: NetName=NetC2_pwr_1 Pin=R5_pwr-2
Added Pin To Net: NetName=NetC2_pwr_1 Pin=U1_pwr-6
Added Net: Name=NetC2_pwr_1
Added Pin To Net: NetName=NetC2_pwr_2 Pin=C2_pwr-2
Added Pin To Net: NetName=NetC2_pwr_2 Pin=J1_pwr-1
Added Pin To Net: NetName=NetC2_pwr_2 Pin=R5_pwr-1
Added Pin To Net: NetName=NetC2_pwr_2 Pin=R6_pwr-1
Added Pin To Net: NetName=NetC2_pwr_2 Pin=U1_pwr-7
Added Net: Name=NetC2_pwr_2
Added Pin To Net: NetName=NetC9_pwr_1 Pin=C9_pwr-1
Added Pin To Net: NetName=NetC9_pwr_1 Pin=R8_pwr-1
Added Pin To Net: NetName=NetC9_pwr_1 Pin=R9_pwr-2
Added Pin To Net: NetName=NetC9_pwr_1 Pin=U1_pwr-2
Added Net: Name=NetC9_pwr_1
Added Pin To Net: NetName=NetC9_pwr_2 Pin=C9_pwr-2
Added Pin To Net: NetName=NetC9_pwr_2 Pin=J6_pwr-1
Added Pin To Net: NetName=NetC9_pwr_2 Pin=R7_pwr-2
Added Pin To Net: NetName=NetC9_pwr_2 Pin=R9_pwr-1
Added Pin To Net: NetName=NetC9_pwr_2 Pin=U1_pwr-1
Added Net: Name=NetC9_pwr_2
Added Net: Name=NetD1_conn_1
Added Pin To Net: NetName=NetD1_pwr_2 Pin=D1_pwr-2
Added Pin To Net: NetName=NetD1_pwr_2 Pin=R1_pwr-2
Added Pin To Net: NetName=NetD1_pwr_2 Pin=R3_pwr-2
Added Net: Name=NetD1_pwr_2
Added Net: Name=NetD2_conn_1
Added Pin To Net: NetName=NetD2_pwr_1 Pin=D2_pwr-1
Added Pin To Net: NetName=NetD2_pwr_1 Pin=R10_pwr-1
Added Pin To Net: NetName=NetD2_pwr_1 Pin=R11_pwr-2
Added Net: Name=NetD2_pwr_1
Added Net: Name=NetF1_conn_1
Added Pin To Net: NetName=NetF1_pwr_1 Pin=F1_pwr-1
Added Pin To Net: NetName=NetF1_pwr_1 Pin=J9_pwr-1
Added Net: Name=NetF1_pwr_1
Added Pin To Net: NetName=NetF1_pwr_2 Pin=F1_pwr-2
Added Pin To Net: NetName=NetF1_pwr_2 Pin=Q1_pwr-3
Added Net: Name=NetF1_pwr_2
Added Net: Name=NetF2_conn_1
Added Pin To Net: NetName=NetF2_pwr_1 Pin=F2_pwr-1
Added Pin To Net: NetName=NetF2_pwr_1 Pin=J9_pwr-3
Added Net: Name=NetF2_pwr_1
Added Pin To Net: NetName=NetF2_pwr_2 Pin=F2_pwr-2
Added Pin To Net: NetName=NetF2_pwr_2 Pin=Q2_pwr-3
Added Net: Name=NetF2_pwr_2
Added Pin To Net: NetName=NetL3_pwr_1 Pin=L3_pwr-1
Added Pin To Net: NetName=NetL3_pwr_1 Pin=Q1_pwr-2
Added Net: Name=NetL3_pwr_1
Added Pin To Net: NetName=NetL4_pwr_2 Pin=L4_pwr-2
Added Pin To Net: NetName=NetL4_pwr_2 Pin=Q2_pwr-2
Added Net: Name=NetL4_pwr_2
Added Pin To Net: NetName=NetR1_pwr_1 Pin=R1_pwr-1
Added Pin To Net: NetName=NetR1_pwr_1 Pin=R2_pwr-2
Added Pin To Net: NetName=NetR1_pwr_1 Pin=U1_pwr-5
Added Net: Name=NetR1_pwr_1
Added Pin To Net: NetName=NetR6_pwr_2 Pin=R6_pwr-2
Added Pin To Net: NetName=NetR6_pwr_2 Pin=U2_pwr-4
Added Net: Name=NetR6_pwr_2
Added Pin To Net: NetName=NetR7_pwr_1 Pin=R7_pwr-1
Added Pin To Net: NetName=NetR7_pwr_1 Pin=U3_pwr-4
Added Net: Name=NetR7_pwr_1
Added Pin To Net: NetName=NetR11_pwr_1 Pin=R11_pwr-1
Added Pin To Net: NetName=NetR11_pwr_1 Pin=R12_pwr-2
Added Pin To Net: NetName=NetR11_pwr_1 Pin=U1_pwr-3
Added Net: Name=NetR11_pwr_1
Added Pin To Net: NetName=VCC_filtered Pin=C1_pwr-2
Added Pin To Net: NetName=VCC_filtered Pin=C11_pwr-1
Added Pin To Net: NetName=VCC_filtered Pin=L1_pwr-2
Added Pin To Net: NetName=VCC_filtered Pin=R3_pwr-1
Added Pin To Net: NetName=VCC_filtered Pin=R4_pwr-2
Added Pin To Net: NetName=VCC_filtered Pin=U1_pwr-8
Added Net: Name=VCC_filtered
Added Pin To Net: NetName=VDD_filtered Pin=C10_pwr-2
Added Pin To Net: NetName=VDD_filtered Pin=C20_pwr-2
Added Pin To Net: NetName=VDD_filtered Pin=L2_pwr-2
Added Pin To Net: NetName=VDD_filtered Pin=R8_pwr-2
Added Pin To Net: NetName=VDD_filtered Pin=R10_pwr-2
Added Pin To Net: NetName=VDD_filtered Pin=U1_pwr-4
Added Net: Name=VDD_filtered
Added Class: Name=connectors
Added Class: Name=LDO
Added Class: Name=misc_pwr
Add Class Member: Failed to add class member : Component J14_src 5001
Added Member To Class: ClassName=source Member=Component Q3_src PHPT610030NPK
