Change Component Designator: Old Designator=C8 New Designator=C3
Change Component Designator: Old Designator=C22 New Designator=C4
Change Component Designator: Old Designator=C27 New Designator=C5
Change Component Designator: Old Designator=C28 New Designator=C6
Change Component Designator: Old Designator=C29 New Designator=C1
Change Component Designator: Old Designator=C30 New Designator=C12
Change Component Designator: Old Designator=C31 New Designator=C7
Change Component Designator: Old Designator=C32 New Designator=C8
Change Component Designator: Old Designator=C33 New Designator=C9
Change Component Designator: Old Designator=C34 New Designator=C10
Change Component Designator: Old Designator=C46 New Designator=C2
Change Component Designator: Old Designator=C47 New Designator=C11
Change Component Designator: Old Designator=D2 New Designator=D1
Change Component Designator: Old Designator=D3 New Designator=D2
Change Component Designator: Old Designator=J7 New Designator=J2
Change Component Designator: Old Designator=J15 New Designator=J3
Change Component Designator: Old Designator=J19 New Designator=J4
Change Component Designator: Old Designator=J79 New Designator=J1
Change Component Designator: Old Designator=J80 New Designator=J6
Change Component Designator: Old Designator=J81 New Designator=J5
Change Component Designator: Old Designator=L4 New Designator=L2
Change Component Designator: Old Designator=R48 New Designator=R4
Change Component Designator: Old Designator=R49 New Designator=R5
Change Component Designator: Old Designator=R50 New Designator=R3
Change Component Designator: Old Designator=R51 New Designator=R1
Change Component Designator: Old Designator=R52 New Designator=R2
Change Component Designator: Old Designator=R53 New Designator=R11
Change Component Designator: Old Designator=R54 New Designator=R12
Change Component Designator: Old Designator=R55 New Designator=R10
Change Component Designator: Old Designator=R56 New Designator=R8
Change Component Designator: Old Designator=R57 New Designator=R9
Change Component Designator: Old Designator=R64 New Designator=R6
Change Component Designator: Old Designator=R65 New Designator=R7
Change Component Designator: Old Designator=U4 New Designator=U2
Change Component Designator: Old Designator=U5 New Designator=U1
Change Component Designator: Old Designator=U5 New Designator=U1
Change Component Designator: Old Designator=U6 New Designator=U3
