Change Component Designator: Old Designator=C1 New Designator=C1_pwr
Change Component Designator: Old Designator=C2 New Designator=C2_pwr
Change Component Designator: Old Designator=C3 New Designator=C3_pwr
Change Component Designator: Old Designator=C5 New Designator=C4_pwr
Change Component Designator: Old Designator=C6 New Designator=C5_pwr
Change Component Designator: Old Designator=C7 New Designator=C6_pwr
Change Component Designator: Old Designator=C9 New Designator=C7_pwr
Change Component Designator: Old Designator=C10 New Designator=C8_pwr
Change Component Designator: Old Designator=C11 New Designator=C9_pwr
Change Component Designator: Old Designator=C12 New Designator=C10_pwr
Change Component Designator: Old Designator=D1 New Designator=D1_pwr
Change Component Designator: Old Designator=D2 New Designator=D2_pwr
Change Component Designator: Old Designator=J1 New Designator=J1_pwr
Change Component Designator: Old Designator=J2 New Designator=J2_pwr
Change Component Designator: Old Designator=J3 New Designator=J3_pwr
Change Component Designator: Old Designator=J4 New Designator=J4_pwr
Change Component Designator: Old Designator=J5 New Designator=J5_pwr
Change Component Designator: Old Designator=J6 New Designator=J6_pwr
Change Component Designator: Old Designator=L1 New Designator=L1_pwr
Change Component Designator: Old Designator=L2 New Designator=L2_pwr
Change Component Designator: Old Designator=R1 New Designator=R1_pwr
Change Component Designator: Old Designator=R2 New Designator=R2_pwr
Change Component Designator: Old Designator=R3 New Designator=R3_pwr
Change Component Designator: Old Designator=R4 New Designator=R4_pwr
Change Component Designator: Old Designator=R5 New Designator=R5_pwr
Change Component Designator: Old Designator=R6 New Designator=R6_pwr
Change Component Designator: Old Designator=R7 New Designator=R7_pwr
Change Component Designator: Old Designator=R8 New Designator=R8_pwr
Change Component Designator: Old Designator=R9 New Designator=R9_pwr
Change Component Designator: Old Designator=R10 New Designator=R10_pwr
Change Component Designator: Old Designator=R11 New Designator=R11_pwr
Change Component Designator: Old Designator=R12 New Designator=R12_pwr
Change Component Designator: Old Designator=U1 New Designator=U1_pwr
Change Component Designator: Old Designator=U1 New Designator=U1_pwr
Change Component Designator: Old Designator=U2 New Designator=U2_pwr
Change Component Designator: Old Designator=U3 New Designator=U3_pwr
