Change Component Designator: Old Designator=C14 New Designator=C11_pwr
Change Component Designator: Old Designator=C15 New Designator=C12_pwr
Change Component Designator: Old Designator=C16 New Designator=C13_pwr
Change Component Designator: Old Designator=C17 New Designator=C14_pwr
Change Component Designator: Old Designator=C18 New Designator=C15_pwr
Change Component Designator: Old Designator=C19 New Designator=C16_pwr
Change Component Designator: Old Designator=C20 New Designator=C17_pwr
Change Component Designator: Old Designator=C21 New Designator=C18_pwr
Change Component Designator: Old Designator=C22 New Designator=C19_pwr
Change Component Designator: Old Designator=C24 New Designator=C20_pwr
Change Component Designator: Old Designator=F1 New Designator=F1_pwr
Change Component Designator: Old Designator=F2 New Designator=F2_pwr
Change Component Designator: Old Designator=J7 New Designator=J7_pwr
Change Component Designator: Old Designator=J8 New Designator=J8_pwr
Change Component Designator: Old Designator=J9 New Designator=J9_pwr
Change Component Designator: Old Designator=J10 New Designator=J10_pwr
Change Component Designator: Old Designator=L3 New Designator=L3_pwr
Change Component Designator: Old Designator=L4 New Designator=L4_pwr
Change Component Designator: Old Designator=Q1 New Designator=Q1_pwr
Change Component Designator: Old Designator=Q2 New Designator=Q2_pwr
Change Component Designator: Old Designator=U1 New Designator=U1_pwr
Change Component Designator: Old Designator=Z1 New Designator=Z1_pwr
Change Component Designator: Old Designator=Z2 New Designator=Z2_pwr
