Change Component Footprint: Designator=J? Old Footprint=FP-5001-MFG New Footprint=FP-5001-MFG
Change Component Footprint: Designator=J? Old Footprint=FP-5001-MFG New Footprint=FP-5001-MFG
Change Component Footprint: Designator=J? Old Footprint=FP-5001-MFG New Footprint=FP-5001-MFG
Change Footprint: Footprint Not Found HDRV3W64P0X254_1X3_762X254X864P
Change Footprint: Footprint Not Found HDRV3W64P0X254_1X3_762X254X864P
Change Component Designator: OldDesignator=C8 NewDesignator=C3
Change Component Designator: OldDesignator=C9 NewDesignator=C13
Change Component Designator: OldDesignator=C10 NewDesignator=C14
Change Component Designator: OldDesignator=C20 NewDesignator=C24
Change Component Designator: OldDesignator=C21 NewDesignator=C23
Change Component Designator: OldDesignator=C22 NewDesignator=C4
Change Component Designator: OldDesignator=C27 NewDesignator=C5
Change Component Designator: OldDesignator=C28 NewDesignator=C6
Change Component Designator: OldDesignator=C29 NewDesignator=C1
Change Component Designator: OldDesignator=C30 NewDesignator=C12
Change Component Designator: OldDesignator=C31 NewDesignator=C7
Change Component Designator: OldDesignator=C32 NewDesignator=C8
Change Component Designator: OldDesignator=C33 NewDesignator=C9
Change Component Designator: OldDesignator=C34 NewDesignator=C10
Change Component Designator: OldDesignator=C46 NewDesignator=C2
Change Component Designator: OldDesignator=C47 NewDesignator=C11
Change Component Designator: OldDesignator=C? NewDesignator=C15
Change Component Designator: OldDesignator=C? NewDesignator=C16
Change Component Designator: OldDesignator=C? NewDesignator=C17
Change Component Designator: OldDesignator=C? NewDesignator=C18
Change Component Designator: OldDesignator=C? NewDesignator=C19
Change Component Designator: OldDesignator=C? NewDesignator=C20
Change Component Designator: OldDesignator=C? NewDesignator=C21
Change Component Designator: OldDesignator=C? NewDesignator=C22
Change Component Designator: OldDesignator=D2 NewDesignator=D1
Change Component Designator: OldDesignator=D3 NewDesignator=D2
Change Component Designator: OldDesignator=J7 NewDesignator=J2
Change Component Designator: OldDesignator=J15 NewDesignator=J3
Change Component Designator: OldDesignator=J19 NewDesignator=J4
Change Component Designator: OldDesignator=J79 NewDesignator=J1
Change Component Designator: OldDesignator=J80 NewDesignator=J6
Change Component Designator: OldDesignator=J81 NewDesignator=J5
Change Component Designator: OldDesignator=J? NewDesignator=J7
Change Component Designator: OldDesignator=J? NewDesignator=J8
Change Component Designator: OldDesignator=J? NewDesignator=J9
Change Component Designator: OldDesignator=J? NewDesignator=J10
Change Component Designator: OldDesignator=L4 NewDesignator=L2
Change Component Designator: OldDesignator=L? NewDesignator=L3
Change Component Designator: OldDesignator=L? NewDesignator=L4
Change Component Designator: OldDesignator=Q? NewDesignator=Q1
Change Component Designator: OldDesignator=Q? NewDesignator=Q2
Change Component Designator: OldDesignator=R48 NewDesignator=R4
Change Component Designator: OldDesignator=R49 NewDesignator=R5
Change Component Designator: OldDesignator=R50 NewDesignator=R3
Change Component Designator: OldDesignator=R51 NewDesignator=R1
Change Component Designator: OldDesignator=R52 NewDesignator=R2
Change Component Designator: OldDesignator=R53 NewDesignator=R11
Change Component Designator: OldDesignator=R54 NewDesignator=R12
Change Component Designator: OldDesignator=R55 NewDesignator=R10
Change Component Designator: OldDesignator=R56 NewDesignator=R8
Change Component Designator: OldDesignator=R57 NewDesignator=R9
Change Component Designator: OldDesignator=R64 NewDesignator=R6
Change Component Designator: OldDesignator=R65 NewDesignator=R7
Change Component Designator: OldDesignator=U4 NewDesignator=U2
Change Component Designator: OldDesignator=U5 NewDesignator=U1
Change Component Designator: OldDesignator=U6 NewDesignator=U3
Added Component: Designator=F1(FUSC3216X90N)
Add component (AddParameter): Name = "Arrow Part Number"; Value = "PTS120660V005"; VariantName = "[No Variations]"
Add component (AddParameter): Name = "Arrow Price/Stock"; Value = "https://www.arrow.com/en/products/pts120660v005/eaton?region=europe"; VariantName = "[No Variations]"
Add component (AddParameter): Name = "Datasheet Link"; Value = "https://in.element14.com/eaton-bussmann-series/pts120660v005/pptc-resettable-fuse-0-05a-60vdc/dp/2929344?srsltid=AfmBOorX1B25_1GKuczfUlW7ilxwoZgl3KmxHJmMFzJpoWYAJ50DmC3S"; VariantName = "[No Variations]"
Add component (AddParameter): Name = "Height"; Value = "0.9mm"; VariantName = "[No Variations]"
Add component (AddParameter): Name = "Manufacturer_Name"; Value = "Eaton"; VariantName = "[No Variations]"
Add component (AddParameter): Name = "Manufacturer_Part_Number"; Value = "PTS12066V150"; VariantName = "[No Variations]"
Add component (AddParameter): Name = "Mouser Part Number"; Value = "504-PTS12066V150"; VariantName = "[No Variations]"
Add component (AddParameter): Name = "Mouser Price/Stock"; Value = "https://www.mouser.co.uk/ProductDetail/Eaton-Electronics/PTS120660V005?qs=QmibqUXyDhQPirhmCJ6OpQ%3D%3D"; VariantName = "[No Variations]"
Added Component: Designator=F2(FUSC3216X90N)
Add component (AddParameter): Name = "Arrow Part Number"; Value = "PTS120660V005"; VariantName = "[No Variations]"
Add component (AddParameter): Name = "Arrow Price/Stock"; Value = "https://www.arrow.com/en/products/pts120660v005/eaton?region=europe"; VariantName = "[No Variations]"
Add component (AddParameter): Name = "Datasheet Link"; Value = "https://in.element14.com/eaton-bussmann-series/pts120660v005/pptc-resettable-fuse-0-05a-60vdc/dp/2929344?srsltid=AfmBOorX1B25_1GKuczfUlW7ilxwoZgl3KmxHJmMFzJpoWYAJ50DmC3S"; VariantName = "[No Variations]"
Add component (AddParameter): Name = "Height"; Value = "0.9mm"; VariantName = "[No Variations]"
Add component (AddParameter): Name = "Manufacturer_Name"; Value = "Eaton"; VariantName = "[No Variations]"
Add component (AddParameter): Name = "Manufacturer_Part_Number"; Value = "PTS12066V150"; VariantName = "[No Variations]"
Add component (AddParameter): Name = "Mouser Part Number"; Value = "504-PTS12066V150"; VariantName = "[No Variations]"
Add component (AddParameter): Name = "Mouser Price/Stock"; Value = "https://www.mouser.co.uk/ProductDetail/Eaton-Electronics/PTS120660V005?qs=QmibqUXyDhQPirhmCJ6OpQ%3D%3D"; VariantName = "[No Variations]"
Added Component: Designator=Z1(SMF15VTFTR)
Add component (AddParameter): Name = "Arrow Part Number"; Value = ""; VariantName = "[No Variations]"
Add component (AddParameter): Name = "Arrow Price/Stock"; Value = ""; VariantName = "[No Variations]"
Add component (AddParameter): Name = "Datasheet Link"; Value = "https://fscdn.rohm.com/en/products/databook/datasheet/discrete/diode/zener/smf15vtftr-e.pdf"; VariantName = "[No Variations]"
Add component (AddParameter): Name = "Height"; Value = "0.9mm"; VariantName = "[No Variations]"
Add component (AddParameter): Name = "Manufacturer_Name"; Value = "ROHM Semiconductor"; VariantName = "[No Variations]"
Add component (AddParameter): Name = "Manufacturer_Part_Number"; Value = "SMF15VTFTR"; VariantName = "[No Variations]"
Add component (AddParameter): Name = "Mouser Part Number"; Value = "755-SMF15VTFTR"; VariantName = "[No Variations]"
Add component (AddParameter): Name = "Mouser Price/Stock"; Value = "https://www.mouser.co.uk/ProductDetail/ROHM-Semiconductor/SMF15VTFTR?qs=HXFqYaX1Q2wU8NS9uLe0xg%3D%3D"; VariantName = "[No Variations]"
Added Component: Designator=Z2(SMF15VTFTR)
Add component (AddParameter): Name = "Arrow Part Number"; Value = ""; VariantName = "[No Variations]"
Add component (AddParameter): Name = "Arrow Price/Stock"; Value = ""; VariantName = "[No Variations]"
Add component (AddParameter): Name = "Datasheet Link"; Value = "https://fscdn.rohm.com/en/products/databook/datasheet/discrete/diode/zener/smf15vtftr-e.pdf"; VariantName = "[No Variations]"
Add component (AddParameter): Name = "Height"; Value = "0.9mm"; VariantName = "[No Variations]"
Add component (AddParameter): Name = "Manufacturer_Name"; Value = "ROHM Semiconductor"; VariantName = "[No Variations]"
Add component (AddParameter): Name = "Manufacturer_Part_Number"; Value = "SMF15VTFTR"; VariantName = "[No Variations]"
Add component (AddParameter): Name = "Mouser Part Number"; Value = "755-SMF15VTFTR"; VariantName = "[No Variations]"
Add component (AddParameter): Name = "Mouser Price/Stock"; Value = "https://www.mouser.co.uk/ProductDetail/ROHM-Semiconductor/SMF15VTFTR?qs=HXFqYaX1Q2wU8NS9uLe0xg%3D%3D"; VariantName = "[No Variations]"
Add Pin To Net: Unknown Pin: Pin J3-2
Add Pin To Net: Unknown Pin: Pin J3-3
Add Pin To Net: Unknown Pin: Pin J4-2
Added Pin To Net: NetName=VCC Pin=Z1-1
Added Pin To Net: NetName=GND Pin=Z1-2
Added Pin To Net: NetName=GND Pin=Z2-1
Added Pin To Net: NetName=VDD Pin=Z2-2
Change Net Name : Old Net Name=NetC46_1 New Net Name=NetC2_1
Change Net Name : Old Net Name=NetC46_2 New Net Name=NetC2_2
Change Net Name : Old Net Name=NetC47_1 New Net Name=NetC11_1
Change Net Name : Old Net Name=NetC47_2 New Net Name=NetC11_2
Change Net Name : Old Net Name=NetD2_2 New Net Name=NetD1_2
Change Net Name : Old Net Name=NetD3_1 New Net Name=NetD2_1
Change Net Name : Old Net Name=NetL?_1 New Net Name=NetL3_1
Change Net Name : Old Net Name=NetL?_2 New Net Name=NetL4_2
Change Net Name : Old Net Name=NetR51_1 New Net Name=NetR1_1
Change Net Name : Old Net Name=NetR53_1 New Net Name=NetR11_1
Change Net Name : Old Net Name=NetR64_2 New Net Name=NetR6_2
Change Net Name : Old Net Name=NetR65_1 New Net Name=NetR7_1
Added Pin To Net: NetName=NetF1_1 Pin=F1-1
Added Pin To Net: NetName=NetF1_1 Pin=J9-1
Added Net: Name=NetF1_1
Added Pin To Net: NetName=NetF1_2 Pin=F1-2
Added Pin To Net: NetName=NetF1_2 Pin=Q1-3
Added Net: Name=NetF1_2
Added Pin To Net: NetName=NetF2_1 Pin=F2-1
Added Pin To Net: NetName=NetF2_1 Pin=J9-3
Added Net: Name=NetF2_1
Added Pin To Net: NetName=NetF2_2 Pin=F2-2
Added Pin To Net: NetName=NetF2_2 Pin=Q2-3
Added Net: Name=NetF2_2
Added Member To Class: ClassName=misc Member=Component C15 100 µF
Added Member To Class: ClassName=misc Member=Component C16 100 µF
Added Member To Class: ClassName=misc Member=Component C18 0.1 µF
Added Member To Class: ClassName=misc Member=Component C19 100 µF
Added Member To Class: ClassName=misc Member=Component C22 0.1 µF
Added Member To Class: ClassName=misc Member=Component C23 1 µF
Added Member To Class: ClassName=misc Member=Component C24 0.1 µF
Added Member To Class: ClassName=misc Member=Component F1 PTS12066V150
Added Member To Class: ClassName=misc Member=Component F2 PTS12066V150
Added Member To Class: ClassName=misc Member=Component J8 5001
Added Member To Class: ClassName=misc Member=Component J9 282837-3
Added Member To Class: ClassName=misc Member=Component J10 5001
Added Member To Class: ClassName=misc Member=Component L3 33uH
Added Member To Class: ClassName=misc Member=Component Q1 DMP3125L-7
Added Member To Class: ClassName=misc Member=Component Z1 SMF15VTFTR
Added Member To Class: ClassName=misc Member=Component Z2 SMF15VTFTR
