Replace Part C39 Capacitor in C:\Users\Work\Desktop\Koncar\Altium\current_source_koncar\MCU.SchDoc with Capacitor from Celestial Altium Library - altium_library.DbLib
Replace Part C40 Capacitor in C:\Users\Work\Desktop\Koncar\Altium\current_source_koncar\MCU.SchDoc with Capacitor from Celestial Altium Library - altium_library.DbLib
Replace Part C41 Capacitor in C:\Users\Work\Desktop\Koncar\Altium\current_source_koncar\MCU.SchDoc with Capacitor from Celestial Altium Library - altium_library.DbLib
Replace Part C42 Capacitor in C:\Users\Work\Desktop\Koncar\Altium\current_source_koncar\MCU.SchDoc with Capacitor from Celestial Altium Library - altium_library.DbLib
Replace Part C43 Capacitor in C:\Users\Work\Desktop\Koncar\Altium\current_source_koncar\MCU.SchDoc with Capacitor from Celestial Altium Library - altium_library.DbLib
Replace Part C44 Capacitor in C:\Users\Work\Desktop\Koncar\Altium\current_source_koncar\MCU.SchDoc with Capacitor from Celestial Altium Library - altium_library.DbLib
Replace Part C45 Capacitor in C:\Users\Work\Desktop\Koncar\Altium\current_source_koncar\MCU.SchDoc with Capacitor from Celestial Altium Library - altium_library.DbLib
Replace Part C46 Capacitor in C:\Users\Work\Desktop\Koncar\Altium\current_source_koncar\MCU.SchDoc with Capacitor from Celestial Altium Library - altium_library.DbLib
Replace Part C47 Capacitor in C:\Users\Work\Desktop\Koncar\Altium\current_source_koncar\MCU.SchDoc with Capacitor from Celestial Altium Library - altium_library.DbLib
Replace Part C48 Capacitor in C:\Users\Work\Desktop\Koncar\Altium\current_source_koncar\MCU.SchDoc with Capacitor from Celestial Altium Library - altium_library.DbLib
Replace Part C49 Capacitor in C:\Users\Work\Desktop\Koncar\Altium\current_source_koncar\MCU.SchDoc with Capacitor from Celestial Altium Library - altium_library.DbLib
Replace Part C50 Capacitor in C:\Users\Work\Desktop\Koncar\Altium\current_source_koncar\MCU.SchDoc with Capacitor from Celestial Altium Library - altium_library.DbLib
Replace Part C51 Capacitor in C:\Users\Work\Desktop\Koncar\Altium\current_source_koncar\MCU.SchDoc with Capacitor from Celestial Altium Library - altium_library.DbLib
Replace Part C52 Capacitor in C:\Users\Work\Desktop\Koncar\Altium\current_source_koncar\MCU.SchDoc with Capacitor from Celestial Altium Library - altium_library.DbLib
Replace Part C53 Capacitor in C:\Users\Work\Desktop\Koncar\Altium\current_source_koncar\MCU.SchDoc with Capacitor from Celestial Altium Library - altium_library.DbLib
Replace Part C? Capacitor in C:\Users\Work\Desktop\Koncar\Altium\current_source_koncar\MCU.SchDoc with Capacitor from Celestial Altium Library - altium_library.DbLib
Replace Part C? Capacitor in C:\Users\Work\Desktop\Koncar\Altium\current_source_koncar\MCU.SchDoc with Capacitor from Celestial Altium Library - altium_library.DbLib
Replace Part IC1 STM32G431C6T6 in C:\Users\Work\Desktop\Koncar\Altium\current_source_koncar\MCU.SchDoc with STM32G431C6T6 from za_koncar.SchLib
Replace Part IC? MCP4728-E_UN in C:\Users\Work\Desktop\Koncar\Altium\current_source_koncar\MCU.SchDoc with MCP4728-E_UN from za_koncar.SchLib
Replace Part R58 Resistor in C:\Users\Work\Desktop\Koncar\Altium\current_source_koncar\MCU.SchDoc with Resistor from Celestial Altium Library - altium_library.DbLib
Replace Part R59 Resistor in C:\Users\Work\Desktop\Koncar\Altium\current_source_koncar\MCU.SchDoc with Resistor from Celestial Altium Library - altium_library.DbLib
Replace Part U7 ST730MR in C:\Users\Work\Desktop\Koncar\Altium\current_source_koncar\MCU.SchDoc with ST730MR from za_koncar.SchLib
