Replace Part C55 Capacitor in C:\Users\Work\Desktop\Koncar\Altium\current_source_koncar\misc.SchDoc with Capacitor from Celestial Altium Library - altium_library.DbLib
Replace Part C56 Capacitor in C:\Users\Work\Desktop\Koncar\Altium\current_source_koncar\misc.SchDoc with Capacitor from Celestial Altium Library - altium_library.DbLib
Replace Part C57 Capacitor in C:\Users\Work\Desktop\Koncar\Altium\current_source_koncar\misc.SchDoc with Capacitor from Celestial Altium Library - altium_library.DbLib
Replace Part C58 Capacitor in C:\Users\Work\Desktop\Koncar\Altium\current_source_koncar\misc.SchDoc with Capacitor from Celestial Altium Library - altium_library.DbLib
Replace Part C59 Capacitor in C:\Users\Work\Desktop\Koncar\Altium\current_source_koncar\misc.SchDoc with Capacitor from Celestial Altium Library - altium_library.DbLib
Replace Part C60 Capacitor in C:\Users\Work\Desktop\Koncar\Altium\current_source_koncar\misc.SchDoc with Capacitor from Celestial Altium Library - altium_library.DbLib
Replace Part C61 Capacitor in C:\Users\Work\Desktop\Koncar\Altium\current_source_koncar\misc.SchDoc with Capacitor from Celestial Altium Library - altium_library.DbLib
Replace Part C62 Capacitor in C:\Users\Work\Desktop\Koncar\Altium\current_source_koncar\misc.SchDoc with Capacitor from Celestial Altium Library - altium_library.DbLib
Replace Part C63 Capacitor in C:\Users\Work\Desktop\Koncar\Altium\current_source_koncar\misc.SchDoc with Capacitor from Celestial Altium Library - altium_library.DbLib
Replace Part C64 Capacitor in C:\Users\Work\Desktop\Koncar\Altium\current_source_koncar\misc.SchDoc with Capacitor from Celestial Altium Library - altium_library.DbLib
Replace Part C65 Capacitor in C:\Users\Work\Desktop\Koncar\Altium\current_source_koncar\misc.SchDoc with Capacitor from Celestial Altium Library - altium_library.DbLib
Replace Part C66 Capacitor in C:\Users\Work\Desktop\Koncar\Altium\current_source_koncar\misc.SchDoc with Capacitor from Celestial Altium Library - altium_library.DbLib
Replace Part C67 Capacitor in C:\Users\Work\Desktop\Koncar\Altium\current_source_koncar\misc.SchDoc with Capacitor from Celestial Altium Library - altium_library.DbLib
Replace Part C68 Capacitor in C:\Users\Work\Desktop\Koncar\Altium\current_source_koncar\misc.SchDoc with Capacitor from Celestial Altium Library - altium_library.DbLib
Replace Part C69 Capacitor in C:\Users\Work\Desktop\Koncar\Altium\current_source_koncar\misc.SchDoc with Capacitor from Celestial Altium Library - altium_library.DbLib
Replace Part C70 Capacitor in C:\Users\Work\Desktop\Koncar\Altium\current_source_koncar\misc.SchDoc with Capacitor from Celestial Altium Library - altium_library.DbLib
Replace Part DS1 CMP-137185-000001-1 in C:\Users\Work\Desktop\Koncar\Altium\current_source_koncar\misc.SchDoc with CMP-137185-000001-1 from za_koncar.SchLib
Replace Part J37 CMP-2000-05181-2 in C:\Users\Work\Desktop\Koncar\Altium\current_source_koncar\misc.SchDoc with CMP-2000-05181-2 from za_koncar.SchLib
Replace Part J38 CMP-2000-05181-2 in C:\Users\Work\Desktop\Koncar\Altium\current_source_koncar\misc.SchDoc with CMP-2000-05181-2 from za_koncar.SchLib
Replace Part J39 CMP-2000-05181-2 in C:\Users\Work\Desktop\Koncar\Altium\current_source_koncar\misc.SchDoc with CMP-2000-05181-2 from za_koncar.SchLib
Replace Part R60 Resistor in C:\Users\Work\Desktop\Koncar\Altium\current_source_koncar\misc.SchDoc with Resistor from Celestial Altium Library - altium_library.DbLib
Replace Part R61 Resistor in C:\Users\Work\Desktop\Koncar\Altium\current_source_koncar\misc.SchDoc with Resistor from Celestial Altium Library - altium_library.DbLib
Replace Part R62 Resistor in C:\Users\Work\Desktop\Koncar\Altium\current_source_koncar\misc.SchDoc with Resistor from Celestial Altium Library - altium_library.DbLib
Replace Part R63 Resistor in C:\Users\Work\Desktop\Koncar\Altium\current_source_koncar\misc.SchDoc with Resistor from Celestial Altium Library - altium_library.DbLib
Replace Part R64 Resistor in C:\Users\Work\Desktop\Koncar\Altium\current_source_koncar\misc.SchDoc with Resistor from Celestial Altium Library - altium_library.DbLib
Replace Part R65 Resistor in C:\Users\Work\Desktop\Koncar\Altium\current_source_koncar\misc.SchDoc with Resistor from Celestial Altium Library - altium_library.DbLib
Replace Part R66 Resistor in C:\Users\Work\Desktop\Koncar\Altium\current_source_koncar\misc.SchDoc with Resistor from Celestial Altium Library - altium_library.DbLib
Replace Part R67 Resistor in C:\Users\Work\Desktop\Koncar\Altium\current_source_koncar\misc.SchDoc with Resistor from Celestial Altium Library - altium_library.DbLib
Replace Part R68 Resistor in C:\Users\Work\Desktop\Koncar\Altium\current_source_koncar\misc.SchDoc with Resistor from Celestial Altium Library - altium_library.DbLib
Replace Part R69 Resistor in C:\Users\Work\Desktop\Koncar\Altium\current_source_koncar\misc.SchDoc with Resistor from Celestial Altium Library - altium_library.DbLib
Replace Part R70 Resistor in C:\Users\Work\Desktop\Koncar\Altium\current_source_koncar\misc.SchDoc with Resistor from Celestial Altium Library - altium_library.DbLib
Replace Part R71 Resistor in C:\Users\Work\Desktop\Koncar\Altium\current_source_koncar\misc.SchDoc with Resistor from Celestial Altium Library - altium_library.DbLib
Replace Part S1 SPST-NO 4 PIN in C:\Users\Work\Desktop\Koncar\Altium\current_source_koncar\misc.SchDoc with SPST-NO 4 PIN from Celestial Altium Library - altium_library.DbLib
Replace Part S2 SPST-NO 4 PIN in C:\Users\Work\Desktop\Koncar\Altium\current_source_koncar\misc.SchDoc with SPST-NO 4 PIN from Celestial Altium Library - altium_library.DbLib
Replace Part S3 SPST-NO 4 PIN in C:\Users\Work\Desktop\Koncar\Altium\current_source_koncar\misc.SchDoc with SPST-NO 4 PIN from Celestial Altium Library - altium_library.DbLib
Replace Part S4 SPST-NO 4 PIN in C:\Users\Work\Desktop\Koncar\Altium\current_source_koncar\misc.SchDoc with SPST-NO 4 PIN from Celestial Altium Library - altium_library.DbLib
Replace Part SW1 PEC11R-4220F-S0012 in C:\Users\Work\Desktop\Koncar\Altium\current_source_koncar\misc.SchDoc with PEC11R-4220F-S0012 from za_koncar.SchLib
Replace Part SW1 PEC11R-4220F-S0012 in C:\Users\Work\Desktop\Koncar\Altium\current_source_koncar\misc.SchDoc with PEC11R-4220F-S0012 from za_koncar.SchLib
Replace Part U8 ST730MR in C:\Users\Work\Desktop\Koncar\Altium\current_source_koncar\misc.SchDoc with ST730MR from za_koncar.SchLib
Replace Part U9 TLV9362 in C:\Users\Work\Desktop\Koncar\Altium\current_source_koncar\misc.SchDoc with TLV9362 from za_koncar.SchLib
Replace Part U9 TLV9362 in C:\Users\Work\Desktop\Koncar\Altium\current_source_koncar\misc.SchDoc with TLV9362 from za_koncar.SchLib
Replace Part U9 TLV9362 in C:\Users\Work\Desktop\Koncar\Altium\current_source_koncar\misc.SchDoc with TLV9362 from za_koncar.SchLib
