Added Component: Designator=U1(SOIC8-127P600X175-8N)
Add component (AddParameter): Name = "ComponentLink1Description"; Value = "Datasheet"; VariantName = "[No Variations]"
Add component (AddParameter): Name = "ComponentLink1URL"; Value = "https://www.ti.com/lit/ds/symlink/tlv9362.pdf"; VariantName = "[No Variations]"
Added Component: Designator=U2(SOIC8-127P600X175-8N)
Add component (AddParameter): Name = "ComponentLink1Description"; Value = "Datasheet"; VariantName = "[No Variations]"
Add component (AddParameter): Name = "ComponentLink1URL"; Value = "https://www.ti.com/lit/ds/symlink/tlv9362.pdf"; VariantName = "[No Variations]"
Added Pin To Net: NetName=NetQ2_2 Pin=U1-1
Added Pin To Net: NetName=NetC7_1 Pin=U1-2
Added Pin To Net: NetName=NetR12_1 Pin=U1-3
Added Pin To Net: NetName=VDD Pin=U1-4
Added Pin To Net: NetName=GND Pin=U1-5
Added Pin To Net: NetName=NetU1_6 Pin=U1-6
Added Pin To Net: NetName=NetU1_6 Pin=U1-7
Added Pin To Net: NetName=VCC Pin=U1-8
Added Pin To Net: NetName=NetC7_2 Pin=U2-1
Added Pin To Net: NetName=NetC7_2 Pin=U2-2
Added Pin To Net: NetName=NetC1_1 Pin=U2-3
Added Pin To Net: NetName=VDD Pin=U2-4
Added Pin To Net: NetName=NetR5_1 Pin=U2-5
Added Pin To Net: NetName=NetR12_2 Pin=U2-6
Added Pin To Net: NetName=NetR12_2 Pin=U2-7
Added Pin To Net: NetName=VCC Pin=U2-8
Added Member To Class: ClassName=main Member=Component U1 TLV9362
Added Member To Class: ClassName=main Member=Component U2 TLV9362
