Removed Pin From Net: NetName=NetC1_2 Pin=Q2-1
Removed Pin From Net: NetName=NetQ1_1 Pin=Q2-7_8
Removed Pin From Net: NetName=VCC Pin=Q3-7_8
Removed Pin From Net: NetName=NetQ2_2 Pin=R1-1
Removed Pin From Net: NetName=NetQ2_2 Pin=R3-2
Added Pin To Net: NetName=NetQ2_2 Pin=Q2-4
Added Pin To Net: NetName=VCC Pin=Q2-7_8
Added Pin To Net: NetName=NetC1_2 Pin=Q3-1
Added Pin To Net: NetName=NetQ1_1 Pin=Q3-7_8
Added Pin To Net: NetName=NetQ2_2 Pin=U1-7
Added Pin To Net: NetName=NetQ2_1 Pin=Q2-1
Added Pin To Net: NetName=NetQ2_1 Pin=R8-2
Added Net: Name=NetQ2_1
Added Pin To Net: NetName=NetQ3_2 Pin=Q3-2
Added Pin To Net: NetName=NetQ3_2 Pin=R1-1
Added Pin To Net: NetName=NetQ3_2 Pin=R3-2
Added Net: Name=NetQ3_2
Added Member To Class: ClassName=main Member=Component C9 100 µF
Added Member To Class: ClassName=main Member=Component C10 100 µF
Added Member To Class: ClassName=main Member=Component C13 0.1 µF
Added Member To Class: ClassName=main Member=Component C14 0.1 µF
