Removed Pin From Net: NetName=NetC1_2 Pin=Q2-1
Removed Pin From Net: NetName=NetQ2_2 Pin=Q2-2
Removed Pin From Net: NetName=NetQ1_1 Pin=Q2-7_8
Removed Pin From Net: NetName=NetQ3_1 Pin=Q3-1
Removed Pin From Net: NetName=VCC Pin=Q3-7_8
Change Component Designator: OldDesignator=C3 NewDesignator=C8
Change Component Designator: OldDesignator=C4 NewDesignator=C9
Change Component Designator: OldDesignator=C5 NewDesignator=C10
Change Component Designator: OldDesignator=C6 NewDesignator=C11
Change Component Designator: OldDesignator=C8 NewDesignator=C3
Change Component Designator: OldDesignator=C9 NewDesignator=C4
Change Component Designator: OldDesignator=C10 NewDesignator=C5
Change Component Designator: OldDesignator=C11 NewDesignator=C6
Change Component Designator: OldDesignator=Q2 NewDesignator=Q3
Change Component Designator: OldDesignator=Q3 NewDesignator=Q2
Added Pin To Net: NetName=NetC1_2 Pin=Q2-1
Added Pin To Net: NetName=NetQ2_2 Pin=Q2-2
Added Pin To Net: NetName=NetQ1_1 Pin=Q2-7_8
Added Pin To Net: NetName=NetQ3_1 Pin=Q3-1
Added Pin To Net: NetName=VCC Pin=Q3-7_8
Change Net Name : Old Net Name=NetQ2_4 New Net Name=NetQ3_4
Change Net Name : Old Net Name=NetQ2_5_6 New Net Name=NetQ3_5_6
Change Net Name : Old Net Name=NetQ3_5_6 New Net Name=NetQ2_5_6
Added Pin To Net: NetName=NetQ2_4 Pin=Q2-4
Added Pin To Net: NetName=NetQ2_4 Pin=Q3-2
Added Pin To Net: NetName=NetQ2_4 Pin=U1-1
Added Net: Name=NetQ2_4
