Removed Pin From Net: NetName=VDD Pin=C3-2
Removed Pin From Net: NetName=VDD Pin=C4-2
Removed Pin From Net: NetName=GND Pin=C5-1
Removed Pin From Net: NetName=VDD Pin=C5-2
Removed Pin From Net: NetName=GND Pin=C6-1
Removed Pin From Net: NetName=VDD Pin=C6-2
Removed Pin From Net: NetName=GND Pin=C10-1
Removed Pin From Net: NetName=VCC Pin=C10-2
Removed Pin From Net: NetName=GND Pin=C11-1
Removed Pin From Net: NetName=VCC Pin=C11-2
Removed Pin From Net: NetName=VDD Pin=C12-1
Removed Pin From Net: NetName=VCC Pin=C12-2
Removed Pin From Net: NetName=VDD Pin=C13-1
Removed Pin From Net: NetName=VCC Pin=C13-2
Removed Pin From Net: NetName=VDD Pin=C14-1
Removed Pin From Net: NetName=VCC Pin=C14-2
Removed Pin From Net: NetName=VDD Pin=C15-1
Removed Pin From Net: NetName=VCC Pin=C15-2
Removed Member From Class: ClassName=main Member=C12
Removed Member From Class: ClassName=main Member=C13
Removed Member From Class: ClassName=main Member=C14
Removed Member From Class: ClassName=main Member=C15
Added Pin To Net: NetName=VCC Pin=C3-2
Added Pin To Net: NetName=VCC Pin=C4-2
Added Pin To Net: NetName=VDD Pin=C5-1
Added Pin To Net: NetName=GND Pin=C5-2
Added Pin To Net: NetName=VDD Pin=C6-1
Added Pin To Net: NetName=GND Pin=C6-2
Added Pin To Net: NetName=VDD Pin=C10-1
Added Pin To Net: NetName=GND Pin=C10-2
Added Pin To Net: NetName=VDD Pin=C11-1
Added Pin To Net: NetName=GND Pin=C11-2
