Replace Part C8 Capacitor in C:\Users\Work\Desktop\Koncar\Altium\current_source_koncar\power.SchDoc with Capacitor from Celestial Altium Library - altium_library.DbLib
Replace Part C9 Capacitor in C:\Users\Work\Desktop\Koncar\Altium\current_source_koncar\power.SchDoc with Capacitor from Celestial Altium Library - altium_library.DbLib
Replace Part C10 Capacitor in C:\Users\Work\Desktop\Koncar\Altium\current_source_koncar\power.SchDoc with Capacitor from Celestial Altium Library - altium_library.DbLib
Replace Part C20 Capacitor in C:\Users\Work\Desktop\Koncar\Altium\current_source_koncar\power.SchDoc with Capacitor from Celestial Altium Library - altium_library.DbLib
Replace Part C21 Capacitor in C:\Users\Work\Desktop\Koncar\Altium\current_source_koncar\power.SchDoc with Capacitor from Celestial Altium Library - altium_library.DbLib
Replace Part C22 Capacitor in C:\Users\Work\Desktop\Koncar\Altium\current_source_koncar\power.SchDoc with Capacitor from Celestial Altium Library - altium_library.DbLib
Replace Part C23 Polarised Capacitor in C:\Users\Work\Desktop\Koncar\Altium\current_source_koncar\power.SchDoc with Polarised Capacitor from Celestial Altium Library - altium_library.DbLib
Replace Part C24 Polarised Capacitor in C:\Users\Work\Desktop\Koncar\Altium\current_source_koncar\power.SchDoc with Polarised Capacitor from Celestial Altium Library - altium_library.DbLib
Replace Part C25 Polarised Capacitor in C:\Users\Work\Desktop\Koncar\Altium\current_source_koncar\power.SchDoc with Polarised Capacitor from Celestial Altium Library - altium_library.DbLib
Replace Part C26 Polarised Capacitor in C:\Users\Work\Desktop\Koncar\Altium\current_source_koncar\power.SchDoc with Polarised Capacitor from Celestial Altium Library - altium_library.DbLib
Replace Part C27 Capacitor in C:\Users\Work\Desktop\Koncar\Altium\current_source_koncar\power.SchDoc with Capacitor from Celestial Altium Library - altium_library.DbLib
Replace Part C28 Capacitor in C:\Users\Work\Desktop\Koncar\Altium\current_source_koncar\power.SchDoc with Capacitor from Celestial Altium Library - altium_library.DbLib
Replace Part C29 Capacitor in C:\Users\Work\Desktop\Koncar\Altium\current_source_koncar\power.SchDoc with Capacitor from Celestial Altium Library - altium_library.DbLib
Replace Part C30 Capacitor in C:\Users\Work\Desktop\Koncar\Altium\current_source_koncar\power.SchDoc with Capacitor from Celestial Altium Library - altium_library.DbLib
Replace Part C31 Capacitor in C:\Users\Work\Desktop\Koncar\Altium\current_source_koncar\power.SchDoc with Capacitor from Celestial Altium Library - altium_library.DbLib
Replace Part C32 Capacitor in C:\Users\Work\Desktop\Koncar\Altium\current_source_koncar\power.SchDoc with Capacitor from Celestial Altium Library - altium_library.DbLib
Replace Part C33 Capacitor in C:\Users\Work\Desktop\Koncar\Altium\current_source_koncar\power.SchDoc with Capacitor from Celestial Altium Library - altium_library.DbLib
Replace Part C34 Capacitor in C:\Users\Work\Desktop\Koncar\Altium\current_source_koncar\power.SchDoc with Capacitor from Celestial Altium Library - altium_library.DbLib
Replace Part C35 Capacitor in C:\Users\Work\Desktop\Koncar\Altium\current_source_koncar\power.SchDoc with Capacitor from Celestial Altium Library - altium_library.DbLib
Replace Part C36 Capacitor in C:\Users\Work\Desktop\Koncar\Altium\current_source_koncar\power.SchDoc with Capacitor from Celestial Altium Library - altium_library.DbLib
Replace Part C37 Capacitor in C:\Users\Work\Desktop\Koncar\Altium\current_source_koncar\power.SchDoc with Capacitor from Celestial Altium Library - altium_library.DbLib
Replace Part C38 Capacitor in C:\Users\Work\Desktop\Koncar\Altium\current_source_koncar\power.SchDoc with Capacitor from Celestial Altium Library - altium_library.DbLib
Replace Part D2 BZX38450-C1V8X in C:\Users\Work\Desktop\Koncar\Altium\current_source_koncar\power.SchDoc with BZX38450-C1V8X from za_koncar.SchLib
Replace Part D3 BZX38450-C1V8X in C:\Users\Work\Desktop\Koncar\Altium\current_source_koncar\power.SchDoc with BZX38450-C1V8X from za_koncar.SchLib
Replace Part J15 CMP-2000-05181-2 in C:\Users\Work\Desktop\Koncar\Altium\current_source_koncar\power.SchDoc with CMP-2000-05181-2 from za_koncar.SchLib
Replace Part J22 CMP-2000-05181-2 in C:\Users\Work\Desktop\Koncar\Altium\current_source_koncar\power.SchDoc with CMP-2000-05181-2 from za_koncar.SchLib
Replace Part J27 CMP-2000-05181-2 in C:\Users\Work\Desktop\Koncar\Altium\current_source_koncar\power.SchDoc with CMP-2000-05181-2 from za_koncar.SchLib
Replace Part J28 CMP-2000-05181-2 in C:\Users\Work\Desktop\Koncar\Altium\current_source_koncar\power.SchDoc with CMP-2000-05181-2 from za_koncar.SchLib
Replace Part J35 CMP-2000-05181-2 in C:\Users\Work\Desktop\Koncar\Altium\current_source_koncar\power.SchDoc with CMP-2000-05181-2 from za_koncar.SchLib
Replace Part L1 MLZ2012M in C:\Users\Work\Desktop\Koncar\Altium\current_source_koncar\power.SchDoc with MLZ2012M from za_koncar.SchLib
Replace Part L2 AMRM00101040330MA1 in C:\Users\Work\Desktop\Koncar\Altium\current_source_koncar\power.SchDoc with AMRM00101040330MA1 from za_koncar.SchLib
Replace Part L3 AMRM00101040330MA1 in C:\Users\Work\Desktop\Koncar\Altium\current_source_koncar\power.SchDoc with AMRM00101040330MA1 from za_koncar.SchLib
Replace Part L4 MLZ2012M in C:\Users\Work\Desktop\Koncar\Altium\current_source_koncar\power.SchDoc with MLZ2012M from za_koncar.SchLib
Replace Part R48 Resistor in C:\Users\Work\Desktop\Koncar\Altium\current_source_koncar\power.SchDoc with Resistor from Celestial Altium Library - altium_library.DbLib
Replace Part R49 Resistor in C:\Users\Work\Desktop\Koncar\Altium\current_source_koncar\power.SchDoc with Resistor from Celestial Altium Library - altium_library.DbLib
Replace Part R50 Resistor in C:\Users\Work\Desktop\Koncar\Altium\current_source_koncar\power.SchDoc with Resistor from Celestial Altium Library - altium_library.DbLib
Replace Part R51 Resistor in C:\Users\Work\Desktop\Koncar\Altium\current_source_koncar\power.SchDoc with Resistor from Celestial Altium Library - altium_library.DbLib
Replace Part R52 Resistor in C:\Users\Work\Desktop\Koncar\Altium\current_source_koncar\power.SchDoc with Resistor from Celestial Altium Library - altium_library.DbLib
Replace Part R53 Resistor in C:\Users\Work\Desktop\Koncar\Altium\current_source_koncar\power.SchDoc with Resistor from Celestial Altium Library - altium_library.DbLib
Replace Part R54 Resistor in C:\Users\Work\Desktop\Koncar\Altium\current_source_koncar\power.SchDoc with Resistor from Celestial Altium Library - altium_library.DbLib
Replace Part R55 Resistor in C:\Users\Work\Desktop\Koncar\Altium\current_source_koncar\power.SchDoc with Resistor from Celestial Altium Library - altium_library.DbLib
Replace Part R56 Resistor in C:\Users\Work\Desktop\Koncar\Altium\current_source_koncar\power.SchDoc with Resistor from Celestial Altium Library - altium_library.DbLib
Replace Part R57 Resistor in C:\Users\Work\Desktop\Koncar\Altium\current_source_koncar\power.SchDoc with Resistor from Celestial Altium Library - altium_library.DbLib
Replace Part U4 ST730MR in C:\Users\Work\Desktop\Koncar\Altium\current_source_koncar\power.SchDoc with ST730MR from za_koncar.SchLib
Replace Part U5 TLV9362 in C:\Users\Work\Desktop\Koncar\Altium\current_source_koncar\power.SchDoc with TLV9362 from za_koncar.SchLib
Replace Part U5 TLV9362 in C:\Users\Work\Desktop\Koncar\Altium\current_source_koncar\power.SchDoc with TLV9362 from za_koncar.SchLib
Replace Part U5 TLV9362 in C:\Users\Work\Desktop\Koncar\Altium\current_source_koncar\power.SchDoc with TLV9362 from za_koncar.SchLib
Replace Part U6 ADP7182 in C:\Users\Work\Desktop\Koncar\Altium\current_source_koncar\power.SchDoc with ADP7182 from za_koncar.SchLib
