Removed Pin From Net: NetName=NetQ10_6 Pin=R32-1
Removed Pin From Net: NetName=NetQ11_6 Pin=R34-1
Removed Pin From Net: NetName=NetQ10_6 Pin=R38-2
Removed Pin From Net: NetName=NetQ11_6 Pin=R39-2
Removed Pin From Net: NetName=NetQ12_6 Pin=R40-1
Removed Pin From Net: NetName=NetQ10_1 Pin=R41-2
Removed Pin From Net: NetName=NetQ11_1 Pin=R43-2
Removed Pin From Net: NetName=NetQ12_1 Pin=R45-2
Added Pin To Net: NetName=NetQ11_6 Pin=R32-1
Added Pin To Net: NetName=NetQ12_6 Pin=R34-1
Added Pin To Net: NetName=NetQ11_6 Pin=R38-2
Added Pin To Net: NetName=NetQ12_6 Pin=R39-2
Added Pin To Net: NetName=NetQ10_6 Pin=R40-1
Added Pin To Net: NetName=NetQ11_1 Pin=R41-2
Added Pin To Net: NetName=NetQ12_1 Pin=R43-2
Added Pin To Net: NetName=NetQ10_1 Pin=R45-2
Added Member To Class: ClassName=source Member=Component J8 5001
Added Member To Class: ClassName=source Member=Component J9 5001
Added Member To Class: ClassName=source Member=Component J10 5001
Added Member To Class: ClassName=source Member=Component J11 282837-2
Added Member To Class: ClassName=vca Member=Component Q11 BC846BS
Added Member To Class: ClassName=vca Member=Component R28 1 kOhms
Added Member To Class: ClassName=vca Member=Component R29 1 kOhms
Added Member To Class: ClassName=vca Member=Component R30 1 kOhms
Added Member To Class: ClassName=vca Member=Component R32 1 kOhms
Added Member To Class: ClassName=vca Member=Component R34 1 kOhms
Added Member To Class: ClassName=vca Member=Component R36 1 kOhms
Added Member To Class: ClassName=vca Member=Component R37 1 kOhms
Added Member To Class: ClassName=vca Member=Component R38 1 kOhms
Added Member To Class: ClassName=vca Member=Component R40 1 kOhms
Added Member To Class: ClassName=vca Member=Component R41 1 kOhms
Added Member To Class: ClassName=vca Member=Component R42 1 kOhms
