Removed Pin From Net: NetName=NetC1_2 Pin=Q2-1
Removed Pin From Net: NetName=NetJ4_1 Pin=Q2-2
Removed Pin From Net: NetName=NetJ5_1 Pin=Q2-7_8
Removed Pin From Net: NetName=NetJ6_1 Pin=Q3-2
Removed Pin From Net: NetName=VCC Pin=Q3-7_8
Add Pin To Net: Unknown Pin: Pin D2-1
Add Pin To Net: Unknown Pin: Pin D2-2
Add Pin To Net: Unknown Pin: Pin D3-1
Add Pin To Net: Unknown Pin: Pin D3-2
Added Pin To Net: NetName=NetJ6_1 Pin=Q2-2
Added Pin To Net: NetName=VCC Pin=Q2-7_8
Added Pin To Net: NetName=NetC1_2 Pin=Q3-1
Added Pin To Net: NetName=NetJ4_1 Pin=Q3-2
Added Pin To Net: NetName=NetJ5_1 Pin=Q3-7_8
Added Pin To Net: NetName=NetQ2_1 Pin=Q2-1
Added Pin To Net: NetName=NetQ2_1 Pin=R8-2
Added Net: Name=NetQ2_1
Added Member To Class: ClassName=power Member=Component C7 1 µF
Added Member To Class: ClassName=power Member=Component C8 1 µF
Added Member To Class: ClassName=power Member=Component C9 1 µF
Added Member To Class: ClassName=power Member=Component C10 0.1 µF
Add Class Member: Failed to add class member : Component D2 BZX38450-C1V8X
Add Class Member: Failed to add class member : Component D3 BZX38450-C1V8X
Added Member To Class: ClassName=power Member=Component J15 5001
Added Member To Class: ClassName=power Member=Component J22 5001
Added Member To Class: ClassName=power Member=Component J35 5001
Added Member To Class: ClassName=power Member=Component R55 1 kOhms
Added Member To Class: ClassName=power Member=Component U4 ST730MR
