Replace Part C1 Capacitor in C:\Users\Work\Desktop\Koncar\Altium\current_source_koncar\source.SchDoc with Capacitor from Celestial Altium Library - altium_library.DbLib
Replace Part C2 Capacitor in C:\Users\Work\Desktop\Koncar\Altium\current_source_koncar\source.SchDoc with Capacitor from Celestial Altium Library - altium_library.DbLib
Replace Part C3 Capacitor in C:\Users\Work\Desktop\Koncar\Altium\current_source_koncar\source.SchDoc with Capacitor from Celestial Altium Library - altium_library.DbLib
Replace Part C4 Capacitor in C:\Users\Work\Desktop\Koncar\Altium\current_source_koncar\source.SchDoc with Capacitor from Celestial Altium Library - altium_library.DbLib
Replace Part C5 Capacitor in C:\Users\Work\Desktop\Koncar\Altium\current_source_koncar\source.SchDoc with Capacitor from Celestial Altium Library - altium_library.DbLib
Replace Part C6 Capacitor in C:\Users\Work\Desktop\Koncar\Altium\current_source_koncar\source.SchDoc with Capacitor from Celestial Altium Library - altium_library.DbLib
Replace Part C11 Capacitor in C:\Users\Work\Desktop\Koncar\Altium\current_source_koncar\source.SchDoc with Capacitor from Celestial Altium Library - altium_library.DbLib
Replace Part C12 Capacitor in C:\Users\Work\Desktop\Koncar\Altium\current_source_koncar\source.SchDoc with Capacitor from Celestial Altium Library - altium_library.DbLib
Replace Part C13 Capacitor in C:\Users\Work\Desktop\Koncar\Altium\current_source_koncar\source.SchDoc with Capacitor from Celestial Altium Library - altium_library.DbLib
Replace Part C14 Capacitor in C:\Users\Work\Desktop\Koncar\Altium\current_source_koncar\source.SchDoc with Capacitor from Celestial Altium Library - altium_library.DbLib
Replace Part C15 Capacitor in C:\Users\Work\Desktop\Koncar\Altium\current_source_koncar\source.SchDoc with Capacitor from Celestial Altium Library - altium_library.DbLib
Replace Part J1 CMP-2000-05181-2 in C:\Users\Work\Desktop\Koncar\Altium\current_source_koncar\source.SchDoc with CMP-2000-05181-2 from za_koncar.SchLib
Replace Part J2 3 Pin in C:\Users\Work\Desktop\Koncar\Altium\current_source_koncar\source.SchDoc with 3 Pin from Celestial Altium Library - altium_library.DbLib
Replace Part J3 CMP-2000-05181-2 in C:\Users\Work\Desktop\Koncar\Altium\current_source_koncar\source.SchDoc with CMP-2000-05181-2 from za_koncar.SchLib
Replace Part J4 CMP-2000-05181-2 in C:\Users\Work\Desktop\Koncar\Altium\current_source_koncar\source.SchDoc with CMP-2000-05181-2 from za_koncar.SchLib
Replace Part J5 CMP-2000-05181-2 in C:\Users\Work\Desktop\Koncar\Altium\current_source_koncar\source.SchDoc with CMP-2000-05181-2 from za_koncar.SchLib
Replace Part J6 CMP-2000-05181-2 in C:\Users\Work\Desktop\Koncar\Altium\current_source_koncar\source.SchDoc with CMP-2000-05181-2 from za_koncar.SchLib
Replace Part J7 2 Pin in C:\Users\Work\Desktop\Koncar\Altium\current_source_koncar\source.SchDoc with 2 Pin from Celestial Altium Library - altium_library.DbLib
Replace Part J8 CMP-2000-05181-2 in C:\Users\Work\Desktop\Koncar\Altium\current_source_koncar\source.SchDoc with CMP-2000-05181-2 from za_koncar.SchLib
Replace Part J9 CMP-2000-05181-2 in C:\Users\Work\Desktop\Koncar\Altium\current_source_koncar\source.SchDoc with CMP-2000-05181-2 from za_koncar.SchLib
Replace Part J10 CMP-2000-05181-2 in C:\Users\Work\Desktop\Koncar\Altium\current_source_koncar\source.SchDoc with CMP-2000-05181-2 from za_koncar.SchLib
Replace Part J11 2 Pin in C:\Users\Work\Desktop\Koncar\Altium\current_source_koncar\source.SchDoc with 2 Pin from Celestial Altium Library - altium_library.DbLib
Replace Part J12 CMP-2000-05181-2 in C:\Users\Work\Desktop\Koncar\Altium\current_source_koncar\source.SchDoc with CMP-2000-05181-2 from za_koncar.SchLib
Replace Part J13 CMP-2000-05181-2 in C:\Users\Work\Desktop\Koncar\Altium\current_source_koncar\source.SchDoc with CMP-2000-05181-2 from za_koncar.SchLib
Replace Part J14 CMP-2000-05181-2 in C:\Users\Work\Desktop\Koncar\Altium\current_source_koncar\source.SchDoc with CMP-2000-05181-2 from za_koncar.SchLib
Replace Part J16 CMP-2000-05181-2 in C:\Users\Work\Desktop\Koncar\Altium\current_source_koncar\source.SchDoc with CMP-2000-05181-2 from za_koncar.SchLib
Replace Part J17 CMP-2000-05181-2 in C:\Users\Work\Desktop\Koncar\Altium\current_source_koncar\source.SchDoc with CMP-2000-05181-2 from za_koncar.SchLib
Replace Part J18 CMP-2000-05181-2 in C:\Users\Work\Desktop\Koncar\Altium\current_source_koncar\source.SchDoc with CMP-2000-05181-2 from za_koncar.SchLib
Replace Part J19 CMP-2000-05181-2 in C:\Users\Work\Desktop\Koncar\Altium\current_source_koncar\source.SchDoc with CMP-2000-05181-2 from za_koncar.SchLib
Replace Part J20 CMP-2000-05181-2 in C:\Users\Work\Desktop\Koncar\Altium\current_source_koncar\source.SchDoc with CMP-2000-05181-2 from za_koncar.SchLib
Replace Part J21 CMP-2000-05181-2 in C:\Users\Work\Desktop\Koncar\Altium\current_source_koncar\source.SchDoc with CMP-2000-05181-2 from za_koncar.SchLib
Replace Part J23 CMP-2000-05181-2 in C:\Users\Work\Desktop\Koncar\Altium\current_source_koncar\source.SchDoc with CMP-2000-05181-2 from za_koncar.SchLib
Replace Part J24 CMP-2000-05181-2 in C:\Users\Work\Desktop\Koncar\Altium\current_source_koncar\source.SchDoc with CMP-2000-05181-2 from za_koncar.SchLib
Replace Part J25 CMP-2000-05181-2 in C:\Users\Work\Desktop\Koncar\Altium\current_source_koncar\source.SchDoc with CMP-2000-05181-2 from za_koncar.SchLib
Replace Part J26 CMP-2000-05181-2 in C:\Users\Work\Desktop\Koncar\Altium\current_source_koncar\source.SchDoc with CMP-2000-05181-2 from za_koncar.SchLib
Replace Part Q1 TIP32C in C:\Users\Work\Desktop\Koncar\Altium\current_source_koncar\source.SchDoc with TIP32C from ON Semi General Purpose Transistors.IntLib
Replace Part Q2 PHPT610030NPK in C:\Users\Work\Desktop\Koncar\Altium\current_source_koncar\source.SchDoc with PHPT610030NPK from za_koncar.SchLib
Replace Part Q2 PHPT610030NPK in C:\Users\Work\Desktop\Koncar\Altium\current_source_koncar\source.SchDoc with PHPT610030NPK from za_koncar.SchLib
Replace Part Q3 PHPT610030NPK in C:\Users\Work\Desktop\Koncar\Altium\current_source_koncar\source.SchDoc with PHPT610030NPK from za_koncar.SchLib
Replace Part Q3 PHPT610030NPK in C:\Users\Work\Desktop\Koncar\Altium\current_source_koncar\source.SchDoc with PHPT610030NPK from za_koncar.SchLib
Replace Part Q4 TIP31C in C:\Users\Work\Desktop\Koncar\Altium\current_source_koncar\source.SchDoc with TIP31C from ON Semi General Purpose Transistors.IntLib
Replace Part R1 Resistor in C:\Users\Work\Desktop\Koncar\Altium\current_source_koncar\source.SchDoc with Resistor from Celestial Altium Library - altium_library.DbLib
Replace Part R2 Resistor in C:\Users\Work\Desktop\Koncar\Altium\current_source_koncar\source.SchDoc with Resistor from Celestial Altium Library - altium_library.DbLib
Replace Part R3 Resistor in C:\Users\Work\Desktop\Koncar\Altium\current_source_koncar\source.SchDoc with Resistor from Celestial Altium Library - altium_library.DbLib
Replace Part R4 Resistor in C:\Users\Work\Desktop\Koncar\Altium\current_source_koncar\source.SchDoc with Resistor from Celestial Altium Library - altium_library.DbLib
Replace Part R5 Resistor in C:\Users\Work\Desktop\Koncar\Altium\current_source_koncar\source.SchDoc with Resistor from Celestial Altium Library - altium_library.DbLib
Replace Part R6 Resistor in C:\Users\Work\Desktop\Koncar\Altium\current_source_koncar\source.SchDoc with Resistor from Celestial Altium Library - altium_library.DbLib
Replace Part R7 Resistor in C:\Users\Work\Desktop\Koncar\Altium\current_source_koncar\source.SchDoc with Resistor from Celestial Altium Library - altium_library.DbLib
Replace Part R8 Resistor in C:\Users\Work\Desktop\Koncar\Altium\current_source_koncar\source.SchDoc with Resistor from Celestial Altium Library - altium_library.DbLib
Replace Part R9 Resistor in C:\Users\Work\Desktop\Koncar\Altium\current_source_koncar\source.SchDoc with Resistor from Celestial Altium Library - altium_library.DbLib
Replace Part R10 Resistor in C:\Users\Work\Desktop\Koncar\Altium\current_source_koncar\source.SchDoc with Resistor from Celestial Altium Library - altium_library.DbLib
Replace Part R11 Resistor in C:\Users\Work\Desktop\Koncar\Altium\current_source_koncar\source.SchDoc with Resistor from Celestial Altium Library - altium_library.DbLib
Replace Part R12 Resistor in C:\Users\Work\Desktop\Koncar\Altium\current_source_koncar\source.SchDoc with Resistor from Celestial Altium Library - altium_library.DbLib
Replace Part R13 Resistor in C:\Users\Work\Desktop\Koncar\Altium\current_source_koncar\source.SchDoc with Resistor from Celestial Altium Library - altium_library.DbLib
Replace Part R14 Resistor in C:\Users\Work\Desktop\Koncar\Altium\current_source_koncar\source.SchDoc with Resistor from Celestial Altium Library - altium_library.DbLib
Replace Part R15 Resistor in C:\Users\Work\Desktop\Koncar\Altium\current_source_koncar\source.SchDoc with Resistor from Celestial Altium Library - altium_library.DbLib
Replace Part U1 TLV9362 in C:\Users\Work\Desktop\Koncar\Altium\current_source_koncar\source.SchDoc with TLV9362 from za_koncar.SchLib
Replace Part U1 TLV9362 in C:\Users\Work\Desktop\Koncar\Altium\current_source_koncar\source.SchDoc with TLV9362 from za_koncar.SchLib
Replace Part U1 TLV9362 in C:\Users\Work\Desktop\Koncar\Altium\current_source_koncar\source.SchDoc with TLV9362 from za_koncar.SchLib
Replace Part U2 TLV9362 in C:\Users\Work\Desktop\Koncar\Altium\current_source_koncar\source.SchDoc with TLV9362 from za_koncar.SchLib
Replace Part U2 TLV9362 in C:\Users\Work\Desktop\Koncar\Altium\current_source_koncar\source.SchDoc with TLV9362 from za_koncar.SchLib
Replace Part U2 TLV9362 in C:\Users\Work\Desktop\Koncar\Altium\current_source_koncar\source.SchDoc with TLV9362 from za_koncar.SchLib
