Removed Pin From Net: NetName=Vreg_mcu Pin=C?-2
Remove Pin from Net: Failed to remove Pin
Remove Pin from Net: Failed to remove Pin
Remove Pin from Net: Failed to remove Pin
Remove Pin from Net: Failed to remove Pin
Removed Member From Class: ClassName=connectors Member=C?
Removed Member From Class: ClassName=LCD Member=C?
Removed Member From Class: ClassName=MCU Member=C?
Removed Member From Class: ClassName=vca_A Member=C?
Removed Member From Class: ClassName=vca_B Member=C?
Removed Member From Class: ClassName=MCU Member=IC?
Removed Member From Class: ClassName=misc Member=IC?
Removed Member From Class: ClassName=LCD Member=J91
Removed Member From Class: ClassName=MCU Member=J91
Removed Member From Class: ClassName=source_A Member=J91
Removed Member From Class: ClassName=source_B Member=J91
Removed Member From Class: ClassName=MCU Member=S?
Removed Member From Class: ClassName=connectors Member=U?
Change Footprint: Footprint Not Found CAP ALSMD 8.3MM H10.5MM
Change Footprint: Footprint Not Found CAP ALSMD 8.3MM H10.5MM
Change Footprint: Footprint Not Found CAP 1206_3216 - 0.8MM
Change Footprint: Footprint Not Found CAP 1206_3216 - 0.8MM
Change Component Footprint: Designator=J97 Old Footprint=FP-5001-MFG New Footprint=FP-5001-MFG
Change Component Footprint: Designator=J98 Old Footprint=FP-5001-MFG New Footprint=FP-5001-MFG
Change Component Footprint: Designator=J? Old Footprint=FP-5001-MFG New Footprint=FP-5001-MFG
Change Component Footprint: Designator=J? Old Footprint=FP-5001-MFG New Footprint=FP-5001-MFG
Change Component Designator: OldDesignator=C? NewDesignator=C52
Change Component Designator: OldDesignator=C? NewDesignator=C53
Change Component Designator: OldDesignator=DS? NewDesignator=DS1
Change Component Designator: OldDesignator=IC? NewDesignator=IC1
Change Component Designator: OldDesignator=IC? NewDesignator=IC2
Change Component Designator: OldDesignator=IC? NewDesignator=IC3
Change Component Designator: OldDesignator=IC? NewDesignator=IC4
Change Component Designator: OldDesignator=J? NewDesignator=J37
Change Component Designator: OldDesignator=J? NewDesignator=J38
Change Component Designator: OldDesignator=J? NewDesignator=J39
Change Component Designator: OldDesignator=J? NewDesignator=J84
Change Component Designator: OldDesignator=J? NewDesignator=J85
Change Component Designator: OldDesignator=J? NewDesignator=J86
Change Component Designator: OldDesignator=J? NewDesignator=J99
Change Component Designator: OldDesignator=S? NewDesignator=S6
Change Component Designator: OldDesignator=U? NewDesignator=U8
Change Component Designator: OldDesignator=U? NewDesignator=U9
Change Component Designator: OldDesignator=U? NewDesignator=U16
Change Component Designator: OldDesignator=Y? NewDesignator=Y1
Add Component: Footprint Not Found CAP 1206_3216 - 0.8MM
Add Component: Footprint Not Found CAP 1206_3216 - 0.8MM
Add Component: Footprint Not Found CAP 1206_3216 - 0.8MM
Add Component: Footprint Not Found CAP 1206_3216 - 0.8MM
Add Component: Footprint Not Found CAP 1206_3216 - 0.8MM
Add Component: Footprint Not Found CAP 1206_3216 - 0.8MM
Add Component: Footprint Not Found CAP 1206_3216 - 0.8MM
Add Component: Footprint Not Found CAP 1206_3216 - 0.8MM
Add Component: Footprint Not Found CAP 1206_3216 - 0.8MM
Add Component: Footprint Not Found CAP 1206_3216 - 0.8MM
Add Component: Footprint Not Found CAP 1206_3216 - 0.8MM
Add Component: Footprint Not Found CAP 1206_3216 - 0.8MM
Add Component: Footprint Not Found CAP 1206_3216 - 0.8MM
Add Component: Footprint Not Found CAP 1206_3216 - 0.8MM
Add Component: Footprint Not Found CAP 1206_3216 - 0.8MM
Add Component: Footprint Not Found CAP 1206_3216 - 0.8MM
Add Component: Footprint Not Found CAP 1206_3216 - 0.8MM
Add Component: Footprint Not Found CAP 1206_3216 - 0.8MM
Add Component: Footprint Not Found CAP 1206_3216 - 0.8MM
Add Component: Footprint Not Found RES 1206_3216
Add Component: Footprint Not Found RES 1206_3216
Add Component: Footprint Not Found RES 1206_3216
Add Component: Footprint Not Found RES 1206_3216
Add Component: Footprint Not Found RES 1206_3216
Add Component: Footprint Not Found RES 1206_3216
Add Component: Footprint Not Found YAGEO RES 1206_3216
Add Component: Footprint Not Found YAGEO RES 1206_3216
Add Component: Footprint Not Found YAGEO RES 1206_3216
Add Component: Footprint Not Found TE FSM4JSMA
Add Pin To Net: Unknown Pin: Pin C39-1
Add Pin To Net: Unknown Pin: Pin C44-1
Add Pin To Net: Unknown Pin: Pin C46-1
Add Pin To Net: Unknown Pin: Pin C46-2
Add Pin To Net: Unknown Pin: Pin C47-1
Add Pin To Net: Unknown Pin: Pin C47-2
Add Pin To Net: Unknown Pin: Pin C50-1
Add Pin To Net: Unknown Pin: Pin C50-2
Add Pin To Net: Unknown Pin: Pin C51-1
Add Pin To Net: Unknown Pin: Pin C51-2
Added Pin To Net: NetName=GND Pin=C52-2
Add Pin To Net: Unknown Pin: Pin C55-1
Add Pin To Net: Unknown Pin: Pin C55-2
Add Pin To Net: Unknown Pin: Pin C56-1
Add Pin To Net: Unknown Pin: Pin C56-2
Add Pin To Net: Unknown Pin: Pin C57-1
Add Pin To Net: Unknown Pin: Pin C57-2
Add Pin To Net: Unknown Pin: Pin C58-1
Add Pin To Net: Unknown Pin: Pin C58-2
Add Pin To Net: Unknown Pin: Pin C59-1
Add Pin To Net: Unknown Pin: Pin C60-1
Add Pin To Net: Unknown Pin: Pin C60-2
Add Pin To Net: Unknown Pin: Pin C61-1
Add Pin To Net: Unknown Pin: Pin C61-2
Add Pin To Net: Unknown Pin: Pin C62-1
Add Pin To Net: Unknown Pin: Pin C62-2
Add Pin To Net: Unknown Pin: Pin C63-1
Add Pin To Net: Unknown Pin: Pin C63-2
Add Pin To Net: Unknown Pin: Pin C91-1
Add Pin To Net: Unknown Pin: Pin C91-2
Add Pin To Net: Unknown Pin: Pin C117-1
Add Pin To Net: Unknown Pin: Pin C117-2
Add Pin To Net: Unknown Pin: Pin C118-1
Add Pin To Net: Unknown Pin: Pin C118-2
Add Pin To Net: Unknown Pin: Pin C119-1
Add Pin To Net: Unknown Pin: Pin C119-2
Add Pin To Net: Unknown Pin: Pin R60-1
Add Pin To Net: Unknown Pin: Pin R61-1
Add Pin To Net: Unknown Pin: Pin R62-2
Add Pin To Net: Unknown Pin: Pin R63-1
Add Pin To Net: Unknown Pin: Pin R64-1
Add Pin To Net: Unknown Pin: Pin R65-2
Add Pin To Net: Unknown Pin: Pin R66-2
Add Pin To Net: Unknown Pin: Pin R67-1
Add Pin To Net: Unknown Pin: Pin S5-1
Add Pin To Net: Unknown Pin: Pin S5-2
Added Pin To Net: NetName=NetR72_2 Pin=U8-1
Added Pin To Net: NetName=NetR72_2 Pin=U8-2
Added Pin To Net: NetName=NetR74_2 Pin=U8-6
Added Pin To Net: NetName=NetR74_2 Pin=U8-7
Change Net Name : Old Net Name=NetC?_1 New Net Name=NetC52_1
Change Net Name : Old Net Name=NetC?_2 New Net Name=NetC53_2
Change Net Name : Old Net Name=NetIC?_4 New Net Name=NetIC1_4
Change Net Name : Old Net Name=NetIC?_5 New Net Name=NetIC1_5
Change Net Name : Old Net Name=NetJ95_1 New Net Name=NetJ37_1
Change Net Name : Old Net Name=NetJ96_1 New Net Name=NetJ84_1
Change Net Name : Old Net Name=NetJ?_3 New Net Name=NetJ37_3
Change Net Name : Old Net Name=NetS?_1 New Net Name=NetS6_1
Change Net Name : Old Net Name=NetS?_5 New Net Name=NetS6_5
Added Pin To Net: NetName=NetC39_2 Pin=Q9-2
Added Pin To Net: NetName=NetC39_2 Pin=R27-2
Added Net: Name=NetC39_2
Added Pin To Net: NetName=NetC44_2 Pin=IC2-10
Added Net: Name=NetC44_2
Added Pin To Net: NetName=NetC59_2 Pin=Q21-2
Added Pin To Net: NetName=NetC59_2 Pin=R113-2
Added Net: Name=NetC59_2
Added Pin To Net: NetName=NetJ38_1 Pin=J38-1
Added Pin To Net: NetName=NetJ38_1 Pin=U8-3
Added Net: Name=NetJ38_1
Added Pin To Net: NetName=NetJ39_1 Pin=J39-1
Added Pin To Net: NetName=NetJ39_1 Pin=U8-5
Added Net: Name=NetJ39_1
Added Pin To Net: NetName=NetJ84_3 Pin=J84-3
Added Pin To Net: NetName=NetJ84_3 Pin=R107-1
Added Pin To Net: NetName=NetJ84_3 Pin=U15-1
Added Net: Name=NetJ84_3
Added Pin To Net: NetName=NetR66_1 Pin=U9-4
Added Net: Name=NetR66_1
Added Net: Name=NetR134_2
Add Class Member: Failed to add class member : Component C39 1 µF
Add Class Member: Failed to add class member : Component C44 0.1 µF
Add Class Member: Failed to add class member : Component C46 1 µF
Add Class Member: Failed to add class member : Component C47 10 µF
Add Class Member: Failed to add class member : Component C50 0.1 µF
Add Class Member: Failed to add class member : Component C51 1 µF
Added Member To Class: ClassName=misc Member=Component C53 4pF
Add Class Member: Failed to add class member : Component C55 1 µF
Add Class Member: Failed to add class member : Component C56 0.1 µF
Add Class Member: Failed to add class member : Component C57 0.1 µF
Add Class Member: Failed to add class member : Component C58 1 µF
Add Class Member: Failed to add class member : Component C59 1 µF
Add Class Member: Failed to add class member : Component C60 2.2 µF
Add Class Member: Failed to add class member : Component C61 2.2 µF
Add Class Member: Failed to add class member : Component C62 2.2 µF
Add Class Member: Failed to add class member : Component C63 2.2 µF
Add Class Member: Failed to add class member : Component C91 1 µF
Add Class Member: Failed to add class member : Component C117 0.1 µF
Add Class Member: Failed to add class member : Component C118 0.1 µF
Add Class Member: Failed to add class member : Component C119 1 µF
Added Member To Class: ClassName=MCU Member=Component IC1 MCP47CVB12-E_UN
Added Member To Class: ClassName=MCU Member=Component IC2 STM32G030C8T6
Added Member To Class: ClassName=misc Member=Component IC3 REF3425IDBVR
Added Member To Class: ClassName=source_A Member=Component J37 M20-9990346
Added Member To Class: ClassName=connectors Member=Component J38 5001
Added Member To Class: ClassName=connectors Member=Component J39 5001
Added Member To Class: ClassName=MCU Member=Component J82 5001
Added Member To Class: ClassName=source_B Member=Component J84 M20-9990346
Added Member To Class: ClassName=LCD Member=Component J85 5001
Added Member To Class: ClassName=LCD Member=Component J86 5001
Added Member To Class: ClassName=LCD Member=Component J99 5001
Add Class Member: Failed to add class member : Component R60 10 kOhms
Add Class Member: Failed to add class member : Component R61 20 kOhms
Add Class Member: Failed to add class member : Component R62 20 kOhms
Add Class Member: Failed to add class member : Component R63 10 kOhms
Add Class Member: Failed to add class member : Component R64 20 kOhms
Add Class Member: Failed to add class member : Component R65 20 kOhms
Add Class Member: Failed to add class member : Component R66 1.8 kOhms
Add Class Member: Failed to add class member : Component R67 1 kOhms
Add Class Member: Failed to add class member : Component R134 10 kOhms
Add Class Member: Failed to add class member : Component S5 FSM4JSMA
Added Member To Class: ClassName=connectors Member=Component U8 TLV9362
Added Member To Class: ClassName=LCD Member=Component U16 TLV9362
