Change Component Designator: Old Designator=C? New Designator=C100
Change Component Designator: Old Designator=C? New Designator=C101
Change Component Designator: Old Designator=C? New Designator=C102
Change Component Designator: Old Designator=C? New Designator=C103
Change Component Designator: Old Designator=C? New Designator=C104
Change Component Designator: Old Designator=C? New Designator=C105
Change Component Designator: Old Designator=C? New Designator=C106
Change Component Designator: Old Designator=C? New Designator=C107
Change Component Designator: Old Designator=C? New Designator=C108
Change Component Designator: Old Designator=C? New Designator=C109
Change Component Designator: Old Designator=C? New Designator=C110
Change Component Designator: Old Designator=J? New Designator=J52
Change Component Designator: Old Designator=J? New Designator=J53
Change Component Designator: Old Designator=J? New Designator=J54
Change Component Designator: Old Designator=J? New Designator=J55
Change Component Designator: Old Designator=J? New Designator=J56
Change Component Designator: Old Designator=J? New Designator=J57
Change Component Designator: Old Designator=J? New Designator=J58
Change Component Designator: Old Designator=J? New Designator=J59
Change Component Designator: Old Designator=J? New Designator=J60
Change Component Designator: Old Designator=J? New Designator=J61
Change Component Designator: Old Designator=J? New Designator=J62
Change Component Designator: Old Designator=J? New Designator=J63
Change Component Designator: Old Designator=J? New Designator=J64
Change Component Designator: Old Designator=J? New Designator=J65
Change Component Designator: Old Designator=J? New Designator=J66
Change Component Designator: Old Designator=J? New Designator=J67
Change Component Designator: Old Designator=J? New Designator=J68
Change Component Designator: Old Designator=J? New Designator=J69
Change Component Designator: Old Designator=J? New Designator=J70
Change Component Designator: Old Designator=J? New Designator=J71
Change Component Designator: Old Designator=Q? New Designator=Q14
Change Component Designator: Old Designator=Q? New Designator=Q15
Change Component Designator: Old Designator=Q? New Designator=Q14
Change Component Designator: Old Designator=Q? New Designator=Q15
Change Component Designator: Old Designator=Q? New Designator=Q13
Change Component Designator: Old Designator=Q? New Designator=Q16
Change Component Designator: Old Designator=R? New Designator=R87
Change Component Designator: Old Designator=R? New Designator=R88
Change Component Designator: Old Designator=R? New Designator=R89
Change Component Designator: Old Designator=R? New Designator=R90
Change Component Designator: Old Designator=R? New Designator=R91
Change Component Designator: Old Designator=R? New Designator=R92
Change Component Designator: Old Designator=R? New Designator=R93
Change Component Designator: Old Designator=R? New Designator=R94
Change Component Designator: Old Designator=R? New Designator=R95
Change Component Designator: Old Designator=R? New Designator=R96
Change Component Designator: Old Designator=R? New Designator=R97
Change Component Designator: Old Designator=R? New Designator=R98
Change Component Designator: Old Designator=R? New Designator=R99
Change Component Designator: Old Designator=R? New Designator=R100
Change Component Designator: Old Designator=R? New Designator=R101
Change Component Designator: Old Designator=U? New Designator=U13
Change Component Designator: Old Designator=U? New Designator=U14
Change Component Designator: Old Designator=U? New Designator=U13
Change Component Designator: Old Designator=U? New Designator=U14
Change Component Designator: Old Designator=U? New Designator=U13
Change Component Designator: Old Designator=U? New Designator=U14
