Replace Part C16 Capacitor in C:\Users\Work\Desktop\Koncar\Altium\current_source_koncar\vca.SchDoc with Capacitor from Celestial Altium Library - altium_library.DbLib
Replace Part C17 Capacitor in C:\Users\Work\Desktop\Koncar\Altium\current_source_koncar\vca.SchDoc with Capacitor from Celestial Altium Library - altium_library.DbLib
Replace Part C18 Capacitor in C:\Users\Work\Desktop\Koncar\Altium\current_source_koncar\vca.SchDoc with Capacitor from Celestial Altium Library - altium_library.DbLib
Replace Part C19 Capacitor in C:\Users\Work\Desktop\Koncar\Altium\current_source_koncar\vca.SchDoc with Capacitor from Celestial Altium Library - altium_library.DbLib
Replace Part D? BZX38450-C1V8X in C:\Users\Work\Desktop\Koncar\Altium\current_source_koncar\vca.SchDoc with BZX38450-C1V8X from za_koncar.SchLib
Replace Part J29 CMP-2000-05181-2 in C:\Users\Work\Desktop\Koncar\Altium\current_source_koncar\vca.SchDoc with CMP-2000-05181-2 from za_koncar.SchLib
Replace Part J30 CMP-2000-05181-2 in C:\Users\Work\Desktop\Koncar\Altium\current_source_koncar\vca.SchDoc with CMP-2000-05181-2 from za_koncar.SchLib
Replace Part J31 CMP-2000-05181-2 in C:\Users\Work\Desktop\Koncar\Altium\current_source_koncar\vca.SchDoc with CMP-2000-05181-2 from za_koncar.SchLib
Replace Part J32 CMP-2000-05181-2 in C:\Users\Work\Desktop\Koncar\Altium\current_source_koncar\vca.SchDoc with CMP-2000-05181-2 from za_koncar.SchLib
Replace Part J33 CMP-2000-05181-2 in C:\Users\Work\Desktop\Koncar\Altium\current_source_koncar\vca.SchDoc with CMP-2000-05181-2 from za_koncar.SchLib
Replace Part J34 CMP-2000-05181-2 in C:\Users\Work\Desktop\Koncar\Altium\current_source_koncar\vca.SchDoc with CMP-2000-05181-2 from za_koncar.SchLib
Replace Part J36 CMP-2000-05181-2 in C:\Users\Work\Desktop\Koncar\Altium\current_source_koncar\vca.SchDoc with CMP-2000-05181-2 from za_koncar.SchLib
Replace Part Q5 BC846BS in C:\Users\Work\Desktop\Koncar\Altium\current_source_koncar\vca.SchDoc with BC846BS from za_koncar.SchLib
Replace Part Q5 BC846BS in C:\Users\Work\Desktop\Koncar\Altium\current_source_koncar\vca.SchDoc with BC846BS from za_koncar.SchLib
Replace Part Q6 BC846BS in C:\Users\Work\Desktop\Koncar\Altium\current_source_koncar\vca.SchDoc with BC846BS from za_koncar.SchLib
Replace Part Q6 BC846BS in C:\Users\Work\Desktop\Koncar\Altium\current_source_koncar\vca.SchDoc with BC846BS from za_koncar.SchLib
Replace Part Q7 BC846BS in C:\Users\Work\Desktop\Koncar\Altium\current_source_koncar\vca.SchDoc with BC846BS from za_koncar.SchLib
Replace Part Q7 BC846BS in C:\Users\Work\Desktop\Koncar\Altium\current_source_koncar\vca.SchDoc with BC846BS from za_koncar.SchLib
Replace Part Q8 BC846BS in C:\Users\Work\Desktop\Koncar\Altium\current_source_koncar\vca.SchDoc with BC846BS from za_koncar.SchLib
Replace Part Q8 BC846BS in C:\Users\Work\Desktop\Koncar\Altium\current_source_koncar\vca.SchDoc with BC846BS from za_koncar.SchLib
Replace Part Q9 BC846BS in C:\Users\Work\Desktop\Koncar\Altium\current_source_koncar\vca.SchDoc with BC846BS from za_koncar.SchLib
Replace Part Q9 BC846BS in C:\Users\Work\Desktop\Koncar\Altium\current_source_koncar\vca.SchDoc with BC846BS from za_koncar.SchLib
Replace Part Q10 BC846BS in C:\Users\Work\Desktop\Koncar\Altium\current_source_koncar\vca.SchDoc with BC846BS from za_koncar.SchLib
Replace Part Q10 BC846BS in C:\Users\Work\Desktop\Koncar\Altium\current_source_koncar\vca.SchDoc with BC846BS from za_koncar.SchLib
Replace Part Q11 BC846BS in C:\Users\Work\Desktop\Koncar\Altium\current_source_koncar\vca.SchDoc with BC846BS from za_koncar.SchLib
Replace Part Q11 BC846BS in C:\Users\Work\Desktop\Koncar\Altium\current_source_koncar\vca.SchDoc with BC846BS from za_koncar.SchLib
Replace Part Q12 BC846BS in C:\Users\Work\Desktop\Koncar\Altium\current_source_koncar\vca.SchDoc with BC846BS from za_koncar.SchLib
Replace Part Q12 BC846BS in C:\Users\Work\Desktop\Koncar\Altium\current_source_koncar\vca.SchDoc with BC846BS from za_koncar.SchLib
Replace Part R16 Resistor in C:\Users\Work\Desktop\Koncar\Altium\current_source_koncar\vca.SchDoc with Resistor from Celestial Altium Library - altium_library.DbLib
Replace Part R17 Resistor in C:\Users\Work\Desktop\Koncar\Altium\current_source_koncar\vca.SchDoc with Resistor from Celestial Altium Library - altium_library.DbLib
Replace Part R18 Resistor in C:\Users\Work\Desktop\Koncar\Altium\current_source_koncar\vca.SchDoc with Resistor from Celestial Altium Library - altium_library.DbLib
Replace Part R19 Resistor in C:\Users\Work\Desktop\Koncar\Altium\current_source_koncar\vca.SchDoc with Resistor from Celestial Altium Library - altium_library.DbLib
Replace Part R20 Resistor in C:\Users\Work\Desktop\Koncar\Altium\current_source_koncar\vca.SchDoc with Resistor from Celestial Altium Library - altium_library.DbLib
Replace Part R21 Resistor in C:\Users\Work\Desktop\Koncar\Altium\current_source_koncar\vca.SchDoc with Resistor from Celestial Altium Library - altium_library.DbLib
Replace Part R22 Resistor in C:\Users\Work\Desktop\Koncar\Altium\current_source_koncar\vca.SchDoc with Resistor from Celestial Altium Library - altium_library.DbLib
Replace Part R23 Resistor in C:\Users\Work\Desktop\Koncar\Altium\current_source_koncar\vca.SchDoc with Resistor from Celestial Altium Library - altium_library.DbLib
Replace Part R24 Resistor in C:\Users\Work\Desktop\Koncar\Altium\current_source_koncar\vca.SchDoc with Resistor from Celestial Altium Library - altium_library.DbLib
Replace Part R25 Resistor in C:\Users\Work\Desktop\Koncar\Altium\current_source_koncar\vca.SchDoc with Resistor from Celestial Altium Library - altium_library.DbLib
Replace Part R26 Resistor in C:\Users\Work\Desktop\Koncar\Altium\current_source_koncar\vca.SchDoc with Resistor from Celestial Altium Library - altium_library.DbLib
Replace Part R27 Resistor in C:\Users\Work\Desktop\Koncar\Altium\current_source_koncar\vca.SchDoc with Resistor from Celestial Altium Library - altium_library.DbLib
Replace Part R28 Resistor in C:\Users\Work\Desktop\Koncar\Altium\current_source_koncar\vca.SchDoc with Resistor from Celestial Altium Library - altium_library.DbLib
Replace Part R29 Resistor in C:\Users\Work\Desktop\Koncar\Altium\current_source_koncar\vca.SchDoc with Resistor from Celestial Altium Library - altium_library.DbLib
Replace Part R30 Resistor in C:\Users\Work\Desktop\Koncar\Altium\current_source_koncar\vca.SchDoc with Resistor from Celestial Altium Library - altium_library.DbLib
Replace Part R31 Resistor in C:\Users\Work\Desktop\Koncar\Altium\current_source_koncar\vca.SchDoc with Resistor from Celestial Altium Library - altium_library.DbLib
Replace Part R32 Resistor in C:\Users\Work\Desktop\Koncar\Altium\current_source_koncar\vca.SchDoc with Resistor from Celestial Altium Library - altium_library.DbLib
Replace Part R33 Resistor in C:\Users\Work\Desktop\Koncar\Altium\current_source_koncar\vca.SchDoc with Resistor from Celestial Altium Library - altium_library.DbLib
Replace Part R34 Resistor in C:\Users\Work\Desktop\Koncar\Altium\current_source_koncar\vca.SchDoc with Resistor from Celestial Altium Library - altium_library.DbLib
Replace Part R35 Resistor in C:\Users\Work\Desktop\Koncar\Altium\current_source_koncar\vca.SchDoc with Resistor from Celestial Altium Library - altium_library.DbLib
Replace Part R36 Resistor in C:\Users\Work\Desktop\Koncar\Altium\current_source_koncar\vca.SchDoc with Resistor from Celestial Altium Library - altium_library.DbLib
Replace Part R37 Resistor in C:\Users\Work\Desktop\Koncar\Altium\current_source_koncar\vca.SchDoc with Resistor from Celestial Altium Library - altium_library.DbLib
Replace Part R38 Resistor in C:\Users\Work\Desktop\Koncar\Altium\current_source_koncar\vca.SchDoc with Resistor from Celestial Altium Library - altium_library.DbLib
Replace Part R39 Resistor in C:\Users\Work\Desktop\Koncar\Altium\current_source_koncar\vca.SchDoc with Resistor from Celestial Altium Library - altium_library.DbLib
Replace Part R40 Resistor in C:\Users\Work\Desktop\Koncar\Altium\current_source_koncar\vca.SchDoc with Resistor from Celestial Altium Library - altium_library.DbLib
Replace Part R41 Resistor in C:\Users\Work\Desktop\Koncar\Altium\current_source_koncar\vca.SchDoc with Resistor from Celestial Altium Library - altium_library.DbLib
Replace Part R42 Resistor in C:\Users\Work\Desktop\Koncar\Altium\current_source_koncar\vca.SchDoc with Resistor from Celestial Altium Library - altium_library.DbLib
Replace Part R43 Resistor in C:\Users\Work\Desktop\Koncar\Altium\current_source_koncar\vca.SchDoc with Resistor from Celestial Altium Library - altium_library.DbLib
Replace Part R44 Resistor in C:\Users\Work\Desktop\Koncar\Altium\current_source_koncar\vca.SchDoc with Resistor from Celestial Altium Library - altium_library.DbLib
Replace Part R45 Resistor in C:\Users\Work\Desktop\Koncar\Altium\current_source_koncar\vca.SchDoc with Resistor from Celestial Altium Library - altium_library.DbLib
Replace Part R46 Resistor in C:\Users\Work\Desktop\Koncar\Altium\current_source_koncar\vca.SchDoc with Resistor from Celestial Altium Library - altium_library.DbLib
Replace Part R47 Resistor in C:\Users\Work\Desktop\Koncar\Altium\current_source_koncar\vca.SchDoc with Resistor from Celestial Altium Library - altium_library.DbLib
Replace Part Rdummy1 Resistor in C:\Users\Work\Desktop\Koncar\Altium\current_source_koncar\vca.SchDoc with Resistor from Celestial Altium Library - altium_library.DbLib
Replace Part Rdummy2 Resistor in C:\Users\Work\Desktop\Koncar\Altium\current_source_koncar\vca.SchDoc with Resistor from Celestial Altium Library - altium_library.DbLib
Replace Part Rdummy3 Resistor in C:\Users\Work\Desktop\Koncar\Altium\current_source_koncar\vca.SchDoc with Resistor from Celestial Altium Library - altium_library.DbLib
Replace Part U3 TLV9362 in C:\Users\Work\Desktop\Koncar\Altium\current_source_koncar\vca.SchDoc with TLV9362 from za_koncar.SchLib
Replace Part U3 TLV9362 in C:\Users\Work\Desktop\Koncar\Altium\current_source_koncar\vca.SchDoc with TLV9362 from za_koncar.SchLib
Replace Part U3 TLV9362 in C:\Users\Work\Desktop\Koncar\Altium\current_source_koncar\vca.SchDoc with TLV9362 from za_koncar.SchLib
