Removed Pin From Net: NetName=GND Pin=C8-1
Removed Pin From Net: NetName=VCC Pin=C8-2
Removed Pin From Net: NetName=GND Pin=C22-1
Removed Pin From Net: NetName=VCC Pin=C22-2
Removed Pin From Net: NetName=VCC Pin=C23-1
Removed Pin From Net: NetName=GND Pin=C23-2
Removed Pin From Net: NetName=VCC Pin=C24-1
Removed Pin From Net: NetName=GND Pin=C24-2
Removed Pin From Net: NetName=GND Pin=C25-1
Removed Pin From Net: NetName=VCC Pin=C25-2
Removed Pin From Net: NetName=GND Pin=C26-1
Removed Pin From Net: NetName=VCC Pin=C26-2
Removed Pin From Net: NetName=GND Pin=C27-1
Removed Pin From Net: NetName=VCC_LDO_OUT Pin=C27-2
Removed Pin From Net: NetName=GND Pin=C28-1
Removed Pin From Net: NetName=VCC_LDO_OUT Pin=C28-2
Removed Pin From Net: NetName=GND Pin=C29-1
Removed Pin From Net: NetName=VCC_filtered Pin=C29-2
Removed Pin From Net: NetName=GND Pin=C30-1
Removed Pin From Net: NetName=VDD_filtered Pin=C30-2
Removed Pin From Net: NetName=GND Pin=C31-1
Removed Pin From Net: NetName=GND Pin=C32-1
Removed Pin From Net: NetName=GND Pin=C33-1
Removed Pin From Net: NetName=VDD_LDO_OUT Pin=C33-2
Removed Pin From Net: NetName=GND Pin=C34-1
Removed Pin From Net: NetName=VDD_LDO_OUT Pin=C34-2
Removed Pin From Net: NetName=GND Pin=C35-1
Removed Pin From Net: NetName=GND Pin=C36-1
Removed Pin From Net: NetName=GND Pin=C37-2
Removed Pin From Net: NetName=GND Pin=C38-2
Removed Pin From Net: NetName=GND Pin=C39-1
Removed Pin From Net: NetName=Vref Pin=C39-2
Removed Pin From Net: NetName=GND Pin=C44-1
Removed Pin From Net: NetName=GND Pin=C50-1
Removed Pin From Net: NetName=Vref Pin=C50-2
Removed Pin From Net: NetName=GND Pin=C51-1
Removed Pin From Net: NetName=GND Pin=C52-2
Removed Pin From Net: NetName=GND Pin=C53-1
Removed Pin From Net: NetName=GND Pin=C55-1
Removed Pin From Net: NetName=GND Pin=C56-1
Removed Pin From Net: NetName=GND Pin=C57-1
Removed Pin From Net: NetName=GND Pin=C58-1
Removed Pin From Net: NetName=GND Pin=C64-2
Removed Pin From Net: NetName=GND Pin=C66-2
Removed Pin From Net: NetName=GND Pin=C68-2
Removed Pin From Net: NetName=GND Pin=C69-1
Removed Pin From Net: NetName=GND Pin=C70-1
Removed Pin From Net: NetName=GND Pin=C72-2
Removed Pin From Net: NetName=GND Pin=C83-2
Removed Pin From Net: NetName=GND Pin=C87-2
Removed Pin From Net: NetName=GND Pin=C111-1
Removed Pin From Net: NetName=VDD_LDO_OUT Pin=C116-1
Removed Pin From Net: NetName=GND Pin=D2-1
Removed Pin From Net: NetName=GND Pin=D3-2
Removed Pin From Net: NetName=GND Pin=D4-1
Removed Pin From Net: NetName=GND Pin=D5-1
Removed Pin From Net: NetName=VDD_LDO_OUT Pin=D6-1
Removed Pin From Net: NetName=GND Pin=D7-1
Removed Pin From Net: NetName=GND Pin=D8-1
Removed Pin From Net: NetName=GND Pin=D9-1
Removed Pin From Net: NetName=GND Pin=D10-1
Removed Pin From Net: NetName=VCC Pin=DS1-1
Removed Pin From Net: NetName=GND Pin=DS1-26
Removed Pin From Net: NetName=LCD_PWR Pin=DS1-32
Removed Pin From Net: NetName=GND Pin=DS1-33
Removed Pin From Net: NetName=+3.3 Pin=DS1-34
Removed Pin From Net: NetName=+3.3 Pin=DS1-35
Removed Pin From Net: NetName=+3.3 Pin=IC2-4
Removed Pin From Net: NetName=Vref Pin=IC2-5
Removed Pin From Net: NetName=+3.3 Pin=IC2-6
Removed Pin From Net: NetName=GND Pin=IC2-7
Removed Pin From Net: NetName=GND Pin=IC4-3
Removed Pin From Net: NetName=Vref Pin=IC6-1
Removed Pin From Net: NetName=GND Pin=IC6-10
Removed Pin From Net: NetName=GND Pin=J1-2
Removed Pin From Net: NetName=GND Pin=J2-2
Removed Pin From Net: NetName=GND Pin=J3-1
Removed Pin From Net: NetName=VCC_LDO_OUT Pin=J7-1
Removed Pin From Net: NetName=GND Pin=J11-1
Removed Pin From Net: NetName=GND Pin=J12-1
Removed Pin From Net: NetName=GND Pin=J13-1
Removed Pin From Net: NetName=GND Pin=J16-1
Removed Pin From Net: NetName=Vref Pin=J21-2
Removed Pin From Net: NetName=Vref Pin=J21-4
Removed Pin From Net: NetName=Vref Pin=J21-6
Removed Pin From Net: NetName=Vref Pin=J21-8
Removed Pin From Net: NetName=Vref Pin=J21-10
Removed Pin From Net: NetName=Vref Pin=J21-12
Removed Pin From Net: NetName=Vref Pin=J21-14
Removed Pin From Net: NetName=Vref Pin=J22-2
Removed Pin From Net: NetName=Vref Pin=J22-4
Removed Pin From Net: NetName=Vref Pin=J22-6
Removed Pin From Net: NetName=Vref Pin=J22-8
Removed Pin From Net: NetName=Vref Pin=J22-10
Removed Pin From Net: NetName=Vref Pin=J22-12
Removed Pin From Net: NetName=Vref Pin=J22-14
Removed Pin From Net: NetName=GND Pin=J49-2
Removed Pin From Net: NetName=GND Pin=J49-3
Removed Pin From Net: NetName=GND Pin=J49-4
Removed Pin From Net: NetName=GND Pin=J49-5
Removed Pin From Net: NetName=GND Pin=J50-2
Removed Pin From Net: NetName=GND Pin=J50-3
Removed Pin From Net: NetName=GND Pin=J50-4
Removed Pin From Net: NetName=GND Pin=J50-5
Removed Pin From Net: NetName=GND Pin=J51-2
Removed Pin From Net: NetName=GND Pin=J52-1
Removed Pin From Net: NetName=GND Pin=J59-1
Removed Pin From Net: NetName=GND Pin=J60-1
Removed Pin From Net: NetName=GND Pin=J62-1
Removed Pin From Net: NetName=VDD_LDO_OUT Pin=J81-1
Removed Pin From Net: NetName=GND Pin=J90-2
Removed Pin From Net: NetName=GND Pin=J93-2
Removed Pin From Net: NetName=VCC Pin=J97-1
Removed Pin From Net: NetName=VCC Pin=L1-1
Removed Pin From Net: NetName=VCC_filtered Pin=L1-2
Removed Pin From Net: NetName=VCC Pin=L2-2
Removed Pin From Net: NetName=VDD_filtered Pin=L4-2
Removed Pin From Net: NetName=GND Pin=LS1-2
Removed Pin From Net: NetName=VCC Pin=Q1-3
Removed Pin From Net: NetName=VCC Pin=Q2-7_8
Removed Pin From Net: NetName=VCC Pin=Q13-3
Removed Pin From Net: NetName=VCC Pin=Q14-7_8
Removed Pin From Net: NetName=VCC_LDO_OUT Pin=Q22-3
Removed Pin From Net: NetName=GND Pin=Q25-1
Removed Pin From Net: NetName=GND Pin=Q26-1
Removed Pin From Net: NetName=VCC Pin=R1-2
Removed Pin From Net: NetName=VCC Pin=R2-2
Removed Pin From Net: NetName=GND Pin=R15-1
Removed Pin From Net: NetName=VCC_filtered Pin=R48-2
Removed Pin From Net: NetName=VCC_filtered Pin=R50-1
Removed Pin From Net: NetName=VCC_LDO_OUT Pin=R52-1
Removed Pin From Net: NetName=VDD_LDO_OUT Pin=R54-1
Removed Pin From Net: NetName=VDD_filtered Pin=R55-2
Removed Pin From Net: NetName=VDD_filtered Pin=R56-2
Removed Pin From Net: NetName=GND Pin=R66-2
Removed Pin From Net: NetName=+3.3 Pin=R68-1
Removed Pin From Net: NetName=+3.3 Pin=R69-1
Removed Pin From Net: NetName=Vref Pin=R72-1
Removed Pin From Net: NetName=GND Pin=R76-2
Removed Pin From Net: NetName=Vref Pin=R78-1
Removed Pin From Net: NetName=GND Pin=R82-2
Removed Pin From Net: NetName=Vref Pin=R83-1
Removed Pin From Net: NetName=GND Pin=R85-1
Removed Pin From Net: NetName=GND Pin=R86-1
Removed Pin From Net: NetName=VCC Pin=R87-2
Removed Pin From Net: NetName=VCC Pin=R88-2
Removed Pin From Net: NetName=GND Pin=R101-1
Removed Pin From Net: NetName=VCC_LDO_OUT Pin=R102-2
Removed Pin From Net: NetName=VCC_LDO_OUT Pin=R103-2
Removed Pin From Net: NetName=VCC_LDO_OUT Pin=R104-2
Removed Pin From Net: NetName=GND Pin=R108-2
Removed Pin From Net: NetName=Vref Pin=R115-2
Removed Pin From Net: NetName=GND Pin=R122-1
Removed Pin From Net: NetName=VCC_LDO_OUT Pin=R123-2
Removed Pin From Net: NetName=VDD_LDO_OUT Pin=R131-1
Removed Pin From Net: NetName=VDD_LDO_OUT Pin=R132-1
Removed Pin From Net: NetName=VDD_LDO_OUT Pin=R133-1
Removed Pin From Net: NetName=GND Pin=R134-2
Removed Pin From Net: NetName=GND Pin=R136-2
Removed Pin From Net: NetName=Vref Pin=R137-1
Removed Pin From Net: NetName=GND Pin=R139-2
Removed Pin From Net: NetName=Vref Pin=R140-1
Removed Pin From Net: NetName=GND Pin=R143-2
Removed Pin From Net: NetName=Vref Pin=R144-1
Removed Pin From Net: NetName=GND Pin=R146-2
Removed Pin From Net: NetName=GND Pin=R160-1
Removed Pin From Net: NetName=GND Pin=R162-1
Removed Pin From Net: NetName=GND Pin=R172-1
Removed Pin From Net: NetName=GND Pin=R174-1
Removed Pin From Net: NetName=GND Pin=S1-1
Removed Pin From Net: NetName=GND Pin=S1-2
Removed Pin From Net: NetName=GND Pin=S2-1
Removed Pin From Net: NetName=GND Pin=S2-2
Removed Pin From Net: NetName=GND Pin=S3-1
Removed Pin From Net: NetName=GND Pin=S3-2
Removed Pin From Net: NetName=GND Pin=S4-1
Removed Pin From Net: NetName=GND Pin=S4-2
Removed Pin From Net: NetName=GND Pin=S5-1
Removed Pin From Net: NetName=GND Pin=S5-2
Removed Pin From Net: NetName=GND Pin=SW1-1
Removed Pin From Net: NetName=GND Pin=SW1-3
Removed Pin From Net: NetName=GND Pin=SW1-4
Removed Pin From Net: NetName=GND Pin=SW1-C
Removed Pin From Net: NetName=GND Pin=U1-3
Removed Pin From Net: NetName=VCC_LDO_OUT Pin=U4-1
Removed Pin From Net: NetName=GND Pin=U4-2
Removed Pin From Net: NetName=VCC Pin=U4-3
Removed Pin From Net: NetName=GND Pin=U6-1
Removed Pin From Net: NetName=VDD_LDO_OUT Pin=U6-5
Removed Pin From Net: NetName=GND Pin=U13-3
Removed Pin From Net: NetName=GND Pin=Y1-2
Removed Pin From Net: NetName=GND Pin=Y1-4
Added Pin To Net: NetName=NetR21_1 Pin=R21-1
Added Pin To Net: NetName=NetR21_1 Pin=U3-1
Added Net: Name=NetR21_1
Added Pin To Net: NetName=NetR27_1 Pin=R27-1
Added Net: Name=NetR27_1
Added Pin To Net: NetName=NetR28_1 Pin=R28-1
Added Net: Name=NetR28_1
Added Pin To Net: NetName=NetU9_5 Pin=U9-5
Added Net: Name=NetU9_5
Added Member To Class: ClassName=power Member=Component IC1 TLV9002IDDFR
Added Member To Class: ClassName=power Member=Component IC3 TLV9002IDDFR
Added Member To Class: ClassName=power Member=Component IC5 TLV9002IDDFR
Added Member To Class: ClassName=power Member=Component IC7 TLV9002IDDFR
Added Member To Class: ClassName=power Member=Component U1 TLV9362
Added Member To Class: ClassName=power Member=Component U2 TLV9362
Added Member To Class: ClassName=power Member=Component U5 TLV9362
Added Member To Class: ClassName=power Member=Component U13 TLV9362
Added Member To Class: ClassName=power Member=Component U14 TLV9362
Added Member To Class: ClassName=power Member=Component U15 TLV9362
