Change Component Designator: Old Designator=C7 New Designator=C2
Change Component Designator: Old Designator=C54 New Designator=C1
Change Component Designator: Old Designator=J29 New Designator=J1
Change Component Designator: Old Designator=J30 New Designator=J2
Change Component Designator: Old Designator=J31 New Designator=J3
Change Component Designator: Old Designator=J32 New Designator=J4
Change Component Designator: Old Designator=J33 New Designator=J5
Change Component Designator: Old Designator=J34 New Designator=J6
Change Component Designator: Old Designator=J36 New Designator=J7
Change Component Designator: Old Designator=Q5 New Designator=Q1
Change Component Designator: Old Designator=Q5 New Designator=Q1
Change Component Designator: Old Designator=Q6 New Designator=Q2
Change Component Designator: Old Designator=Q6 New Designator=Q2
Change Component Designator: Old Designator=Q7 New Designator=Q3
Change Component Designator: Old Designator=Q7 New Designator=Q3
Change Component Designator: Old Designator=Q8 New Designator=Q4
Change Component Designator: Old Designator=Q8 New Designator=Q4
Change Component Designator: Old Designator=Q9 New Designator=Q5
Change Component Designator: Old Designator=Q9 New Designator=Q5
Change Component Designator: Old Designator=Q10 New Designator=Q8
Change Component Designator: Old Designator=Q10 New Designator=Q6
Change Component Designator: Old Designator=Q11 New Designator=Q6
Change Component Designator: Old Designator=Q11 New Designator=Q7
Change Component Designator: Old Designator=Q12 New Designator=Q7
Change Component Designator: Old Designator=Q12 New Designator=Q8
Change Component Designator: Old Designator=R16 New Designator=R1
Change Component Designator: Old Designator=R17 New Designator=R2
Change Component Designator: Old Designator=R18 New Designator=R3
Change Component Designator: Old Designator=R19 New Designator=R4
Change Component Designator: Old Designator=R20 New Designator=R5
Change Component Designator: Old Designator=R21 New Designator=R6
Change Component Designator: Old Designator=R22 New Designator=R7
Change Component Designator: Old Designator=R23 New Designator=R8
Change Component Designator: Old Designator=R24 New Designator=R9
Change Component Designator: Old Designator=R25 New Designator=R10
Change Component Designator: Old Designator=R26 New Designator=R11
Change Component Designator: Old Designator=R27 New Designator=R13
Change Component Designator: Old Designator=R28 New Designator=R12
Change Component Designator: Old Designator=R29 New Designator=R23
Change Component Designator: Old Designator=R30 New Designator=R14
Change Component Designator: Old Designator=R31 New Designator=R15
Change Component Designator: Old Designator=R32 New Designator=R16
Change Component Designator: Old Designator=R33 New Designator=R17
Change Component Designator: Old Designator=R34 New Designator=R18
Change Component Designator: Old Designator=R35 New Designator=R19
Change Component Designator: Old Designator=R36 New Designator=R25
Change Component Designator: Old Designator=R37 New Designator=R20
Change Component Designator: Old Designator=R38 New Designator=R21
Change Component Designator: Old Designator=R39 New Designator=R22
Change Component Designator: Old Designator=R40 New Designator=R24
Change Component Designator: Old Designator=R41 New Designator=R26
Change Component Designator: Old Designator=R42 New Designator=R27
Change Component Designator: Old Designator=R43 New Designator=R28
Change Component Designator: Old Designator=R44 New Designator=R29
Change Component Designator: Old Designator=R45 New Designator=R30
Change Component Designator: Old Designator=R46 New Designator=R31
Change Component Designator: Old Designator=R47 New Designator=R32
Change Component Designator: Old Designator=U3 New Designator=U1
Change Component Designator: Old Designator=U3 New Designator=U1
