Removed Pin From Net: NetName=NetC10_1 Pin=IC1-13
Removed Pin From Net: NetName=NetC14_1 Pin=IC1-14
Removed Pin From Net: NetName=NetC18_1 Pin=IC1-15
Removed Pin From Net: NetName=NetC8_1 Pin=IC1-16
Removed Pin From Net: NetName=NetC12_1 Pin=IC1-17
Removed Pin From Net: NetName=NetC16_1 Pin=IC1-18
Removed Pin From Net: NetName=LCD_A0 Pin=IC1-37
Removed Pin From Net: NetName=LCD_SI Pin=IC1-38
Removed Pin From Net: NetName=LCD_SCL Pin=IC1-39
Removed Pin From Net: NetName=LCD_\C\S\1 Pin=IC1-40
Removed Pin From Net: NetName=LCD_\R\S\T Pin=IC1-41
Added Pin To Net: NetName=LCD_\C\S\1 Pin=IC1-28
Added Pin To Net: NetName=LCD_SI Pin=IC1-32
Added Pin To Net: NetName=LCD_SCL Pin=IC1-42
Added Pin To Net: NetName=NetIC2_4 Pin=IC2-4
Added Net: Name=NetIC2_4
Added Pin To Net: NetName=NetIC2_5 Pin=IC2-5
Added Net: Name=NetIC2_5
Added Pin To Net: NetName=NetIC6_1 Pin=IC6-1
Added Net: Name=NetIC6_1
Added Pin To Net: NetName=NetLS1_1 Pin=LS1-1
Added Net: Name=NetLS1_1
Added Pin To Net: NetName=NetU2_5 Pin=U2-5
Added Net: Name=NetU2_5
