Removed Pin From Net: NetName=VDD_LDO_OUT Pin=C7-1
Removed Pin From Net: NetName=GND Pin=C8-1
Removed Pin From Net: NetName=VCC Pin=C8-2
Removed Pin From Net: NetName=GND Pin=C22-1
Removed Pin From Net: NetName=VCC Pin=C22-2
Removed Pin From Net: NetName=GND Pin=C27-1
Removed Pin From Net: NetName=VCC_LDO_OUT Pin=C27-2
Removed Pin From Net: NetName=GND Pin=C28-1
Removed Pin From Net: NetName=VCC_LDO_OUT Pin=C28-2
Removed Pin From Net: NetName=GND Pin=C29-1
Removed Pin From Net: NetName=VCC_filtered Pin=C29-2
Removed Pin From Net: NetName=GND Pin=C30-1
Removed Pin From Net: NetName=VDD_filtered Pin=C30-2
Removed Pin From Net: NetName=GND Pin=C31-1
Removed Pin From Net: NetName=VDD Pin=C31-2
Removed Pin From Net: NetName=GND Pin=C32-1
Removed Pin From Net: NetName=VDD Pin=C32-2
Removed Pin From Net: NetName=GND Pin=C33-1
Removed Pin From Net: NetName=VDD_LDO_OUT Pin=C33-2
Removed Pin From Net: NetName=GND Pin=C34-1
Removed Pin From Net: NetName=VDD_LDO_OUT Pin=C34-2
Removed Pin From Net: NetName=GND Pin=C54-1
Removed Pin From Net: NetName=GND Pin=C111-1
Removed Pin From Net: NetName=VDD_LDO_OUT Pin=C116-1
Removed Pin From Net: NetName=VDD_LDO_OUT Pin=D1-1
Removed Pin From Net: NetName=GND Pin=D2-1
Removed Pin From Net: NetName=GND Pin=D3-2
Removed Pin From Net: NetName=VDD_LDO_OUT Pin=D6-1
Removed Pin From Net: NetName=GND Pin=J3-1
Removed Pin From Net: NetName=VCC_LDO_OUT Pin=J7-1
Removed Pin From Net: NetName=NetD9_2 Pin=J9-1
Removed Pin From Net: NetName=GND Pin=J12-1
Removed Pin From Net: NetName=GND Pin=J13-1
Removed Pin From Net: NetName=GND Pin=J16-1
Removed Pin From Net: NetName=VDD Pin=J19-1
Removed Pin From Net: NetName=Vref Pin=J21-2
Removed Pin From Net: NetName=Vref Pin=J21-4
Removed Pin From Net: NetName=Vref Pin=J21-6
Removed Pin From Net: NetName=Vref Pin=J21-8
Removed Pin From Net: NetName=Vref Pin=J21-10
Removed Pin From Net: NetName=Vref Pin=J21-12
Removed Pin From Net: NetName=Vref Pin=J21-14
Removed Pin From Net: NetName=Vref Pin=J22-2
Removed Pin From Net: NetName=Vref Pin=J22-4
Removed Pin From Net: NetName=Vref Pin=J22-6
Removed Pin From Net: NetName=Vref Pin=J22-8
Removed Pin From Net: NetName=Vref Pin=J22-10
Removed Pin From Net: NetName=Vref Pin=J22-12
Removed Pin From Net: NetName=Vref Pin=J22-14
Removed Pin From Net: NetName=GND Pin=J52-1
Removed Pin From Net: NetName=NetD10_2 Pin=J57-1
Removed Pin From Net: NetName=GND Pin=J59-1
Removed Pin From Net: NetName=GND Pin=J60-1
Removed Pin From Net: NetName=GND Pin=J62-1
Removed Pin From Net: NetName=VDD_LDO_OUT Pin=J81-1
Removed Pin From Net: NetName=VCC Pin=L1-1
Removed Pin From Net: NetName=VCC_filtered Pin=L1-2
Removed Pin From Net: NetName=VDD Pin=L4-1
Removed Pin From Net: NetName=VDD_filtered Pin=L4-2
Removed Pin From Net: NetName=VCC Pin=Q1-3
Removed Pin From Net: NetName=VDD Pin=Q2-5_6
Removed Pin From Net: NetName=VCC Pin=Q2-7_8
Removed Pin From Net: NetName=VDD Pin=Q4-3
Removed Pin From Net: NetName=VCC_LDO_OUT Pin=Q10-3
Removed Pin From Net: NetName=VCC Pin=Q13-3
Removed Pin From Net: NetName=VDD Pin=Q14-5_6
Removed Pin From Net: NetName=VCC Pin=Q14-7_8
Removed Pin From Net: NetName=VDD Pin=Q16-3
Removed Pin From Net: NetName=VCC_LDO_OUT Pin=Q22-3
Removed Pin From Net: NetName=VCC Pin=R1-2
Removed Pin From Net: NetName=VCC Pin=R2-2
Removed Pin From Net: NetName=NetD9_2 Pin=R5-1
Removed Pin From Net: NetName=VDD Pin=R9-1
Removed Pin From Net: NetName=VDD Pin=R10-1
Removed Pin From Net: NetName=GND Pin=R15-1
Removed Pin From Net: NetName=VCC_LDO_OUT Pin=R16-2
Removed Pin From Net: NetName=VCC_LDO_OUT Pin=R17-2
Removed Pin From Net: NetName=VCC_LDO_OUT Pin=R18-2
Removed Pin From Net: NetName=GND Pin=R22-2
Removed Pin From Net: NetName=NetIC6_7 Pin=R27-1
Removed Pin From Net: NetName=NetIC6_6 Pin=R28-1
Removed Pin From Net: NetName=Vref Pin=R29-2
Removed Pin From Net: NetName=GND Pin=R36-1
Removed Pin From Net: NetName=VCC_LDO_OUT Pin=R37-2
Removed Pin From Net: NetName=VDD_LDO_OUT Pin=R45-1
Removed Pin From Net: NetName=VDD_LDO_OUT Pin=R46-1
Removed Pin From Net: NetName=VDD_LDO_OUT Pin=R47-1
Removed Pin From Net: NetName=VCC_filtered Pin=R48-2
Removed Pin From Net: NetName=VCC_filtered Pin=R50-1
Removed Pin From Net: NetName=VCC_LDO_OUT Pin=R52-1
Removed Pin From Net: NetName=VDD_LDO_OUT Pin=R54-1
Removed Pin From Net: NetName=VDD_filtered Pin=R55-2
Removed Pin From Net: NetName=VDD_filtered Pin=R56-2
Removed Pin From Net: NetName=NetJ95_1 Pin=R61-2
Removed Pin From Net: NetName=NetD9_2 Pin=R63-1
Removed Pin From Net: NetName=VCC Pin=R87-2
Removed Pin From Net: NetName=VCC Pin=R88-2
Removed Pin From Net: NetName=NetD10_2 Pin=R91-1
Removed Pin From Net: NetName=VDD Pin=R95-1
Removed Pin From Net: NetName=VDD Pin=R96-1
Removed Pin From Net: NetName=GND Pin=R101-1
Removed Pin From Net: NetName=VCC_LDO_OUT Pin=R102-2
Removed Pin From Net: NetName=VCC_LDO_OUT Pin=R103-2
Removed Pin From Net: NetName=VCC_LDO_OUT Pin=R104-2
Removed Pin From Net: NetName=GND Pin=R108-2
Removed Pin From Net: NetName=NetIC6_9 Pin=R113-1
Removed Pin From Net: NetName=NetIC6_8 Pin=R114-1
Removed Pin From Net: NetName=Vref Pin=R115-2
Removed Pin From Net: NetName=GND Pin=R122-1
Removed Pin From Net: NetName=VCC_LDO_OUT Pin=R123-2
Removed Pin From Net: NetName=VDD_LDO_OUT Pin=R131-1
Removed Pin From Net: NetName=VDD_LDO_OUT Pin=R132-1
Removed Pin From Net: NetName=VDD_LDO_OUT Pin=R133-1
Removed Pin From Net: NetName=NetJ96_1 Pin=R148-2
Removed Pin From Net: NetName=NetD10_2 Pin=R150-1
Removed Pin From Net: NetName=GND Pin=R160-1
Removed Pin From Net: NetName=GND Pin=R162-1
Removed Pin From Net: NetName=GND Pin=R172-1
Removed Pin From Net: NetName=GND Pin=R174-1
Removed Pin From Net: NetName=GND Pin=U1-3
Removed Pin From Net: NetName=VCC_LDO_OUT Pin=U4-1
Removed Pin From Net: NetName=GND Pin=U4-2
Removed Pin From Net: NetName=VCC Pin=U4-3
Removed Pin From Net: NetName=LDO_EN Pin=U4-5
Removed Pin From Net: NetName=GND Pin=U6-1
Removed Pin From Net: NetName=VDD Pin=U6-2
Removed Pin From Net: NetName=LDO_EN Pin=U6-3
Removed Pin From Net: NetName=VDD_LDO_OUT Pin=U6-5
Removed Pin From Net: NetName=GND Pin=U13-3
Change Net Name : Old Net Name=LDO_EN New Net Name=NetIC2_35
Added Pin To Net: NetName=NetR84_1 Pin=R84-1
Added Net: Name=NetR84_1
Added Pin To Net: NetName=NetR138_1 Pin=R138-1
Added Net: Name=NetR138_1
Added Member To Class: ClassName=power Member=Component IC7 TLV9002IDDFR
Added Member To Class: ClassName=power Member=Component U1 TLV9362
Added Member To Class: ClassName=power Member=Component U2 TLV9362
Added Member To Class: ClassName=power Member=Component U3 TLV9362
Added Member To Class: ClassName=power Member=Component U5 TLV9362
Added Member To Class: ClassName=power Member=Component U13 TLV9362
Added Member To Class: ClassName=power Member=Component U14 TLV9362
Added Member To Class: ClassName=power Member=Component U15 TLV9362
