Removed Pin From Net: NetName=+3.3 Pin=LED2-1
Removed Member From Class: ClassName=misc Member=IC9
Removed Member From Class: ClassName=misc Member=LED2
Removed Member From Class: ClassName=misc Member=R45
Removed Member From Class: ClassName=misc Member=R46
Removed Member From Class: ClassName=misc Member=R47
Added Component: Designator=C59(C0805)
Add component (AddParameter): Name = "Arrow Part Number"; Value = "C0805C104K3RACTU"; VariantName = "[No Variations]"
Add component (AddParameter): Name = "Arrow Price/Stock"; Value = "https://www.arrow.com/en/products/c0805c104k3ractu/kemet-corporation"; VariantName = "[No Variations]"
Add component (AddParameter): Name = "Datasheet Link"; Value = "https://content.kemet.com/datasheets/KEM_C1002_X7R_SMD.pdf"; VariantName = "[No Variations]"
Add component (AddParameter): Name = "Height"; Value = "1.1mm"; VariantName = "[No Variations]"
Add component (AddParameter): Name = "Manufacturer_Name"; Value = "KEMET"; VariantName = "[No Variations]"
Add component (AddParameter): Name = "Manufacturer_Part_Number"; Value = "C0805C104K3RACTU"; VariantName = "[No Variations]"
Add component (AddParameter): Name = "Mouser Part Number"; Value = "80-C0805C104K3R"; VariantName = "[No Variations]"
Add component (AddParameter): Name = "Mouser Price/Stock"; Value = "https://www.mouser.co.uk/ProductDetail/KEMET/C0805C104K3RACTU?qs=zZwvocWqSRjmUvfNxkIN%2Fg%3D%3D"; VariantName = "[No Variations]"
Added Pin To Net: NetName=GND Pin=C59-1
Added Pin To Net: NetName=+3.3 Pin=C59-2
Added Pin To Net: NetName=GND Pin=IC10-3
Added Pin To Net: NetName=+3.3 Pin=IC10-5
Added Pin To Net: NetName=NetIC1_11 Pin=IC1-11
Added Pin To Net: NetName=NetIC1_11 Pin=IC10-1
Added Net: Name=NetIC1_11
Added Pin To Net: NetName=NetIC1_12 Pin=IC1-12
Added Pin To Net: NetName=NetIC1_12 Pin=IC10-2
Added Net: Name=NetIC1_12
Added Member To Class: ClassName=misc Member=Component C59 100n
