Add Component: Footprint Not Found CAP 1206_3216 - 0.8MM
Add Component: Footprint Not Found CAP 1206_3216 - 0.8MM
Add Component: Footprint Not Found CAP 1206_3216 - 0.8MM
Add Component: Footprint Not Found CAP 1206_3216 - 0.8MM
Add Component: Footprint Not Found CAP 1206_3216 - 0.8MM
Add Component: Footprint Not Found TE 282837-2
Add Component: Footprint Not Found TE 282837-2
Add Component: Footprint Not Found TE 282837-3
Add Pin To Net: Unknown Pin: Pin C44-1
Add Pin To Net: Unknown Pin: Pin C44-2
Add Pin To Net: Unknown Pin: Pin C45-1
Add Pin To Net: Unknown Pin: Pin C45-2
Add Pin To Net: Unknown Pin: Pin C46-1
Add Pin To Net: Unknown Pin: Pin C46-2
Add Pin To Net: Unknown Pin: Pin C47-1
Add Pin To Net: Unknown Pin: Pin C47-2
Add Pin To Net: Unknown Pin: Pin C48-1
Add Pin To Net: Unknown Pin: Pin J3-1
Add Pin To Net: Unknown Pin: Pin J3-2
Add Pin To Net: Unknown Pin: Pin J4-1
Add Pin To Net: Unknown Pin: Pin J4-2
Add Pin To Net: Unknown Pin: Pin J5-1
Add Pin To Net: Unknown Pin: Pin J5-2
Add Pin To Net: Unknown Pin: Pin J5-3
Change Net Name : Old Net Name=NetIC1_25 New Net Name=NetC45_2
Change Net Name : Old Net Name=NetIC1_26 New Net Name=NetC46_2
Change Net Name : Old Net Name=NetIC1_27 New Net Name=NetC47_2
Change Net Name : Old Net Name=NetIC1_28 New Net Name=NetC44_2
Added Pin To Net: NetName=NetC48_2 Pin=IC1-31
Added Pin To Net: NetName=NetC48_2 Pin=SW1-2
Added Net: Name=NetC48_2
Add Class Member: Failed to add class member : Component C44 0.1 µF
Add Class Member: Failed to add class member : Component C45 0.1 µF
Add Class Member: Failed to add class member : Component C46 0.1 µF
Add Class Member: Failed to add class member : Component C47 0.1 µF
Add Class Member: Failed to add class member : Component C48 0.1 µF
Add Class Member: Failed to add class member : Component J3 282837-2
Add Class Member: Failed to add class member : Component J4 282837-2
Add Class Member: Failed to add class member : Component J5 282837-3
