Change Component Designator: OldDesignator=J? NewDesignator=J6
Change Component Designator: OldDesignator=J? NewDesignator=J7
Add Component: Footprint Not Found TE 282837-2
Add Component: Footprint Not Found TE 282837-2
Add Component: Footprint Not Found TE 282837-3
Add Pin To Net: Unknown Pin: Pin J3-1
Add Pin To Net: Unknown Pin: Pin J3-2
Add Pin To Net: Unknown Pin: Pin J4-1
Add Pin To Net: Unknown Pin: Pin J4-2
Add Pin To Net: Unknown Pin: Pin J5-1
Add Pin To Net: Unknown Pin: Pin J5-2
Add Pin To Net: Unknown Pin: Pin J5-3
Change Net Name : Old Net Name=NetJ?_1 New Net Name=NetJ6_1
Change Net Name : Old Net Name=NetJ?_2 New Net Name=NetJ6_2
Change Net Name : Old Net Name=NetJ?_4 New Net Name=NetJ7_4
Change Net Name : Old Net Name=NetJ?_6 New Net Name=NetJ6_6
Added Pin To Net: NetName=NetJ6_4 Pin=J6-4
Added Pin To Net: NetName=NetJ6_4 Pin=R27-1
Added Net: Name=NetJ6_4
Added Pin To Net: NetName=NetJ7_2 Pin=J7-2
Added Pin To Net: NetName=NetJ7_2 Pin=R11-1
Added Net: Name=NetJ7_2
Add Class Member: Failed to add class member : Component J3 282837-2
Add Class Member: Failed to add class member : Component J4 282837-2
Add Class Member: Failed to add class member : Component J5 282837-3
Added Member To Class: ClassName=filters Member=Component J7 PRT-12807
