Removed Pin From Net: NetName=GND Pin=R66-2
Removed Member From Class: ClassName=MCU Member=R66
Removed Member From Class: ClassName=misc Member=S3
Change Component Designator: OldDesignator=C39 NewDesignator=C4
Change Component Designator: OldDesignator=C40 NewDesignator=C25
Change Component Designator: OldDesignator=C41 NewDesignator=C26
Change Component Designator: OldDesignator=C42 NewDesignator=C33
Change Component Designator: OldDesignator=C43 NewDesignator=C34
Change Component Designator: OldDesignator=C44 NewDesignator=C1
Change Component Designator: OldDesignator=C45 NewDesignator=C39
Change Component Designator: OldDesignator=C48 NewDesignator=C40
Change Component Designator: OldDesignator=C49 NewDesignator=C41
Change Component Designator: OldDesignator=C50 NewDesignator=C5
Change Component Designator: OldDesignator=C51 NewDesignator=C20
Change Component Designator: OldDesignator=C52 NewDesignator=C6
Change Component Designator: OldDesignator=C53 NewDesignator=C7
Change Component Designator: OldDesignator=C55 NewDesignator=C21
Change Component Designator: OldDesignator=C56 NewDesignator=C22
Change Component Designator: OldDesignator=C57 NewDesignator=C23
Change Component Designator: OldDesignator=C58 NewDesignator=C24
Change Component Designator: OldDesignator=C59 NewDesignator=C8
Change Component Designator: OldDesignator=C60 NewDesignator=C35
Change Component Designator: OldDesignator=C61 NewDesignator=C36
Change Component Designator: OldDesignator=C62 NewDesignator=C37
Change Component Designator: OldDesignator=C63 NewDesignator=C38
Change Component Designator: OldDesignator=C64 NewDesignator=C9
Change Component Designator: OldDesignator=C65 NewDesignator=C10
Change Component Designator: OldDesignator=C66 NewDesignator=C11
Change Component Designator: OldDesignator=C67 NewDesignator=C12
Change Component Designator: OldDesignator=C68 NewDesignator=C13
Change Component Designator: OldDesignator=C69 NewDesignator=C2
Change Component Designator: OldDesignator=C70 NewDesignator=C3
Change Component Designator: OldDesignator=C71 NewDesignator=C16
Change Component Designator: OldDesignator=C72 NewDesignator=C17
Change Component Designator: OldDesignator=C75 NewDesignator=C27
Change Component Designator: OldDesignator=C76 NewDesignator=C28
Change Component Designator: OldDesignator=C77 NewDesignator=C29
Change Component Designator: OldDesignator=C78 NewDesignator=C30
Change Component Designator: OldDesignator=C79 NewDesignator=C31
Change Component Designator: OldDesignator=C80 NewDesignator=C32
Change Component Designator: OldDesignator=C81 NewDesignator=C14
Change Component Designator: OldDesignator=C83 NewDesignator=C15
Change Component Designator: OldDesignator=C85 NewDesignator=C18
Change Component Designator: OldDesignator=C86 NewDesignator=C42
Change Component Designator: OldDesignator=C87 NewDesignator=C19
Change Component Designator: OldDesignator=C88 NewDesignator=C43
Change Component Designator: OldDesignator=D? NewDesignator=D1
Change Component Designator: OldDesignator=D? NewDesignator=D2
Change Component Designator: OldDesignator=IC1 NewDesignator=IC3
Change Component Designator: OldDesignator=IC2 NewDesignator=IC1
Change Component Designator: OldDesignator=IC3 NewDesignator=IC4
Change Component Designator: OldDesignator=IC4 NewDesignator=IC6
Change Component Designator: OldDesignator=IC6 NewDesignator=IC2
Change Component Designator: OldDesignator=IC8 NewDesignator=IC7
Change Component Designator: OldDesignator=J87 NewDesignator=J1
Change Component Designator: OldDesignator=J88 NewDesignator=J2
Change Component Designator: OldDesignator=R58 NewDesignator=R31
Change Component Designator: OldDesignator=R59 NewDesignator=R32
Change Component Designator: OldDesignator=R67 NewDesignator=R33
Change Component Designator: OldDesignator=R68 NewDesignator=R2
Change Component Designator: OldDesignator=R69 NewDesignator=R3
Change Component Designator: OldDesignator=R70 NewDesignator=R4
Change Component Designator: OldDesignator=R71 NewDesignator=R5
Change Component Designator: OldDesignator=R72 NewDesignator=R6
Change Component Designator: OldDesignator=R73 NewDesignator=R20
Change Component Designator: OldDesignator=R74 NewDesignator=R7
Change Component Designator: OldDesignator=R75 NewDesignator=R8
Change Component Designator: OldDesignator=R76 NewDesignator=R9
Change Component Designator: OldDesignator=R77 NewDesignator=R28
Change Component Designator: OldDesignator=R78 NewDesignator=R10
Change Component Designator: OldDesignator=R79 NewDesignator=R11
Change Component Designator: OldDesignator=R80 NewDesignator=R34
Change Component Designator: OldDesignator=R81 NewDesignator=R12
Change Component Designator: OldDesignator=R82 NewDesignator=R13
Change Component Designator: OldDesignator=R83 NewDesignator=R14
Change Component Designator: OldDesignator=R84 NewDesignator=R15
Change Component Designator: OldDesignator=R134 NewDesignator=R30
Change Component Designator: OldDesignator=R135 NewDesignator=R16
Change Component Designator: OldDesignator=R136 NewDesignator=R17
Change Component Designator: OldDesignator=R137 NewDesignator=R18
Change Component Designator: OldDesignator=R138 NewDesignator=R19
Change Component Designator: OldDesignator=R139 NewDesignator=R21
Change Component Designator: OldDesignator=R140 NewDesignator=R22
Change Component Designator: OldDesignator=R141 NewDesignator=R23
Change Component Designator: OldDesignator=R142 NewDesignator=R24
Change Component Designator: OldDesignator=R143 NewDesignator=R25
Change Component Designator: OldDesignator=R144 NewDesignator=R26
Change Component Designator: OldDesignator=R145 NewDesignator=R27
Change Component Designator: OldDesignator=R146 NewDesignator=R29
Change Component Designator: OldDesignator=S1 NewDesignator=S3
Change Component Designator: OldDesignator=S2 NewDesignator=S4
Change Component Designator: OldDesignator=S3 NewDesignator=S2
Change Component Designator: OldDesignator=S4 NewDesignator=S5
Change Component Designator: OldDesignator=S5 NewDesignator=S1
Change Component Designator: OldDesignator=U7 NewDesignator=U1
Change Component Designator: OldDesignator=U9 NewDesignator=U2
Add Component: Footprint Not Found TE 282837-2
Add Component: Footprint Not Found TE 282837-2
Add Component: Footprint Not Found TE 282837-3
Add Pin To Net: Unknown Pin: Pin J3-2
Add Pin To Net: Unknown Pin: Pin J4-2
Add Pin To Net: Unknown Pin: Pin J5-1
Add Pin To Net: Unknown Pin: Pin J5-2
Change Net Name : Old Net Name=NetC44_2 New Net Name=NetC1_2
Change Net Name : Old Net Name=NetC51_2 New Net Name=NetC20_2
Change Net Name : Old Net Name=NetC52_1 New Net Name=NetC6_1
Change Net Name : Old Net Name=NetC53_2 New Net Name=NetC7_2
Change Net Name : Old Net Name=NetC55_2 New Net Name=NetC21_2
Change Net Name : Old Net Name=NetC56_2 New Net Name=NetC22_2
Change Net Name : Old Net Name=NetC57_2 New Net Name=NetC23_2
Change Net Name : Old Net Name=NetC58_2 New Net Name=NetC24_2
Change Net Name : Old Net Name=NetC59_1 New Net Name=NetC8_1
Change Net Name : Old Net Name=NetC59_2 New Net Name=NetC8_2
Change Net Name : Old Net Name=NetC64_1 New Net Name=NetC9_1
Change Net Name : Old Net Name=NetC65_1 New Net Name=NetC10_1
Change Net Name : Old Net Name=NetC65_2 New Net Name=NetC10_2
Change Net Name : Old Net Name=NetC66_1 New Net Name=NetC11_1
Change Net Name : Old Net Name=NetC67_1 New Net Name=NetC12_1
Change Net Name : Old Net Name=NetC67_2 New Net Name=NetC12_2
Change Net Name : Old Net Name=NetC68_1 New Net Name=NetC13_1
Change Net Name : Old Net Name=NetC69_2 New Net Name=NetC2_2
Change Net Name : Old Net Name=NetC70_2 New Net Name=NetC3_2
Change Net Name : Old Net Name=NetC71_1 New Net Name=NetC16_1
Change Net Name : Old Net Name=NetC71_2 New Net Name=NetC16_2
Change Net Name : Old Net Name=NetC72_1 New Net Name=NetC17_1
Change Net Name : Old Net Name=NetC81_1 New Net Name=NetC14_1
Change Net Name : Old Net Name=NetC81_2 New Net Name=NetC14_2
Change Net Name : Old Net Name=NetC83_1 New Net Name=NetC15_1
Change Net Name : Old Net Name=NetC85_1 New Net Name=NetC18_1
Change Net Name : Old Net Name=NetC85_2 New Net Name=NetC18_2
Change Net Name : Old Net Name=NetC87_1 New Net Name=NetC19_1
Change Net Name : Old Net Name=NetIC2_25 New Net Name=NetIC1_25
Change Net Name : Old Net Name=NetIC2_26 New Net Name=NetIC1_26
Change Net Name : Old Net Name=NetIC2_27 New Net Name=NetIC1_27
Change Net Name : Old Net Name=NetIC2_28 New Net Name=NetIC1_28
Change Net Name : Old Net Name=NetIC2_31 New Net Name=NetIC1_31
Change Net Name : Old Net Name=NetIC2_32 New Net Name=NetIC1_32
Change Net Name : Old Net Name=NetIC2_33 New Net Name=NetIC1_33
Change Net Name : Old Net Name=NetIC2_34 New Net Name=NetIC1_34
Change Net Name : Old Net Name=NetIC2_36 New Net Name=NetIC1_36
Change Net Name : Old Net Name=NetIC2_47 New Net Name=NetIC1_47
Change Net Name : Old Net Name=NetIC2_48 New Net Name=NetIC1_48
Change Net Name : Old Net Name=NetIC4_2 New Net Name=NetIC6_2
Change Net Name : Old Net Name=NetIC6_6 New Net Name=NetIC2_6
Change Net Name : Old Net Name=NetIC6_7 New Net Name=NetIC2_7
Change Net Name : Old Net Name=NetIC6_8 New Net Name=NetIC2_8
Change Net Name : Old Net Name=NetIC6_9 New Net Name=NetIC2_9
Change Net Name : Old Net Name=NetR58_1 New Net Name=NetR31_1
Change Net Name : Old Net Name=NetR67_1 New Net Name=NetR33_1
Change Net Name : Old Net Name=NetR68_2 New Net Name=NetR2_2
Change Net Name : Old Net Name=NetR69_2 New Net Name=NetR3_2
Change Net Name : Old Net Name=NetR74_1 New Net Name=NetR7_1
Change Net Name : Old Net Name=NetR79_1 New Net Name=NetR11_1
Change Net Name : Old Net Name=NetR84_1 New Net Name=NetR15_1
Change Net Name : Old Net Name=NetR138_1 New Net Name=NetR19_1
Change Net Name : Old Net Name=NetR141_1 New Net Name=NetR23_1
Change Net Name : Old Net Name=NetR145_1 New Net Name=NetR27_1
Added Pin To Net: NetName=NetD1_2 Pin=D1-2
Added Net: Name=NetD1_2
Added Pin To Net: NetName=NetD2_2 Pin=D2-2
Added Net: Name=NetD2_2
Added Pin To Net: NetName=NetU2_5 Pin=U2-5
Added Net: Name=NetU2_5
Added Net: Name=VDD
Added Member To Class: ClassName=misc Member=Component D2 ESDAXLC18-1BF4
Add Class Member: Failed to add class member : Component J3 282837-2
Add Class Member: Failed to add class member : Component J4 282837-2
Add Class Member: Failed to add class member : Component J5 282837-3
Added Member To Class: ClassName=misc Member=Component S5 FSM4JSMA
