Removed Pin From Net: NetName=GND Pin=D1-3
Removed Pin From Net: NetName=GND Pin=D1-6
Removed Pin From Net: NetName=GND Pin=D1-7
Removed Pin From Net: NetName=GND Pin=D1-9
Removed Pin From Net: NetName=GND Pin=D1-10
Removed Pin From Net: NetName=GND Pin=D3-1
Removed Pin From Net: NetName=NetD1_1 Pin=D3-3
Removed Pin From Net: NetName=GND Pin=D3-4
Removed Pin From Net: NetName=GND Pin=D4-1
Removed Pin From Net: NetName=GND Pin=D4-4
Removed Pin From Net: NetName=NetD1_4 Pin=D4-6
Removed Pin From Net: NetName=NetD1_1 Pin=IC2-9
Removed Pin From Net: NetName=NetD1_1 Pin=R37-2
Removed Member From Class: ClassName=misc Member=D3
Removed Member From Class: ClassName=misc Member=D4
Change Footprint: Footprint Not Found SOIC127P600X175-8N
Change Component Comment : Designator=D1 Old Comment=SP3420-04UTG New Comment=SRDA3.3-4BTG
Change component parameters: Designator = "D1" ("D1"); Footprint = "SP342004UTG"; UniqueID = "\DREGFXAC" ("\DREGFXAC")
Change component parameters (AddParameter): Name = "Arrow Part Number"; Value = "SRDA3.3-4BTG"; VariantName = "[No Variations]"
Change component parameters (AddParameter): Name = "Arrow Price/Stock"; Value = "https://www.arrow.com/en/products/srda3.3-4btg/littelfuse?utm_currency=USD&region=nac"; VariantName = "[No Variations]"
Change component parameters (AddParameter): Name = "Datasheet Link"; Value = "https://www.littelfuse.com/~/media/electronics/datasheets/tvs_diode_arrays/littelfuse_tvs_diode_array_srda3_3_datasheet.pdf.pdf"; VariantName = "[No Variations]"
Change component parameters (AddParameter): Name = "Height"; Value = "1.75mm"; VariantName = "[No Variations]"
Change component parameters (AddParameter): Name = "Manufacturer_Name"; Value = "LITTELFUSE"; VariantName = "[No Variations]"
Change component parameters (AddParameter): Name = "Manufacturer_Part_Number"; Value = "SRDA3.3-4BTG"; VariantName = "[No Variations]"
Change component parameters (AddParameter): Name = "Mouser Part Number"; Value = "576-SRDA3.3-4BTG"; VariantName = "[No Variations]"
Change component parameters (AddParameter): Name = "Mouser Price/Stock"; Value = "https://www.mouser.co.uk/ProductDetail/Littelfuse/SRDA3.3-4BTG?qs=wqPJ3MBjhrh9DaqZL3Nnvw%3D%3D"; VariantName = "[No Variations]"
Added Pin To Net: NetName=Vref Pin=D1-2
Added Pin To Net: NetName=Vref Pin=D1-3
Added Pin To Net: NetName=GND Pin=D1-5
Added Pin To Net: NetName=NetD1_1 Pin=IC2-6
Added Pin To Net: NetName=NetD1_1 Pin=R1-2
Added Pin To Net: NetName=NetD1_6 Pin=D1-6
Added Pin To Net: NetName=NetD1_6 Pin=IC2-8
Added Pin To Net: NetName=NetD1_6 Pin=R36-2
Added Net: Name=NetD1_6
Added Pin To Net: NetName=NetD1_7 Pin=D1-7
Added Pin To Net: NetName=NetD1_7 Pin=IC2-9
Added Pin To Net: NetName=NetD1_7 Pin=R37-2
Added Net: Name=NetD1_7
