Removed Pin From Net: NetName=VCC Pin=C23-1
Removed Pin From Net: NetName=GND Pin=C23-2
Removed Pin From Net: NetName=VCC Pin=C24-1
Removed Pin From Net: NetName=GND Pin=C24-2
Removed Pin From Net: NetName=GND Pin=C25-1
Removed Pin From Net: NetName=VCC Pin=C25-2
Removed Pin From Net: NetName=GND Pin=C26-1
Removed Pin From Net: NetName=VCC Pin=C26-2
Removed Pin From Net: NetName=GND Pin=C35-1
Removed Pin From Net: NetName=GND Pin=C36-1
Removed Pin From Net: NetName=GND Pin=C37-2
Removed Pin From Net: NetName=GND Pin=C38-2
Removed Pin From Net: NetName=GND Pin=D4-1
Removed Pin From Net: NetName=GND Pin=D5-1
Removed Pin From Net: NetName=GND Pin=D7-1
Removed Pin From Net: NetName=GND Pin=D8-1
Removed Pin From Net: NetName=GND Pin=D9-1
Removed Pin From Net: NetName=GND Pin=D10-1
Removed Pin From Net: NetName=GND Pin=J1-2
Removed Pin From Net: NetName=GND Pin=J2-2
Removed Pin From Net: NetName=GND Pin=J11-1
Removed Pin From Net: NetName=GND Pin=J49-2
Removed Pin From Net: NetName=GND Pin=J49-3
Removed Pin From Net: NetName=GND Pin=J49-4
Removed Pin From Net: NetName=GND Pin=J49-5
Removed Pin From Net: NetName=GND Pin=J50-2
Removed Pin From Net: NetName=GND Pin=J50-3
Removed Pin From Net: NetName=GND Pin=J50-4
Removed Pin From Net: NetName=GND Pin=J50-5
Removed Pin From Net: NetName=GND Pin=J51-2
Removed Pin From Net: NetName=GND Pin=J90-2
Removed Pin From Net: NetName=GND Pin=J93-2
Removed Pin From Net: NetName=VCC Pin=J97-1
Removed Pin From Net: NetName=VCC Pin=L2-2
Removed Pin From Net: NetName=GND Pin=Q25-1
Removed Pin From Net: NetName=GND Pin=Q26-1
Removed Pin From Net: NetName=GND Pin=R85-1
Removed Pin From Net: NetName=GND Pin=R86-1
Added Component: Designator=D?(ESDAXLC181BF4)
Add component (AddParameter): Name = "Arrow Part Number"; Value = "ESDAXLC18-1BF4"; VariantName = "[No Variations]"
Add component (AddParameter): Name = "Arrow Price/Stock"; Value = "https://www.arrow.com/en/products/esdaxlc18-1bf4/stmicroelectronics"; VariantName = "[No Variations]"
Add component (AddParameter): Name = "Datasheet Link"; Value = "https://www.st.com/resource/en/datasheet/esdaxlc18-1bf4.pdf"; VariantName = "[No Variations]"
Add component (AddParameter): Name = "Height"; Value = "0.32mm"; VariantName = "[No Variations]"
Add component (AddParameter): Name = "Manufacturer_Name"; Value = "STMicroelectronics"; VariantName = "[No Variations]"
Add component (AddParameter): Name = "Manufacturer_Part_Number"; Value = "ESDAXLC18-1BF4"; VariantName = "[No Variations]"
Add component (AddParameter): Name = "Mouser Part Number"; Value = "511-ESDAXLC18-1BF4"; VariantName = "[No Variations]"
Add component (AddParameter): Name = "Mouser Price/Stock"; Value = "https://www.mouser.co.uk/ProductDetail/STMicroelectronics/ESDAXLC18-1BF4?qs=Mv7BduZupUgBxpJyOqfYsQ%3D%3D"; VariantName = "[No Variations]"
Added Component: Designator=D?(ESDAXLC181BF4)
Add component (AddParameter): Name = "Arrow Part Number"; Value = "ESDAXLC18-1BF4"; VariantName = "[No Variations]"
Add component (AddParameter): Name = "Arrow Price/Stock"; Value = "https://www.arrow.com/en/products/esdaxlc18-1bf4/stmicroelectronics"; VariantName = "[No Variations]"
Add component (AddParameter): Name = "Datasheet Link"; Value = "https://www.st.com/resource/en/datasheet/esdaxlc18-1bf4.pdf"; VariantName = "[No Variations]"
Add component (AddParameter): Name = "Height"; Value = "0.32mm"; VariantName = "[No Variations]"
Add component (AddParameter): Name = "Manufacturer_Name"; Value = "STMicroelectronics"; VariantName = "[No Variations]"
Add component (AddParameter): Name = "Manufacturer_Part_Number"; Value = "ESDAXLC18-1BF4"; VariantName = "[No Variations]"
Add component (AddParameter): Name = "Mouser Part Number"; Value = "511-ESDAXLC18-1BF4"; VariantName = "[No Variations]"
Add component (AddParameter): Name = "Mouser Price/Stock"; Value = "https://www.mouser.co.uk/ProductDetail/STMicroelectronics/ESDAXLC18-1BF4?qs=Mv7BduZupUgBxpJyOqfYsQ%3D%3D"; VariantName = "[No Variations]"
Add Component: Footprint Not Found TE 282837-2
Add Component: Footprint Not Found TE 282837-2
Added Pin To Net: NetName=GND Pin=D?-1
Added Pin To Net: NetName=GND Pin=D?-1
Add Pin To Net: Unknown Pin: Pin J?-2
Add Pin To Net: Unknown Pin: Pin J?-2
Added Pin To Net: NetName=NetD?_2 Pin=D?-2
Added Net: Name=NetD?_2
Add Net: Net with name "NetD?_2" already exists
Added Pin To Net: NetName=NetR74_1 Pin=R74-1
Added Net: Name=NetR74_1
Added Pin To Net: NetName=NetR79_1 Pin=R79-1
Added Net: Name=NetR79_1
Added Pin To Net: NetName=NetR141_1 Pin=R141-1
Added Net: Name=NetR141_1
Added Pin To Net: NetName=NetR145_1 Pin=R145-1
Added Net: Name=NetR145_1
Added Member To Class: ClassName=misc Member=Component D? ESDAXLC18-1BF4
Added Member To Class: ClassName=misc Member=Component D? ESDAXLC18-1BF4
Add Class Member: Failed to add class member : Component J? 282837-2
Add Class Member: Failed to add class member : Component J? 282837-2
