Change Component Designator: Old Designator=C39 New Designator=C4
Change Component Designator: Old Designator=C50 New Designator=C5
Change Component Designator: Old Designator=C52 New Designator=C6
Change Component Designator: Old Designator=C53 New Designator=C7
Change Component Designator: Old Designator=C69 New Designator=C2
Change Component Designator: Old Designator=C70 New Designator=C3
Change Component Designator: Old Designator=D? New Designator=D1
Change Component Designator: Old Designator=D? New Designator=D2
Change Component Designator: Old Designator=IC6 New Designator=IC2
Change Component Designator: Old Designator=J87 New Designator=J1
Change Component Designator: Old Designator=J88 New Designator=J2
Change Component Designator: Old Designator=J? New Designator=J3
Change Component Designator: Old Designator=J? New Designator=J4
Change Component Designator: Old Designator=R68 New Designator=R2
Change Component Designator: Old Designator=R69 New Designator=R3
Change Component Designator: Old Designator=R70 New Designator=R4
Change Component Designator: Old Designator=R71 New Designator=R5
Change Component Designator: Old Designator=S1 New Designator=S3
Change Component Designator: Old Designator=S2 New Designator=S4
Change Component Designator: Old Designator=S3 New Designator=S2
Change Component Designator: Old Designator=S4 New Designator=S5
