Change Component Designator: Old Designator=C40 New Designator=C25
Change Component Designator: Old Designator=C41 New Designator=C26
Change Component Designator: Old Designator=C42 New Designator=C33
Change Component Designator: Old Designator=C43 New Designator=C34
Change Component Designator: Old Designator=C45 New Designator=C39
Change Component Designator: Old Designator=C48 New Designator=C40
Change Component Designator: Old Designator=C49 New Designator=C41
Change Component Designator: Old Designator=C60 New Designator=C35
Change Component Designator: Old Designator=C61 New Designator=C36
Change Component Designator: Old Designator=C62 New Designator=C37
Change Component Designator: Old Designator=C63 New Designator=C38
Change Component Designator: Old Designator=C75 New Designator=C27
Change Component Designator: Old Designator=C76 New Designator=C28
Change Component Designator: Old Designator=C77 New Designator=C29
Change Component Designator: Old Designator=C78 New Designator=C30
Change Component Designator: Old Designator=C79 New Designator=C31
Change Component Designator: Old Designator=C80 New Designator=C32
Change Component Designator: Old Designator=C86 New Designator=C42
Change Component Designator: Old Designator=C88 New Designator=C43
Change Component Designator: Old Designator=IC1 New Designator=IC3
Change Component Designator: Old Designator=IC3 New Designator=IC4
Change Component Designator: Old Designator=IC8 New Designator=IC7
Change Component Designator: Old Designator=J? New Designator=J5
Change Component Designator: Old Designator=R58 New Designator=R31
Change Component Designator: Old Designator=R59 New Designator=R32
Change Component Designator: Old Designator=R67 New Designator=R33
Change Component Designator: Old Designator=R80 New Designator=R34
Change Component Designator: Old Designator=U7 New Designator=U1
Change Component Designator: Old Designator=U9 New Designator=U2
