Replace Part C4 Capacitor in C:\Users\Work\Desktop\Koncar\Altium\current-source\source\misc.SchDoc with Capacitor from Celestial Altium Library - altium_library.DbLib
Replace Part C5 Capacitor in C:\Users\Work\Desktop\Koncar\Altium\current-source\source\misc.SchDoc with Capacitor from Celestial Altium Library - altium_library.DbLib
Replace Part C6 Capacitor in C:\Users\Work\Desktop\Koncar\Altium\current-source\source\misc.SchDoc with Capacitor from Celestial Altium Library - altium_library.DbLib
Replace Part C7 Capacitor in C:\Users\Work\Desktop\Koncar\Altium\current-source\source\misc.SchDoc with Capacitor from Celestial Altium Library - altium_library.DbLib
Replace Part C8 Capacitor in C:\Users\Work\Desktop\Koncar\Altium\current-source\source\misc.SchDoc with Capacitor from Celestial Altium Library - altium_library.DbLib
Replace Part C9 Capacitor in C:\Users\Work\Desktop\Koncar\Altium\current-source\source\misc.SchDoc with Capacitor from Celestial Altium Library - altium_library.DbLib
Replace Part C10 Capacitor in C:\Users\Work\Desktop\Koncar\Altium\current-source\source\misc.SchDoc with Capacitor from Celestial Altium Library - altium_library.DbLib
Replace Part C11 Capacitor in C:\Users\Work\Desktop\Koncar\Altium\current-source\source\misc.SchDoc with Capacitor from Celestial Altium Library - altium_library.DbLib
Replace Part C12 Capacitor in C:\Users\Work\Desktop\Koncar\Altium\current-source\source\misc.SchDoc with Capacitor from Celestial Altium Library - altium_library.DbLib
Replace Part C13 Capacitor in C:\Users\Work\Desktop\Koncar\Altium\current-source\source\misc.SchDoc with Capacitor from Celestial Altium Library - altium_library.DbLib
Replace Part C14 Capacitor in C:\Users\Work\Desktop\Koncar\Altium\current-source\source\misc.SchDoc with Capacitor from Celestial Altium Library - altium_library.DbLib
Replace Part IC? LM431CCM3_NOPB in C:\Users\Work\Desktop\Koncar\Altium\current-source\source\misc.SchDoc with LM431CCM3_NOPB from za_koncar.SchLib
Replace Part J? TD-107-G-AA in C:\Users\Work\Desktop\Koncar\Altium\current-source\source\misc.SchDoc with TD-107-G-AA from za_koncar.SchLib
Replace Part R20 Resistor in C:\Users\Work\Desktop\Koncar\Altium\current-source\source\misc.SchDoc with Resistor from Celestial Altium Library - altium_library.DbLib
Replace Part R21 Resistor in C:\Users\Work\Desktop\Koncar\Altium\current-source\source\misc.SchDoc with Resistor from Celestial Altium Library - altium_library.DbLib
Replace Part R22 Resistor in C:\Users\Work\Desktop\Koncar\Altium\current-source\source\misc.SchDoc with Resistor from Celestial Altium Library - altium_library.DbLib
Replace Part R23 Resistor in C:\Users\Work\Desktop\Koncar\Altium\current-source\source\misc.SchDoc with Resistor from Celestial Altium Library - altium_library.DbLib
Replace Part R24 Resistor in C:\Users\Work\Desktop\Koncar\Altium\current-source\source\misc.SchDoc with Resistor from Celestial Altium Library - altium_library.DbLib
Replace Part R25 Resistor in C:\Users\Work\Desktop\Koncar\Altium\current-source\source\misc.SchDoc with Resistor from Celestial Altium Library - altium_library.DbLib
Replace Part R26 Resistor in C:\Users\Work\Desktop\Koncar\Altium\current-source\source\misc.SchDoc with Resistor from Celestial Altium Library - altium_library.DbLib
Replace Part R? PAT0603E4000BST1 in C:\Users\Work\Desktop\Koncar\Altium\current-source\source\misc.SchDoc with PAT0603E4000BST1 from za_koncar.SchLib
Replace Part U1 TLV9362 in C:\Users\Work\Desktop\Koncar\Altium\current-source\source\misc.SchDoc with TLV9362 from za_koncar.SchLib
Replace Part U2 TLV9362 in C:\Users\Work\Desktop\Koncar\Altium\current-source\source\misc.SchDoc with TLV9362 from za_koncar.SchLib
