Replace Part C1 Capacitor in C:\Users\Work\Desktop\Koncar\Altium\current-source\source\source.SchDoc with Capacitor from Celestial Altium Library - altium_library.DbLib
Replace Part C2 Capacitor in C:\Users\Work\Desktop\Koncar\Altium\current-source\source\source.SchDoc with Capacitor from Celestial Altium Library - altium_library.DbLib
Replace Part C3 Capacitor in C:\Users\Work\Desktop\Koncar\Altium\current-source\source\source.SchDoc with Capacitor from Celestial Altium Library - altium_library.DbLib
Replace Part J1 CMP-2000-05181-2 in C:\Users\Work\Desktop\Koncar\Altium\current-source\source\source.SchDoc with CMP-2000-05181-2 from za_koncar.SchLib
Replace Part J2 CMP-2000-05181-2 in C:\Users\Work\Desktop\Koncar\Altium\current-source\source\source.SchDoc with CMP-2000-05181-2 from za_koncar.SchLib
Replace Part J3 CMP-2000-05181-2 in C:\Users\Work\Desktop\Koncar\Altium\current-source\source\source.SchDoc with CMP-2000-05181-2 from za_koncar.SchLib
Replace Part J4 CMP-2000-05181-2 in C:\Users\Work\Desktop\Koncar\Altium\current-source\source\source.SchDoc with CMP-2000-05181-2 from za_koncar.SchLib
Replace Part J5 CMP-2000-05181-2 in C:\Users\Work\Desktop\Koncar\Altium\current-source\source\source.SchDoc with CMP-2000-05181-2 from za_koncar.SchLib
Replace Part J6 CMP-2000-05181-2 in C:\Users\Work\Desktop\Koncar\Altium\current-source\source\source.SchDoc with CMP-2000-05181-2 from za_koncar.SchLib
Replace Part J7 CMP-2000-05181-2 in C:\Users\Work\Desktop\Koncar\Altium\current-source\source\source.SchDoc with CMP-2000-05181-2 from za_koncar.SchLib
Replace Part J8 PRT-12807 in C:\Users\Work\Desktop\Koncar\Altium\current-source\source\source.SchDoc with PRT-12807 from za_koncar.SchLib
Replace Part J9 CMP-2000-05181-2 in C:\Users\Work\Desktop\Koncar\Altium\current-source\source\source.SchDoc with CMP-2000-05181-2 from za_koncar.SchLib
Replace Part J10 CMP-2000-05181-2 in C:\Users\Work\Desktop\Koncar\Altium\current-source\source\source.SchDoc with CMP-2000-05181-2 from za_koncar.SchLib
Replace Part J11 CMP-2000-05181-2 in C:\Users\Work\Desktop\Koncar\Altium\current-source\source\source.SchDoc with CMP-2000-05181-2 from za_koncar.SchLib
Replace Part J12 CMP-2000-05181-2 in C:\Users\Work\Desktop\Koncar\Altium\current-source\source\source.SchDoc with CMP-2000-05181-2 from za_koncar.SchLib
Replace Part J13 CMP-2000-05181-2 in C:\Users\Work\Desktop\Koncar\Altium\current-source\source\source.SchDoc with CMP-2000-05181-2 from za_koncar.SchLib
Replace Part J14 CMP-2000-05181-2 in C:\Users\Work\Desktop\Koncar\Altium\current-source\source\source.SchDoc with CMP-2000-05181-2 from za_koncar.SchLib
Replace Part J15 CMP-2000-05181-2 in C:\Users\Work\Desktop\Koncar\Altium\current-source\source\source.SchDoc with CMP-2000-05181-2 from za_koncar.SchLib
Replace Part Q1 TIP32C in C:\Users\Work\Desktop\Koncar\Altium\current-source\source\source.SchDoc with TIP32C from ON Semi General Purpose Transistors.IntLib
Replace Part Q2 PHPT610030NPK in C:\Users\Work\Desktop\Koncar\Altium\current-source\source\source.SchDoc with PHPT610030NPK from za_koncar.SchLib
Replace Part Q2 PHPT610030NPK in C:\Users\Work\Desktop\Koncar\Altium\current-source\source\source.SchDoc with PHPT610030NPK from za_koncar.SchLib
Replace Part Q3 PHPT610030NPK in C:\Users\Work\Desktop\Koncar\Altium\current-source\source\source.SchDoc with PHPT610030NPK from za_koncar.SchLib
Replace Part Q3 PHPT610030NPK in C:\Users\Work\Desktop\Koncar\Altium\current-source\source\source.SchDoc with PHPT610030NPK from za_koncar.SchLib
Replace Part Q4 TIP31C in C:\Users\Work\Desktop\Koncar\Altium\current-source\source\source.SchDoc with TIP31C from ON Semi General Purpose Transistors.IntLib
Replace Part R1 Resistor in C:\Users\Work\Desktop\Koncar\Altium\current-source\source\source.SchDoc with Resistor from Celestial Altium Library - altium_library.DbLib
Replace Part R2 Resistor in C:\Users\Work\Desktop\Koncar\Altium\current-source\source\source.SchDoc with Resistor from Celestial Altium Library - altium_library.DbLib
Replace Part R3 Resistor in C:\Users\Work\Desktop\Koncar\Altium\current-source\source\source.SchDoc with Resistor from Celestial Altium Library - altium_library.DbLib
Replace Part R4 Resistor in C:\Users\Work\Desktop\Koncar\Altium\current-source\source\source.SchDoc with Resistor from Celestial Altium Library - altium_library.DbLib
Replace Part R5 Resistor in C:\Users\Work\Desktop\Koncar\Altium\current-source\source\source.SchDoc with Resistor from Celestial Altium Library - altium_library.DbLib
Replace Part R6 Resistor in C:\Users\Work\Desktop\Koncar\Altium\current-source\source\source.SchDoc with Resistor from Celestial Altium Library - altium_library.DbLib
Replace Part R7 Resistor in C:\Users\Work\Desktop\Koncar\Altium\current-source\source\source.SchDoc with Resistor from Celestial Altium Library - altium_library.DbLib
Replace Part R8 Resistor in C:\Users\Work\Desktop\Koncar\Altium\current-source\source\source.SchDoc with Resistor from Celestial Altium Library - altium_library.DbLib
Replace Part R9 Resistor in C:\Users\Work\Desktop\Koncar\Altium\current-source\source\source.SchDoc with Resistor from Celestial Altium Library - altium_library.DbLib
Replace Part R10 Resistor in C:\Users\Work\Desktop\Koncar\Altium\current-source\source\source.SchDoc with Resistor from Celestial Altium Library - altium_library.DbLib
Replace Part R11 Resistor in C:\Users\Work\Desktop\Koncar\Altium\current-source\source\source.SchDoc with Resistor from Celestial Altium Library - altium_library.DbLib
Replace Part R12 Resistor in C:\Users\Work\Desktop\Koncar\Altium\current-source\source\source.SchDoc with Resistor from Celestial Altium Library - altium_library.DbLib
Replace Part R13 Resistor in C:\Users\Work\Desktop\Koncar\Altium\current-source\source\source.SchDoc with Resistor from Celestial Altium Library - altium_library.DbLib
Replace Part R14 Resistor in C:\Users\Work\Desktop\Koncar\Altium\current-source\source\source.SchDoc with Resistor from Celestial Altium Library - altium_library.DbLib
Replace Part R15 Resistor in C:\Users\Work\Desktop\Koncar\Altium\current-source\source\source.SchDoc with Resistor from Celestial Altium Library - altium_library.DbLib
Replace Part R16 Resistor in C:\Users\Work\Desktop\Koncar\Altium\current-source\source\source.SchDoc with Resistor from Celestial Altium Library - altium_library.DbLib
Replace Part R17 Resistor in C:\Users\Work\Desktop\Koncar\Altium\current-source\source\source.SchDoc with Resistor from Celestial Altium Library - altium_library.DbLib
Replace Part R18 Resistor in C:\Users\Work\Desktop\Koncar\Altium\current-source\source\source.SchDoc with Resistor from Celestial Altium Library - altium_library.DbLib
Replace Part R19 Resistor in C:\Users\Work\Desktop\Koncar\Altium\current-source\source\source.SchDoc with Resistor from Celestial Altium Library - altium_library.DbLib
Replace Part U1 TLV9362 in C:\Users\Work\Desktop\Koncar\Altium\current-source\source\source.SchDoc with TLV9362 from za_koncar.SchLib
Replace Part U1 TLV9362 in C:\Users\Work\Desktop\Koncar\Altium\current-source\source\source.SchDoc with TLV9362 from za_koncar.SchLib
Replace Part U2 TLV9362 in C:\Users\Work\Desktop\Koncar\Altium\current-source\source\source.SchDoc with TLV9362 from za_koncar.SchLib
Replace Part U2 TLV9362 in C:\Users\Work\Desktop\Koncar\Altium\current-source\source\source.SchDoc with TLV9362 from za_koncar.SchLib
