Removed Pin From Net: NetName=Vref- Pin=R29-1
Removed Pin From Net: NetName=NetIC1_3 Pin=R29-2
Removed Pin From Net: NetName=Vref+ Pin=R30-1
Removed Pin From Net: NetName=NetIC2_3 Pin=R30-2
Change Footprint: Footprint Not Found RESC3116X65N
Change Footprint: Footprint Not Found RESC3116X65N
Change component parameters: Designator = "R29" ("R29"); Footprint = "RESC1608X46N"; UniqueID = "\ETFCETGK" ("\ETFCETGK")
Change component parameters (AddParameter): Name = "Arrow Part Number"; Value = "RT1206BRD07400RL"; VariantName = "[No Variations]"
Change component parameters (AddParameter): Name = "Arrow Price/Stock"; Value = "null?region=nac"; VariantName = "[No Variations]"
Change component parameters (AddParameter): Name = "Datasheet Link"; Value = "https://www.mouser.fr/datasheet/2/447/PYu_RT_1_to_0_01_RoHS_L_15-3461507.pdf"; VariantName = "[No Variations]"
Change component parameters (AddParameter): Name = "Height"; Value = "0.65mm"; VariantName = "[No Variations]"
Change component parameters (AddParameter): Name = "Manufacturer_Name"; Value = "YAGEO"; VariantName = "[No Variations]"
Change component parameters (AddParameter): Name = "Manufacturer_Part_Number"; Value = "RT1206BRD07400RL"; VariantName = "[No Variations]"
Change component parameters (AddParameter): Name = "Mouser Part Number"; Value = "603-RT1206BRD07400RL"; VariantName = "[No Variations]"
Change component parameters (AddParameter): Name = "Mouser Price/Stock"; Value = "https://www.mouser.co.uk/ProductDetail/YAGEO/RT1206BRD07400RL?qs=NgbZBzc1CyGp8d%2FABgImbQ%3D%3D"; VariantName = "[No Variations]"
Change component parameters: Designator = "R30" ("R30"); Footprint = "RESC1608X46N"; UniqueID = "\DSPVIAFW" ("\DSPVIAFW")
Change component parameters (AddParameter): Name = "Arrow Part Number"; Value = "RT1206BRD07400RL"; VariantName = "[No Variations]"
Change component parameters (AddParameter): Name = "Arrow Price/Stock"; Value = "null?region=nac"; VariantName = "[No Variations]"
Change component parameters (AddParameter): Name = "Datasheet Link"; Value = "https://www.mouser.fr/datasheet/2/447/PYu_RT_1_to_0_01_RoHS_L_15-3461507.pdf"; VariantName = "[No Variations]"
Change component parameters (AddParameter): Name = "Height"; Value = "0.65mm"; VariantName = "[No Variations]"
Change component parameters (AddParameter): Name = "Manufacturer_Name"; Value = "YAGEO"; VariantName = "[No Variations]"
Change component parameters (AddParameter): Name = "Manufacturer_Part_Number"; Value = "RT1206BRD07400RL"; VariantName = "[No Variations]"
Change component parameters (AddParameter): Name = "Mouser Part Number"; Value = "603-RT1206BRD07400RL"; VariantName = "[No Variations]"
Change component parameters (AddParameter): Name = "Mouser Price/Stock"; Value = "https://www.mouser.co.uk/ProductDetail/YAGEO/RT1206BRD07400RL?qs=NgbZBzc1CyGp8d%2FABgImbQ%3D%3D"; VariantName = "[No Variations]"
Added Pin To Net: NetName=NetIC1_3 Pin=R29-1
Added Pin To Net: NetName=Vref- Pin=R29-2
Added Pin To Net: NetName=NetIC2_3 Pin=R30-1
Added Pin To Net: NetName=Vref+ Pin=R30-2
Added Member To Class: ClassName=misc Member=Component R29 400
